TpTrace Verbose: 0 : 1920, 1, 2024/01/24, 14:05:15.119, 536864245571, vstest.console.dll, Version: 17.7.2-release-23423-01 Current process architecture: X64
TpTrace Verbose: 0 : 1920, 1, 2024/01/24, 14:05:15.121, 536864264399, vstest.console.dll, Runtime location: C:\Program Files\dotnet\shared\Microsoft.NETCore.App\7.0.13
TpTrace Verbose: 0 : 1920, 1, 2024/01/24, 14:05:15.124, 536864292723, vstest.console.dll, ArtifactProcessingPostProcessModeProcessorExecutor.Initialize: ArtifactProcessingMode.Collect
TpTrace Verbose: 0 : 1920, 1, 2024/01/24, 14:05:15.124, 536864294057, vstest.console.dll, TestSessionCorrelationIdProcessorModeProcessorExecutor.Initialize: TestSessionCorrelationId '11608_e7a69d64-b6bf-4451-96ef-df11bb113c99'
TpTrace Information: 0 : 1920, 1, 2024/01/24, 14:05:15.132, 536864375694, vstest.console.dll, FilePatternParser: The given file D:\NhatNam\4th\HK1\PTUDHTTT_HD\project\Code\backend\InsuranceManagement.UnitTests\bin\Debug\net7.0\fine-code-coverage\build-output\InsuranceManagement.UnitTests.dll is a full path.
TpTrace Verbose: 0 : 1920, 1, 2024/01/24, 14:05:15.138, 536864433893, vstest.console.dll, TestPluginCache.DiscoverTestExtensions: finding test extensions in assemblies ends with: RuntimeProvider.dll TPluginInfo: Microsoft.VisualStudio.TestPlatform.Common.ExtensionFramework.Utilities.TestRuntimePluginInformation TExtension: Microsoft.VisualStudio.TestPlatform.ObjectModel.Host.ITestRuntimeProvider
TpTrace Verbose: 0 : 1920, 1, 2024/01/24, 14:05:15.138, 536864437675, vstest.console.dll, TestPluginCache.GetExtensionPaths: Filtered extension paths: 
TpTrace Verbose: 0 : 1920, 1, 2024/01/24, 14:05:15.138, 536864438570, vstest.console.dll, TestPluginCache.GetExtensionPaths: Added default extension paths: C:\Program Files\dotnet\sdk\7.0.403\Extensions\Microsoft.Diagnostics.NETCore.Client.dll
C:\Program Files\dotnet\sdk\7.0.403\Extensions\Microsoft.TestPlatform.Extensions.BlameDataCollector.dll
C:\Program Files\dotnet\sdk\7.0.403\Extensions\Microsoft.TestPlatform.Extensions.EventLogCollector.dll
C:\Program Files\dotnet\sdk\7.0.403\Extensions\Microsoft.TestPlatform.TestHostRuntimeProvider.dll
C:\Program Files\dotnet\sdk\7.0.403\Extensions\Microsoft.VisualStudio.TestPlatform.Extensions.Html.TestLogger.dll
C:\Program Files\dotnet\sdk\7.0.403\Extensions\Microsoft.VisualStudio.TestPlatform.Extensions.Trx.TestLogger.dll
TpTrace Verbose: 0 : 1920, 1, 2024/01/24, 14:05:15.138, 536864438969, vstest.console.dll, TestPluginCache.GetExtensionPaths: Added unfilterableExtensionPaths: 
TpTrace Information: 0 : 1920, 1, 2024/01/24, 14:05:15.139, 536864444925, vstest.console.dll, AssemblyResolver.ctor: Creating AssemblyResolver with searchDirectories C:\Program Files\dotnet\sdk\7.0.403\Extensions,C:\Program Files\dotnet\sdk\7.0.403
TpTrace Verbose: 0 : 1920, 1, 2024/01/24, 14:05:15.140, 536864455591, vstest.console.dll, TestPluginCache.DiscoverTestExtensions: Discovering the extensions using extension path.
TpTrace Verbose: 0 : 1920, 1, 2024/01/24, 14:05:15.140, 536864456814, vstest.console.dll, TestPluginCache.GetExtensionPaths: Filtered extension paths: 
TpTrace Verbose: 0 : 1920, 1, 2024/01/24, 14:05:15.140, 536864457200, vstest.console.dll, TestPluginCache.GetExtensionPaths: Added default extension paths: C:\Program Files\dotnet\sdk\7.0.403\Extensions\Microsoft.Diagnostics.NETCore.Client.dll
C:\Program Files\dotnet\sdk\7.0.403\Extensions\Microsoft.TestPlatform.Extensions.BlameDataCollector.dll
C:\Program Files\dotnet\sdk\7.0.403\Extensions\Microsoft.TestPlatform.Extensions.EventLogCollector.dll
C:\Program Files\dotnet\sdk\7.0.403\Extensions\Microsoft.TestPlatform.TestHostRuntimeProvider.dll
C:\Program Files\dotnet\sdk\7.0.403\Extensions\Microsoft.VisualStudio.TestPlatform.Extensions.Html.TestLogger.dll
C:\Program Files\dotnet\sdk\7.0.403\Extensions\Microsoft.VisualStudio.TestPlatform.Extensions.Trx.TestLogger.dll
TpTrace Verbose: 0 : 1920, 1, 2024/01/24, 14:05:15.140, 536864457467, vstest.console.dll, TestPluginCache.GetExtensionPaths: Added unfilterableExtensionPaths: 
TpTrace Verbose: 0 : 1920, 1, 2024/01/24, 14:05:15.140, 536864458314, vstest.console.dll, TestPluginCache.DiscoverTestExtensions: Discovering the extensions using allExtensionPaths: C:\Program Files\dotnet\sdk\7.0.403\Extensions\Microsoft.Diagnostics.NETCore.Client.dll
C:\Program Files\dotnet\sdk\7.0.403\Extensions\Microsoft.TestPlatform.Extensions.BlameDataCollector.dll
C:\Program Files\dotnet\sdk\7.0.403\Extensions\Microsoft.TestPlatform.Extensions.EventLogCollector.dll
C:\Program Files\dotnet\sdk\7.0.403\Extensions\Microsoft.TestPlatform.TestHostRuntimeProvider.dll
C:\Program Files\dotnet\sdk\7.0.403\Extensions\Microsoft.VisualStudio.TestPlatform.Extensions.Html.TestLogger.dll
C:\Program Files\dotnet\sdk\7.0.403\Extensions\Microsoft.VisualStudio.TestPlatform.Extensions.Trx.TestLogger.dll
TpTrace Information: 0 : 1920, 1, 2024/01/24, 14:05:15.141, 536864460365, vstest.console.dll, AssemblyResolver.AddSearchDirectories: Adding more searchDirectories C:\Program Files\dotnet\sdk\7.0.403\Extensions,C:\Program Files\dotnet\sdk\7.0.403
TpTrace Information: 0 : 1920, 1, 2024/01/24, 14:05:15.141, 536864461046, vstest.console.dll, AssemblyResolver.AddSearchDirectories: Adding more searchDirectories C:\Program Files\dotnet\sdk\7.0.403\Extensions,C:\Program Files\dotnet\sdk\7.0.403
TpTrace Information: 0 : 1920, 1, 2024/01/24, 14:05:15.141, 536864461532, vstest.console.dll, AssemblyResolver.AddSearchDirectories: Adding more searchDirectories C:\Program Files\dotnet\sdk\7.0.403\Extensions,C:\Program Files\dotnet\sdk\7.0.403
TpTrace Information: 0 : 1920, 1, 2024/01/24, 14:05:15.141, 536864461811, vstest.console.dll, AssemblyResolver.AddSearchDirectories: Adding more searchDirectories C:\Program Files\dotnet\sdk\7.0.403\Extensions,C:\Program Files\dotnet\sdk\7.0.403
TpTrace Information: 0 : 1920, 1, 2024/01/24, 14:05:15.141, 536864462153, vstest.console.dll, AssemblyResolver.AddSearchDirectories: Adding more searchDirectories C:\Program Files\dotnet\sdk\7.0.403\Extensions,C:\Program Files\dotnet\sdk\7.0.403
TpTrace Information: 0 : 1920, 1, 2024/01/24, 14:05:15.141, 536864462418, vstest.console.dll, AssemblyResolver.AddSearchDirectories: Adding more searchDirectories C:\Program Files\dotnet\sdk\7.0.403\Extensions,C:\Program Files\dotnet\sdk\7.0.403
TpTrace Information: 0 : 1920, 1, 2024/01/24, 14:05:15.141, 536864466536, vstest.console.dll, AssemblyResolver.OnResolve: Microsoft.Diagnostics.NETCore.Client: Resolving assembly.
TpTrace Information: 0 : 1920, 1, 2024/01/24, 14:05:15.141, 536864467290, vstest.console.dll, AssemblyResolver.OnResolve: Microsoft.Diagnostics.NETCore.Client: Searching in: 'C:\Program Files\dotnet\sdk\7.0.403\Extensions'.
TpTrace Information: 0 : 1920, 1, 2024/01/24, 14:05:15.148, 536864538566, vstest.console.dll, AssemblyResolver.OnResolve: Microsoft.Diagnostics.NETCore.Client: Loading assembly 'C:\Program Files\dotnet\sdk\7.0.403\Extensions\Microsoft.Diagnostics.NETCore.Client.dll'.
TpTrace Information: 0 : 1920, 1, 2024/01/24, 14:05:15.149, 536864545868, vstest.console.dll, AssemblyResolver.OnResolve: Resolved assembly: Microsoft.Diagnostics.NETCore.Client, from path: C:\Program Files\dotnet\sdk\7.0.403\Extensions\Microsoft.Diagnostics.NETCore.Client.dll
TpTrace Verbose: 0 : 1920, 1, 2024/01/24, 14:05:15.150, 536864557766, vstest.console.dll, MetadataReaderExtensionsHelper: Discovering extensions inside assembly 'Microsoft.Diagnostics.NETCore.Client, Version=0.2.8.21101, Culture=neutral, PublicKeyToken=31bf3856ad364e35' file path 'C:\Program Files\dotnet\sdk\7.0.403\Extensions\Microsoft.Diagnostics.NETCore.Client.dll'
TpTrace Information: 0 : 1920, 1, 2024/01/24, 14:05:15.154, 536864597006, vstest.console.dll, AssemblyResolver.OnResolve: Microsoft.Bcl.AsyncInterfaces: Resolving assembly.
TpTrace Information: 0 : 1920, 1, 2024/01/24, 14:05:15.154, 536864598035, vstest.console.dll, AssemblyResolver.OnResolve: Microsoft.Bcl.AsyncInterfaces: Searching in: 'C:\Program Files\dotnet\sdk\7.0.403\Extensions'.
TpTrace Information: 0 : 1920, 1, 2024/01/24, 14:05:15.154, 536864598700, vstest.console.dll, AssemblyResolver.OnResolve: Microsoft.Bcl.AsyncInterfaces: Assembly path does not exist: 'C:\Program Files\dotnet\sdk\7.0.403\Extensions\Microsoft.Bcl.AsyncInterfaces.dll', returning.
TpTrace Information: 0 : 1920, 1, 2024/01/24, 14:05:15.154, 536864599615, vstest.console.dll, AssemblyResolver.OnResolve: Microsoft.Bcl.AsyncInterfaces: Assembly path does not exist: 'C:\Program Files\dotnet\sdk\7.0.403\Extensions\Microsoft.Bcl.AsyncInterfaces.exe', returning.
TpTrace Information: 0 : 1920, 1, 2024/01/24, 14:05:15.155, 536864599919, vstest.console.dll, AssemblyResolver.OnResolve: Microsoft.Bcl.AsyncInterfaces: Searching in: 'C:\Program Files\dotnet\sdk\7.0.403'.
TpTrace Information: 0 : 1920, 1, 2024/01/24, 14:05:15.155, 536864600367, vstest.console.dll, AssemblyResolver.OnResolve: Microsoft.Bcl.AsyncInterfaces: Assembly path does not exist: 'C:\Program Files\dotnet\sdk\7.0.403\Microsoft.Bcl.AsyncInterfaces.dll', returning.
TpTrace Information: 0 : 1920, 1, 2024/01/24, 14:05:15.155, 536864600777, vstest.console.dll, AssemblyResolver.OnResolve: Microsoft.Bcl.AsyncInterfaces: Assembly path does not exist: 'C:\Program Files\dotnet\sdk\7.0.403\Microsoft.Bcl.AsyncInterfaces.exe', returning.
TpTrace Information: 0 : 1920, 1, 2024/01/24, 14:05:15.155, 536864601076, vstest.console.dll, AssemblyResolver.OnResolve: Microsoft.Bcl.AsyncInterfaces: Failed to load assembly.
TpTrace Verbose: 0 : 1920, 1, 2024/01/24, 14:05:15.155, 536864601391, vstest.console.dll, CurrentDomainAssemblyResolve: Resolving assembly 'Microsoft.Bcl.AsyncInterfaces'.
TpTrace Information: 0 : 1920, 1, 2024/01/24, 14:05:15.155, 536864602005, vstest.console.dll, AssemblyResolver.OnResolve: Microsoft.Bcl.AsyncInterfaces: Resolving assembly.
TpTrace Information: 0 : 1920, 1, 2024/01/24, 14:05:15.155, 536864602360, vstest.console.dll, AssemblyResolver.OnResolve: Microsoft.Bcl.AsyncInterfaces: Resolved from cache.
TpTrace Verbose: 0 : 1920, 1, 2024/01/24, 14:05:15.155, 536864602593, vstest.console.dll, CurrentDomainAssemblyResolve: Resolving assembly 'Microsoft.Bcl.AsyncInterfaces'.
TpTrace Verbose: 0 : 1920, 1, 2024/01/24, 14:05:15.155, 536864603020, vstest.console.dll, CurrentDomainAssemblyResolve: Failed to resolve assembly 'Microsoft.Bcl.AsyncInterfaces'.
TpTrace Verbose: 0 : 1920, 1, 2024/01/24, 14:05:15.156, 536864611953, vstest.console.dll, CurrentDomainAssemblyResolve: Failed to resolve assembly 'Microsoft.Bcl.AsyncInterfaces'.
TpTrace Warning: 0 : 1920, 1, 2024/01/24, 14:05:15.164, 536864697739, vstest.console.dll, TestPluginDiscoverer: Failed to get types from assembly 'Microsoft.Diagnostics.NETCore.Client, Version=0.2.8.21101, Culture=neutral, PublicKeyToken=31bf3856ad364e35'. Error: System.Reflection.ReflectionTypeLoadException: Unable to load one or more of the requested types.
Could not load file or assembly 'Microsoft.Bcl.AsyncInterfaces, Version=1.0.0.0, Culture=neutral, PublicKeyToken=cc7b13ffcd2ddd51'. The system cannot find the file specified.
   at System.Reflection.RuntimeModule.GetTypes(RuntimeModule module)
   at System.Reflection.Assembly.GetTypes()
   at Microsoft.VisualStudio.TestPlatform.Common.ExtensionFramework.TestPluginDiscoverer.GetTestExtensionsFromAssembly[TPluginInfo,TExtension](Assembly assembly, Dictionary`2 pluginInfos, String filePath) in /_/src/Microsoft.TestPlatform.Common/ExtensionFramework/TestPluginDiscoverer.cs:line 158
System.IO.FileNotFoundException: Could not load file or assembly 'Microsoft.Bcl.AsyncInterfaces, Version=1.0.0.0, Culture=neutral, PublicKeyToken=cc7b13ffcd2ddd51'. The system cannot find the file specified.
File name: 'Microsoft.Bcl.AsyncInterfaces, Version=1.0.0.0, Culture=neutral, PublicKeyToken=cc7b13ffcd2ddd51'
 ---> System.IO.FileNotFoundException: Could not load file or assembly 'Microsoft.Bcl.AsyncInterfaces, Culture=neutral, PublicKeyToken=null'. The system cannot find the file specified.
File name: 'Microsoft.Bcl.AsyncInterfaces, Culture=neutral, PublicKeyToken=null'
   at System.Reflection.RuntimeAssembly.InternalLoad(AssemblyName assemblyName, StackCrawlMark& stackMark, AssemblyLoadContext assemblyLoadContext, RuntimeAssembly requestingAssembly, Boolean throwOnFileNotFound)
   at System.Reflection.Assembly.Load(AssemblyName assemblyRef)
   at Microsoft.VisualStudio.TestPlatform.Common.ExtensionFramework.TestPluginCache.CurrentDomainAssemblyResolve(Object sender, AssemblyResolveEventArgs args) in /_/src/Microsoft.TestPlatform.Common/ExtensionFramework/TestPluginCache.cs:line 513
   at System.Runtime.Loader.AssemblyLoadContext.GetFirstResolvedAssemblyFromResolvingEvent(AssemblyName assemblyName)
   at System.Runtime.Loader.AssemblyLoadContext.ResolveUsingEvent(AssemblyName assemblyName)
   at System.Runtime.Loader.AssemblyLoadContext.ResolveUsingResolvingEvent(IntPtr gchManagedAssemblyLoadContext, AssemblyName assemblyName)
TpTrace Warning: 0 : 1920, 1, 2024/01/24, 14:05:15.165, 536864701104, vstest.console.dll, LoaderExceptions: System.IO.FileNotFoundException: Could not load file or assembly 'Microsoft.Bcl.AsyncInterfaces, Version=1.0.0.0, Culture=neutral, PublicKeyToken=cc7b13ffcd2ddd51'. The system cannot find the file specified.
File name: 'Microsoft.Bcl.AsyncInterfaces, Version=1.0.0.0, Culture=neutral, PublicKeyToken=cc7b13ffcd2ddd51'
 ---> System.IO.FileNotFoundException: Could not load file or assembly 'Microsoft.Bcl.AsyncInterfaces, Culture=neutral, PublicKeyToken=null'. The system cannot find the file specified.
File name: 'Microsoft.Bcl.AsyncInterfaces, Culture=neutral, PublicKeyToken=null'
   at System.Reflection.RuntimeAssembly.InternalLoad(AssemblyName assemblyName, StackCrawlMark& stackMark, AssemblyLoadContext assemblyLoadContext, RuntimeAssembly requestingAssembly, Boolean throwOnFileNotFound)
   at System.Reflection.Assembly.Load(AssemblyName assemblyRef)
   at Microsoft.VisualStudio.TestPlatform.Common.ExtensionFramework.TestPluginCache.CurrentDomainAssemblyResolve(Object sender, AssemblyResolveEventArgs args) in /_/src/Microsoft.TestPlatform.Common/ExtensionFramework/TestPluginCache.cs:line 513
   at System.Runtime.Loader.AssemblyLoadContext.GetFirstResolvedAssemblyFromResolvingEvent(AssemblyName assemblyName)
   at System.Runtime.Loader.AssemblyLoadContext.ResolveUsingEvent(AssemblyName assemblyName)
   at System.Runtime.Loader.AssemblyLoadContext.ResolveUsingResolvingEvent(IntPtr gchManagedAssemblyLoadContext, AssemblyName assemblyName)
TpTrace Information: 0 : 1920, 1, 2024/01/24, 14:05:15.165, 536864702496, vstest.console.dll, AssemblyResolver.OnResolve: Microsoft.TestPlatform.Extensions.BlameDataCollector: Resolving assembly.
TpTrace Information: 0 : 1920, 1, 2024/01/24, 14:05:15.165, 536864702867, vstest.console.dll, AssemblyResolver.OnResolve: Microsoft.TestPlatform.Extensions.BlameDataCollector: Searching in: 'C:\Program Files\dotnet\sdk\7.0.403\Extensions'.
TpTrace Information: 0 : 1920, 1, 2024/01/24, 14:05:15.165, 536864708105, vstest.console.dll, AssemblyResolver.OnResolve: Microsoft.TestPlatform.Extensions.BlameDataCollector: Loading assembly 'C:\Program Files\dotnet\sdk\7.0.403\Extensions\Microsoft.TestPlatform.Extensions.BlameDataCollector.dll'.
TpTrace Information: 0 : 1920, 1, 2024/01/24, 14:05:15.166, 536864712711, vstest.console.dll, AssemblyResolver.OnResolve: Resolved assembly: Microsoft.TestPlatform.Extensions.BlameDataCollector, from path: C:\Program Files\dotnet\sdk\7.0.403\Extensions\Microsoft.TestPlatform.Extensions.BlameDataCollector.dll
TpTrace Verbose: 0 : 1920, 1, 2024/01/24, 14:05:15.166, 536864713369, vstest.console.dll, MetadataReaderExtensionsHelper: Discovering extensions inside assembly 'Microsoft.TestPlatform.Extensions.BlameDataCollector, Version=15.0.0.0, Culture=neutral, PublicKeyToken=b03f5f7f11d50a3a' file path 'C:\Program Files\dotnet\sdk\7.0.403\Extensions\Microsoft.TestPlatform.Extensions.BlameDataCollector.dll'
TpTrace Information: 0 : 1920, 1, 2024/01/24, 14:05:15.167, 536864726124, vstest.console.dll, AssemblyResolver.OnResolve: Microsoft.TestPlatform.Extensions.EventLogCollector: Resolving assembly.
TpTrace Information: 0 : 1920, 1, 2024/01/24, 14:05:15.167, 536864726651, vstest.console.dll, AssemblyResolver.OnResolve: Microsoft.TestPlatform.Extensions.EventLogCollector: Searching in: 'C:\Program Files\dotnet\sdk\7.0.403\Extensions'.
TpTrace Information: 0 : 1920, 1, 2024/01/24, 14:05:15.168, 536864730265, vstest.console.dll, AssemblyResolver.OnResolve: Microsoft.TestPlatform.Extensions.EventLogCollector: Loading assembly 'C:\Program Files\dotnet\sdk\7.0.403\Extensions\Microsoft.TestPlatform.Extensions.EventLogCollector.dll'.
TpTrace Information: 0 : 1920, 1, 2024/01/24, 14:05:15.168, 536864734031, vstest.console.dll, AssemblyResolver.OnResolve: Resolved assembly: Microsoft.TestPlatform.Extensions.EventLogCollector, from path: C:\Program Files\dotnet\sdk\7.0.403\Extensions\Microsoft.TestPlatform.Extensions.EventLogCollector.dll
TpTrace Verbose: 0 : 1920, 1, 2024/01/24, 14:05:15.168, 536864734571, vstest.console.dll, MetadataReaderExtensionsHelper: Discovering extensions inside assembly 'Microsoft.TestPlatform.Extensions.EventLogCollector, Version=15.0.0.0, Culture=neutral, PublicKeyToken=b03f5f7f11d50a3a' file path 'C:\Program Files\dotnet\sdk\7.0.403\Extensions\Microsoft.TestPlatform.Extensions.EventLogCollector.dll'
TpTrace Information: 0 : 1920, 1, 2024/01/24, 14:05:15.170, 536864753612, vstest.console.dll, AssemblyResolver.OnResolve: Microsoft.TestPlatform.TestHostRuntimeProvider: Resolving assembly.
TpTrace Information: 0 : 1920, 1, 2024/01/24, 14:05:15.170, 536864754205, vstest.console.dll, AssemblyResolver.OnResolve: Microsoft.TestPlatform.TestHostRuntimeProvider: Searching in: 'C:\Program Files\dotnet\sdk\7.0.403\Extensions'.
TpTrace Information: 0 : 1920, 1, 2024/01/24, 14:05:15.170, 536864757742, vstest.console.dll, AssemblyResolver.OnResolve: Microsoft.TestPlatform.TestHostRuntimeProvider: Loading assembly 'C:\Program Files\dotnet\sdk\7.0.403\Extensions\Microsoft.TestPlatform.TestHostRuntimeProvider.dll'.
TpTrace Information: 0 : 1920, 1, 2024/01/24, 14:05:15.171, 536864761803, vstest.console.dll, AssemblyResolver.OnResolve: Resolved assembly: Microsoft.TestPlatform.TestHostRuntimeProvider, from path: C:\Program Files\dotnet\sdk\7.0.403\Extensions\Microsoft.TestPlatform.TestHostRuntimeProvider.dll
TpTrace Verbose: 0 : 1920, 1, 2024/01/24, 14:05:15.171, 536864762289, vstest.console.dll, MetadataReaderExtensionsHelper: Discovering extensions inside assembly 'Microsoft.TestPlatform.TestHostRuntimeProvider, Version=15.0.0.0, Culture=neutral, PublicKeyToken=b03f5f7f11d50a3a' file path 'C:\Program Files\dotnet\sdk\7.0.403\Extensions\Microsoft.TestPlatform.TestHostRuntimeProvider.dll'
TpTrace Information: 0 : 1920, 1, 2024/01/24, 14:05:15.172, 536864777971, vstest.console.dll, GetTestExtensionFromType: Register extension with identifier data 'HostProvider://DefaultTestHost' and type 'Microsoft.VisualStudio.TestPlatform.CrossPlatEngine.Hosting.DefaultTestHostManager, Microsoft.TestPlatform.TestHostRuntimeProvider, Version=15.0.0.0, Culture=neutral, PublicKeyToken=b03f5f7f11d50a3a' inside file 'C:\Program Files\dotnet\sdk\7.0.403\Extensions\Microsoft.TestPlatform.TestHostRuntimeProvider.dll'
TpTrace Information: 0 : 1920, 1, 2024/01/24, 14:05:15.173, 536864779831, vstest.console.dll, GetTestExtensionFromType: Register extension with identifier data 'HostProvider://DotnetTestHost' and type 'Microsoft.VisualStudio.TestPlatform.CrossPlatEngine.Hosting.DotnetTestHostManager, Microsoft.TestPlatform.TestHostRuntimeProvider, Version=15.0.0.0, Culture=neutral, PublicKeyToken=b03f5f7f11d50a3a' inside file 'C:\Program Files\dotnet\sdk\7.0.403\Extensions\Microsoft.TestPlatform.TestHostRuntimeProvider.dll'
TpTrace Information: 0 : 1920, 1, 2024/01/24, 14:05:15.173, 536864780508, vstest.console.dll, AssemblyResolver.OnResolve: Microsoft.VisualStudio.TestPlatform.Extensions.Html.TestLogger: Resolving assembly.
TpTrace Information: 0 : 1920, 1, 2024/01/24, 14:05:15.173, 536864780844, vstest.console.dll, AssemblyResolver.OnResolve: Microsoft.VisualStudio.TestPlatform.Extensions.Html.TestLogger: Searching in: 'C:\Program Files\dotnet\sdk\7.0.403\Extensions'.
TpTrace Information: 0 : 1920, 1, 2024/01/24, 14:05:15.173, 536864784864, vstest.console.dll, AssemblyResolver.OnResolve: Microsoft.VisualStudio.TestPlatform.Extensions.Html.TestLogger: Loading assembly 'C:\Program Files\dotnet\sdk\7.0.403\Extensions\Microsoft.VisualStudio.TestPlatform.Extensions.Html.TestLogger.dll'.
TpTrace Information: 0 : 1920, 1, 2024/01/24, 14:05:15.173, 536864789381, vstest.console.dll, AssemblyResolver.OnResolve: Resolved assembly: Microsoft.VisualStudio.TestPlatform.Extensions.Html.TestLogger, from path: C:\Program Files\dotnet\sdk\7.0.403\Extensions\Microsoft.VisualStudio.TestPlatform.Extensions.Html.TestLogger.dll
TpTrace Verbose: 0 : 1920, 1, 2024/01/24, 14:05:15.174, 536864790066, vstest.console.dll, MetadataReaderExtensionsHelper: Discovering extensions inside assembly 'Microsoft.VisualStudio.TestPlatform.Extensions.Html.TestLogger, Version=15.0.0.0, Culture=neutral, PublicKeyToken=b03f5f7f11d50a3a' file path 'C:\Program Files\dotnet\sdk\7.0.403\Extensions\Microsoft.VisualStudio.TestPlatform.Extensions.Html.TestLogger.dll'
TpTrace Information: 0 : 1920, 1, 2024/01/24, 14:05:15.174, 536864798519, vstest.console.dll, AssemblyResolver.OnResolve: Microsoft.VisualStudio.TestPlatform.Extensions.Trx.TestLogger: Resolving assembly.
TpTrace Information: 0 : 1920, 1, 2024/01/24, 14:05:15.174, 536864799003, vstest.console.dll, AssemblyResolver.OnResolve: Microsoft.VisualStudio.TestPlatform.Extensions.Trx.TestLogger: Searching in: 'C:\Program Files\dotnet\sdk\7.0.403\Extensions'.
TpTrace Information: 0 : 1920, 1, 2024/01/24, 14:05:15.175, 536864802707, vstest.console.dll, AssemblyResolver.OnResolve: Microsoft.VisualStudio.TestPlatform.Extensions.Trx.TestLogger: Loading assembly 'C:\Program Files\dotnet\sdk\7.0.403\Extensions\Microsoft.VisualStudio.TestPlatform.Extensions.Trx.TestLogger.dll'.
TpTrace Information: 0 : 1920, 1, 2024/01/24, 14:05:15.175, 536864808733, vstest.console.dll, AssemblyResolver.OnResolve: Resolved assembly: Microsoft.VisualStudio.TestPlatform.Extensions.Trx.TestLogger, from path: C:\Program Files\dotnet\sdk\7.0.403\Extensions\Microsoft.VisualStudio.TestPlatform.Extensions.Trx.TestLogger.dll
TpTrace Verbose: 0 : 1920, 1, 2024/01/24, 14:05:15.175, 536864809336, vstest.console.dll, MetadataReaderExtensionsHelper: Discovering extensions inside assembly 'Microsoft.VisualStudio.TestPlatform.Extensions.Trx.TestLogger, Version=15.0.0.0, Culture=neutral, PublicKeyToken=b03f5f7f11d50a3a' file path 'C:\Program Files\dotnet\sdk\7.0.403\Extensions\Microsoft.VisualStudio.TestPlatform.Extensions.Trx.TestLogger.dll'
TpTrace Verbose: 0 : 1920, 1, 2024/01/24, 14:05:15.177, 536864820415, vstest.console.dll, TestPluginCache: Discovered the extensions using extension path ''.
TpTrace Verbose: 0 : 1920, 1, 2024/01/24, 14:05:15.177, 536864820907, vstest.console.dll, TestPluginCache: Discoverers are ''.
TpTrace Verbose: 0 : 1920, 1, 2024/01/24, 14:05:15.177, 536864821120, vstest.console.dll, TestPluginCache: Executors are ''.
TpTrace Verbose: 0 : 1920, 1, 2024/01/24, 14:05:15.177, 536864821337, vstest.console.dll, TestPluginCache: Executors2 are ''.
TpTrace Verbose: 0 : 1920, 1, 2024/01/24, 14:05:15.177, 536864821518, vstest.console.dll, TestPluginCache: Setting providers are ''.
TpTrace Verbose: 0 : 1920, 1, 2024/01/24, 14:05:15.177, 536864821689, vstest.console.dll, TestPluginCache: Loggers are ''.
TpTrace Verbose: 0 : 1920, 1, 2024/01/24, 14:05:15.177, 536864822588, vstest.console.dll, TestPluginCache: TestHosts are 'HostProvider://DefaultTestHost,HostProvider://DotnetTestHost'.
TpTrace Verbose: 0 : 1920, 1, 2024/01/24, 14:05:15.177, 536864822865, vstest.console.dll, TestPluginCache: DataCollectors are ''.
TpTrace Information: 0 : 1920, 1, 2024/01/24, 14:05:15.186, 536864913633, vstest.console.dll, RunTestsArgumentProcessor:Execute: Test run is starting.
TpTrace Verbose: 0 : 1920, 1, 2024/01/24, 14:05:15.186, 536864914551, vstest.console.dll, RunTestsArgumentProcessor:Execute: Queuing Test run.
TpTrace Information: 0 : 1920, 1, 2024/01/24, 14:05:15.186, 536864917282, vstest.console.dll, TestRequestManager.RunTests: run tests started.
TpTrace Information: 0 : 1920, 1, 2024/01/24, 14:05:15.188, 536864931391, vstest.console.dll, AssemblyMetadataProvider.GetFrameworkName: Determined framework:'.NETCoreApp,Version=v7.0' for source: 'D:\NhatNam\4th\HK1\PTUDHTTT_HD\project\Code\backend\InsuranceManagement.UnitTests\bin\Debug\net7.0\fine-code-coverage\build-output\InsuranceManagement.UnitTests.dll'
TpTrace Information: 0 : 1920, 1, 2024/01/24, 14:05:15.188, 536864933112, vstest.console.dll, Determined framework for all sources: .NETCoreApp,Version=v7.0
TpTrace Verbose: 0 : 1920, 1, 2024/01/24, 14:05:15.188, 536864937379, vstest.console.dll, TestRequestManager.UpdateRunSettingsIfRequired: Default architecture: X64 IsDefaultTargetArchitecture: True, Current process architecture: X64 OperatingSystem: Windows.
TpTrace Information: 0 : 1920, 1, 2024/01/24, 14:05:15.190, 536864953257, vstest.console.dll, AssemblyMetadataProvider.GetArchitecture: Determined architecture:AnyCPU info for assembly: D:\NhatNam\4th\HK1\PTUDHTTT_HD\project\Code\backend\InsuranceManagement.UnitTests\bin\Debug\net7.0\fine-code-coverage\build-output\InsuranceManagement.UnitTests.dll
TpTrace Information: 0 : 1920, 1, 2024/01/24, 14:05:15.190, 536864953856, vstest.console.dll, Determined platform for source 'D:\NhatNam\4th\HK1\PTUDHTTT_HD\project\Code\backend\InsuranceManagement.UnitTests\bin\Debug\net7.0\fine-code-coverage\build-output\InsuranceManagement.UnitTests.dll' was AnyCPU and it will use the default plaform X64.
TpTrace Information: 0 : 1920, 1, 2024/01/24, 14:05:15.190, 536864954097, vstest.console.dll, None of the sources provided any runnable platform, using the default platform: X64
TpTrace Information: 0 : 1920, 1, 2024/01/24, 14:05:15.190, 536864954850, vstest.console.dll, Platform was updated to 'X64'.
TpTrace Information: 0 : 1920, 1, 2024/01/24, 14:05:15.193, 536864983876, vstest.console.dll, InferRunSettingsHelper.IsTestSettingsEnabled: Unable to navigate to RunSettings/MSTest. Current node: RunSettings
TpTrace Information: 0 : 1920, 1, 2024/01/24, 14:05:15.193, 536864989671, vstest.console.dll, AssemblyResolver.OnResolve: Microsoft.VisualStudio.TestPlatform.Fakes: Resolving assembly.
TpTrace Information: 0 : 1920, 1, 2024/01/24, 14:05:15.194, 536864990157, vstest.console.dll, AssemblyResolver.OnResolve: Microsoft.VisualStudio.TestPlatform.Fakes: Searching in: 'C:\Program Files\dotnet\sdk\7.0.403\Extensions'.
TpTrace Information: 0 : 1920, 1, 2024/01/24, 14:05:15.194, 536864990824, vstest.console.dll, AssemblyResolver.OnResolve: Microsoft.VisualStudio.TestPlatform.Fakes: Assembly path does not exist: 'C:\Program Files\dotnet\sdk\7.0.403\Extensions\Microsoft.VisualStudio.TestPlatform.Fakes.dll', returning.
TpTrace Information: 0 : 1920, 1, 2024/01/24, 14:05:15.194, 536864991305, vstest.console.dll, AssemblyResolver.OnResolve: Microsoft.VisualStudio.TestPlatform.Fakes: Assembly path does not exist: 'C:\Program Files\dotnet\sdk\7.0.403\Extensions\Microsoft.VisualStudio.TestPlatform.Fakes.exe', returning.
TpTrace Information: 0 : 1920, 1, 2024/01/24, 14:05:15.194, 536864991561, vstest.console.dll, AssemblyResolver.OnResolve: Microsoft.VisualStudio.TestPlatform.Fakes: Searching in: 'C:\Program Files\dotnet\sdk\7.0.403'.
TpTrace Information: 0 : 1920, 1, 2024/01/24, 14:05:15.194, 536864991973, vstest.console.dll, AssemblyResolver.OnResolve: Microsoft.VisualStudio.TestPlatform.Fakes: Assembly path does not exist: 'C:\Program Files\dotnet\sdk\7.0.403\Microsoft.VisualStudio.TestPlatform.Fakes.dll', returning.
TpTrace Information: 0 : 1920, 1, 2024/01/24, 14:05:15.194, 536864992391, vstest.console.dll, AssemblyResolver.OnResolve: Microsoft.VisualStudio.TestPlatform.Fakes: Assembly path does not exist: 'C:\Program Files\dotnet\sdk\7.0.403\Microsoft.VisualStudio.TestPlatform.Fakes.exe', returning.
TpTrace Information: 0 : 1920, 1, 2024/01/24, 14:05:15.194, 536864992821, vstest.console.dll, AssemblyResolver.OnResolve: Microsoft.VisualStudio.TestPlatform.Fakes: Failed to load assembly.
TpTrace Information: 0 : 1920, 1, 2024/01/24, 14:05:15.194, 536864994888, vstest.console.dll, Failed to load assembly Microsoft.VisualStudio.TestPlatform.Fakes, Version=17.0.0.0, Culture=neutral. Reason:System.IO.FileNotFoundException: Could not load file or assembly 'Microsoft.VisualStudio.TestPlatform.Fakes, Version=17.0.0.0, Culture=neutral, PublicKeyToken=null'. The system cannot find the file specified.
File name: 'Microsoft.VisualStudio.TestPlatform.Fakes, Version=17.0.0.0, Culture=neutral, PublicKeyToken=null'
   at System.Reflection.RuntimeAssembly.InternalLoad(AssemblyName assemblyName, StackCrawlMark& stackMark, AssemblyLoadContext assemblyLoadContext, RuntimeAssembly requestingAssembly, Boolean throwOnFileNotFound)
   at System.Reflection.Assembly.Load(AssemblyName assemblyRef)
   at Microsoft.VisualStudio.TestPlatform.Common.Utilities.FakesUtilities.LoadTestPlatformAssembly() in /_/src/Microsoft.TestPlatform.Common/Utilities/FakesUtilities.cs:line 272
TpTrace Verbose: 0 : 1920, 1, 2024/01/24, 14:05:15.197, 536865025740, vstest.console.dll, TestPluginCache.DiscoverTestExtensions: finding test extensions in assemblies ends with: TestLogger.dll TPluginInfo: Microsoft.VisualStudio.TestPlatform.Common.ExtensionFramework.Utilities.TestLoggerPluginInformation TExtension: Microsoft.VisualStudio.TestPlatform.ObjectModel.Client.ITestLogger
TpTrace Verbose: 0 : 1920, 1, 2024/01/24, 14:05:15.197, 536865026520, vstest.console.dll, TestPluginCache.GetExtensionPaths: Filtered extension paths: 
TpTrace Verbose: 0 : 1920, 1, 2024/01/24, 14:05:15.197, 536865026838, vstest.console.dll, TestPluginCache.GetExtensionPaths: Added default extension paths: C:\Program Files\dotnet\sdk\7.0.403\Extensions\Microsoft.Diagnostics.NETCore.Client.dll
C:\Program Files\dotnet\sdk\7.0.403\Extensions\Microsoft.TestPlatform.Extensions.BlameDataCollector.dll
C:\Program Files\dotnet\sdk\7.0.403\Extensions\Microsoft.TestPlatform.Extensions.EventLogCollector.dll
C:\Program Files\dotnet\sdk\7.0.403\Extensions\Microsoft.TestPlatform.TestHostRuntimeProvider.dll
C:\Program Files\dotnet\sdk\7.0.403\Extensions\Microsoft.VisualStudio.TestPlatform.Extensions.Html.TestLogger.dll
C:\Program Files\dotnet\sdk\7.0.403\Extensions\Microsoft.VisualStudio.TestPlatform.Extensions.Trx.TestLogger.dll
TpTrace Verbose: 0 : 1920, 1, 2024/01/24, 14:05:15.197, 536865027156, vstest.console.dll, TestPluginCache.GetExtensionPaths: Added unfilterableExtensionPaths: 
TpTrace Information: 0 : 1920, 1, 2024/01/24, 14:05:15.197, 536865028223, vstest.console.dll, AssemblyResolver.AddSearchDirectories: Adding more searchDirectories C:\Program Files\dotnet\sdk\7.0.403\Extensions,C:\Program Files\dotnet\sdk\7.0.403
TpTrace Verbose: 0 : 1920, 1, 2024/01/24, 14:05:15.197, 536865028627, vstest.console.dll, TestPluginCache.DiscoverTestExtensions: Discovering the extensions using extension path.
TpTrace Verbose: 0 : 1920, 1, 2024/01/24, 14:05:15.197, 536865028966, vstest.console.dll, TestPluginCache.GetExtensionPaths: Filtered extension paths: 
TpTrace Verbose: 0 : 1920, 1, 2024/01/24, 14:05:15.197, 536865029227, vstest.console.dll, TestPluginCache.GetExtensionPaths: Added default extension paths: C:\Program Files\dotnet\sdk\7.0.403\Extensions\Microsoft.Diagnostics.NETCore.Client.dll
C:\Program Files\dotnet\sdk\7.0.403\Extensions\Microsoft.TestPlatform.Extensions.BlameDataCollector.dll
C:\Program Files\dotnet\sdk\7.0.403\Extensions\Microsoft.TestPlatform.Extensions.EventLogCollector.dll
C:\Program Files\dotnet\sdk\7.0.403\Extensions\Microsoft.TestPlatform.TestHostRuntimeProvider.dll
C:\Program Files\dotnet\sdk\7.0.403\Extensions\Microsoft.VisualStudio.TestPlatform.Extensions.Html.TestLogger.dll
C:\Program Files\dotnet\sdk\7.0.403\Extensions\Microsoft.VisualStudio.TestPlatform.Extensions.Trx.TestLogger.dll
TpTrace Verbose: 0 : 1920, 1, 2024/01/24, 14:05:15.197, 536865029509, vstest.console.dll, TestPluginCache.GetExtensionPaths: Added unfilterableExtensionPaths: 
TpTrace Verbose: 0 : 1920, 1, 2024/01/24, 14:05:15.197, 536865029765, vstest.console.dll, TestPluginCache.DiscoverTestExtensions: Discovering the extensions using allExtensionPaths: C:\Program Files\dotnet\sdk\7.0.403\Extensions\Microsoft.Diagnostics.NETCore.Client.dll
C:\Program Files\dotnet\sdk\7.0.403\Extensions\Microsoft.TestPlatform.Extensions.BlameDataCollector.dll
C:\Program Files\dotnet\sdk\7.0.403\Extensions\Microsoft.TestPlatform.Extensions.EventLogCollector.dll
C:\Program Files\dotnet\sdk\7.0.403\Extensions\Microsoft.TestPlatform.TestHostRuntimeProvider.dll
C:\Program Files\dotnet\sdk\7.0.403\Extensions\Microsoft.VisualStudio.TestPlatform.Extensions.Html.TestLogger.dll
C:\Program Files\dotnet\sdk\7.0.403\Extensions\Microsoft.VisualStudio.TestPlatform.Extensions.Trx.TestLogger.dll
TpTrace Information: 0 : 1920, 1, 2024/01/24, 14:05:15.198, 536865030555, vstest.console.dll, AssemblyResolver.AddSearchDirectories: Adding more searchDirectories C:\Program Files\dotnet\sdk\7.0.403\Extensions,C:\Program Files\dotnet\sdk\7.0.403
TpTrace Information: 0 : 1920, 1, 2024/01/24, 14:05:15.198, 536865030904, vstest.console.dll, AssemblyResolver.AddSearchDirectories: Adding more searchDirectories C:\Program Files\dotnet\sdk\7.0.403\Extensions,C:\Program Files\dotnet\sdk\7.0.403
TpTrace Information: 0 : 1920, 1, 2024/01/24, 14:05:15.198, 536865031170, vstest.console.dll, AssemblyResolver.AddSearchDirectories: Adding more searchDirectories C:\Program Files\dotnet\sdk\7.0.403\Extensions,C:\Program Files\dotnet\sdk\7.0.403
TpTrace Information: 0 : 1920, 1, 2024/01/24, 14:05:15.198, 536865031429, vstest.console.dll, AssemblyResolver.AddSearchDirectories: Adding more searchDirectories C:\Program Files\dotnet\sdk\7.0.403\Extensions,C:\Program Files\dotnet\sdk\7.0.403
TpTrace Information: 0 : 1920, 1, 2024/01/24, 14:05:15.198, 536865031726, vstest.console.dll, AssemblyResolver.AddSearchDirectories: Adding more searchDirectories C:\Program Files\dotnet\sdk\7.0.403\Extensions,C:\Program Files\dotnet\sdk\7.0.403
TpTrace Information: 0 : 1920, 1, 2024/01/24, 14:05:15.198, 536865031978, vstest.console.dll, AssemblyResolver.AddSearchDirectories: Adding more searchDirectories C:\Program Files\dotnet\sdk\7.0.403\Extensions,C:\Program Files\dotnet\sdk\7.0.403
TpTrace Verbose: 0 : 1920, 1, 2024/01/24, 14:05:15.198, 536865032965, vstest.console.dll, MetadataReaderExtensionsHelper: Discovering extensions inside assembly 'Microsoft.Diagnostics.NETCore.Client, Version=0.2.8.21101, Culture=neutral, PublicKeyToken=31bf3856ad364e35' file path 'C:\Program Files\dotnet\sdk\7.0.403\Extensions\Microsoft.Diagnostics.NETCore.Client.dll'
TpTrace Information: 0 : 1920, 1, 2024/01/24, 14:05:15.199, 536865043830, vstest.console.dll, AssemblyResolver.OnResolve: Microsoft.Bcl.AsyncInterfaces: Resolving assembly.
TpTrace Information: 0 : 1920, 1, 2024/01/24, 14:05:15.199, 536865044451, vstest.console.dll, AssemblyResolver.OnResolve: Microsoft.Bcl.AsyncInterfaces: Resolved from cache.
TpTrace Verbose: 0 : 1920, 1, 2024/01/24, 14:05:15.199, 536865044738, vstest.console.dll, CurrentDomainAssemblyResolve: Resolving assembly 'Microsoft.Bcl.AsyncInterfaces'.
TpTrace Information: 0 : 1920, 1, 2024/01/24, 14:05:15.199, 536865045299, vstest.console.dll, AssemblyResolver.OnResolve: Microsoft.Bcl.AsyncInterfaces: Resolving assembly.
TpTrace Information: 0 : 1920, 1, 2024/01/24, 14:05:15.199, 536865045617, vstest.console.dll, AssemblyResolver.OnResolve: Microsoft.Bcl.AsyncInterfaces: Resolved from cache.
TpTrace Verbose: 0 : 1920, 1, 2024/01/24, 14:05:15.199, 536865045869, vstest.console.dll, CurrentDomainAssemblyResolve: Resolving assembly 'Microsoft.Bcl.AsyncInterfaces'.
TpTrace Verbose: 0 : 1920, 1, 2024/01/24, 14:05:15.199, 536865046097, vstest.console.dll, CurrentDomainAssemblyResolve: Failed to resolve assembly 'Microsoft.Bcl.AsyncInterfaces'.
TpTrace Verbose: 0 : 1920, 1, 2024/01/24, 14:05:15.199, 536865047693, vstest.console.dll, CurrentDomainAssemblyResolve: Failed to resolve assembly 'Microsoft.Bcl.AsyncInterfaces'.
TpTrace Warning: 0 : 1920, 1, 2024/01/24, 14:05:15.200, 536865051330, vstest.console.dll, TestPluginDiscoverer: Failed to get types from assembly 'Microsoft.Diagnostics.NETCore.Client, Version=0.2.8.21101, Culture=neutral, PublicKeyToken=31bf3856ad364e35'. Error: System.Reflection.ReflectionTypeLoadException: Unable to load one or more of the requested types.
Could not load file or assembly 'Microsoft.Bcl.AsyncInterfaces, Version=1.0.0.0, Culture=neutral, PublicKeyToken=cc7b13ffcd2ddd51'. The system cannot find the file specified.
   at System.Reflection.RuntimeModule.GetTypes(RuntimeModule module)
   at System.Reflection.Assembly.GetTypes()
   at Microsoft.VisualStudio.TestPlatform.Common.ExtensionFramework.TestPluginDiscoverer.GetTestExtensionsFromAssembly[TPluginInfo,TExtension](Assembly assembly, Dictionary`2 pluginInfos, String filePath) in /_/src/Microsoft.TestPlatform.Common/ExtensionFramework/TestPluginDiscoverer.cs:line 158
System.IO.FileNotFoundException: Could not load file or assembly 'Microsoft.Bcl.AsyncInterfaces, Version=1.0.0.0, Culture=neutral, PublicKeyToken=cc7b13ffcd2ddd51'. The system cannot find the file specified.
File name: 'Microsoft.Bcl.AsyncInterfaces, Version=1.0.0.0, Culture=neutral, PublicKeyToken=cc7b13ffcd2ddd51'
 ---> System.IO.FileNotFoundException: Could not load file or assembly 'Microsoft.Bcl.AsyncInterfaces, Culture=neutral, PublicKeyToken=null'. The system cannot find the file specified.
File name: 'Microsoft.Bcl.AsyncInterfaces, Culture=neutral, PublicKeyToken=null'
   at System.Reflection.RuntimeAssembly.InternalLoad(AssemblyName assemblyName, StackCrawlMark& stackMark, AssemblyLoadContext assemblyLoadContext, RuntimeAssembly requestingAssembly, Boolean throwOnFileNotFound)
   at System.Reflection.Assembly.Load(AssemblyName assemblyRef)
   at Microsoft.VisualStudio.TestPlatform.Common.ExtensionFramework.TestPluginCache.CurrentDomainAssemblyResolve(Object sender, AssemblyResolveEventArgs args) in /_/src/Microsoft.TestPlatform.Common/ExtensionFramework/TestPluginCache.cs:line 513
   at System.Runtime.Loader.AssemblyLoadContext.GetFirstResolvedAssemblyFromResolvingEvent(AssemblyName assemblyName)
   at System.Runtime.Loader.AssemblyLoadContext.ResolveUsingEvent(AssemblyName assemblyName)
   at System.Runtime.Loader.AssemblyLoadContext.ResolveUsingResolvingEvent(IntPtr gchManagedAssemblyLoadContext, AssemblyName assemblyName)
TpTrace Warning: 0 : 1920, 1, 2024/01/24, 14:05:15.200, 536865052887, vstest.console.dll, LoaderExceptions: System.IO.FileNotFoundException: Could not load file or assembly 'Microsoft.Bcl.AsyncInterfaces, Version=1.0.0.0, Culture=neutral, PublicKeyToken=cc7b13ffcd2ddd51'. The system cannot find the file specified.
File name: 'Microsoft.Bcl.AsyncInterfaces, Version=1.0.0.0, Culture=neutral, PublicKeyToken=cc7b13ffcd2ddd51'
 ---> System.IO.FileNotFoundException: Could not load file or assembly 'Microsoft.Bcl.AsyncInterfaces, Culture=neutral, PublicKeyToken=null'. The system cannot find the file specified.
File name: 'Microsoft.Bcl.AsyncInterfaces, Culture=neutral, PublicKeyToken=null'
   at System.Reflection.RuntimeAssembly.InternalLoad(AssemblyName assemblyName, StackCrawlMark& stackMark, AssemblyLoadContext assemblyLoadContext, RuntimeAssembly requestingAssembly, Boolean throwOnFileNotFound)
   at System.Reflection.Assembly.Load(AssemblyName assemblyRef)
   at Microsoft.VisualStudio.TestPlatform.Common.ExtensionFramework.TestPluginCache.CurrentDomainAssemblyResolve(Object sender, AssemblyResolveEventArgs args) in /_/src/Microsoft.TestPlatform.Common/ExtensionFramework/TestPluginCache.cs:line 513
   at System.Runtime.Loader.AssemblyLoadContext.GetFirstResolvedAssemblyFromResolvingEvent(AssemblyName assemblyName)
   at System.Runtime.Loader.AssemblyLoadContext.ResolveUsingEvent(AssemblyName assemblyName)
   at System.Runtime.Loader.AssemblyLoadContext.ResolveUsingResolvingEvent(IntPtr gchManagedAssemblyLoadContext, AssemblyName assemblyName)
TpTrace Verbose: 0 : 1920, 1, 2024/01/24, 14:05:15.200, 536865053624, vstest.console.dll, MetadataReaderExtensionsHelper: Discovering extensions inside assembly 'Microsoft.TestPlatform.Extensions.BlameDataCollector, Version=15.0.0.0, Culture=neutral, PublicKeyToken=b03f5f7f11d50a3a' file path 'C:\Program Files\dotnet\sdk\7.0.403\Extensions\Microsoft.TestPlatform.Extensions.BlameDataCollector.dll'
TpTrace Information: 0 : 1920, 1, 2024/01/24, 14:05:15.201, 536865061577, vstest.console.dll, GetTestExtensionFromType: Register extension with identifier data 'logger://Microsoft/TestPlatform/Extensions/Blame/v1' and type 'Microsoft.TestPlatform.Extensions.BlameDataCollector.BlameLogger, Microsoft.TestPlatform.Extensions.BlameDataCollector, Version=15.0.0.0, Culture=neutral, PublicKeyToken=b03f5f7f11d50a3a' inside file 'C:\Program Files\dotnet\sdk\7.0.403\Extensions\Microsoft.TestPlatform.Extensions.BlameDataCollector.dll'
TpTrace Verbose: 0 : 1920, 1, 2024/01/24, 14:05:15.201, 536865062212, vstest.console.dll, MetadataReaderExtensionsHelper: Discovering extensions inside assembly 'Microsoft.TestPlatform.Extensions.EventLogCollector, Version=15.0.0.0, Culture=neutral, PublicKeyToken=b03f5f7f11d50a3a' file path 'C:\Program Files\dotnet\sdk\7.0.403\Extensions\Microsoft.TestPlatform.Extensions.EventLogCollector.dll'
TpTrace Verbose: 0 : 1920, 1, 2024/01/24, 14:05:15.201, 536865067712, vstest.console.dll, MetadataReaderExtensionsHelper: Discovering extensions inside assembly 'Microsoft.TestPlatform.TestHostRuntimeProvider, Version=15.0.0.0, Culture=neutral, PublicKeyToken=b03f5f7f11d50a3a' file path 'C:\Program Files\dotnet\sdk\7.0.403\Extensions\Microsoft.TestPlatform.TestHostRuntimeProvider.dll'
TpTrace Verbose: 0 : 1920, 1, 2024/01/24, 14:05:15.202, 536865073003, vstest.console.dll, MetadataReaderExtensionsHelper: Discovering extensions inside assembly 'Microsoft.VisualStudio.TestPlatform.Extensions.Html.TestLogger, Version=15.0.0.0, Culture=neutral, PublicKeyToken=b03f5f7f11d50a3a' file path 'C:\Program Files\dotnet\sdk\7.0.403\Extensions\Microsoft.VisualStudio.TestPlatform.Extensions.Html.TestLogger.dll'
TpTrace Information: 0 : 1920, 1, 2024/01/24, 14:05:15.203, 536865082234, vstest.console.dll, GetTestExtensionFromType: Register extension with identifier data 'logger://Microsoft/TestPlatform/HtmlLogger/v1' and type 'Microsoft.VisualStudio.TestPlatform.Extensions.HtmlLogger.HtmlLogger, Microsoft.VisualStudio.TestPlatform.Extensions.Html.TestLogger, Version=15.0.0.0, Culture=neutral, PublicKeyToken=b03f5f7f11d50a3a' inside file 'C:\Program Files\dotnet\sdk\7.0.403\Extensions\Microsoft.VisualStudio.TestPlatform.Extensions.Html.TestLogger.dll'
TpTrace Verbose: 0 : 1920, 1, 2024/01/24, 14:05:15.203, 536865083018, vstest.console.dll, MetadataReaderExtensionsHelper: Discovering extensions inside assembly 'Microsoft.VisualStudio.TestPlatform.Extensions.Trx.TestLogger, Version=15.0.0.0, Culture=neutral, PublicKeyToken=b03f5f7f11d50a3a' file path 'C:\Program Files\dotnet\sdk\7.0.403\Extensions\Microsoft.VisualStudio.TestPlatform.Extensions.Trx.TestLogger.dll'
TpTrace Information: 0 : 1920, 1, 2024/01/24, 14:05:15.204, 536865089986, vstest.console.dll, GetTestExtensionFromType: Register extension with identifier data 'logger://Microsoft/TestPlatform/TrxLogger/v1' and type 'Microsoft.VisualStudio.TestPlatform.Extensions.TrxLogger.TrxLogger, Microsoft.VisualStudio.TestPlatform.Extensions.Trx.TestLogger, Version=15.0.0.0, Culture=neutral, PublicKeyToken=b03f5f7f11d50a3a' inside file 'C:\Program Files\dotnet\sdk\7.0.403\Extensions\Microsoft.VisualStudio.TestPlatform.Extensions.Trx.TestLogger.dll'
TpTrace Verbose: 0 : 1920, 1, 2024/01/24, 14:05:15.204, 536865090851, vstest.console.dll, TestPluginCache: Discovered the extensions using extension path ''.
TpTrace Verbose: 0 : 1920, 1, 2024/01/24, 14:05:15.204, 536865091235, vstest.console.dll, TestPluginCache: Discoverers are ''.
TpTrace Verbose: 0 : 1920, 1, 2024/01/24, 14:05:15.204, 536865091464, vstest.console.dll, TestPluginCache: Executors are ''.
TpTrace Verbose: 0 : 1920, 1, 2024/01/24, 14:05:15.204, 536865091675, vstest.console.dll, TestPluginCache: Executors2 are ''.
TpTrace Verbose: 0 : 1920, 1, 2024/01/24, 14:05:15.204, 536865091884, vstest.console.dll, TestPluginCache: Setting providers are ''.
TpTrace Verbose: 0 : 1920, 1, 2024/01/24, 14:05:15.204, 536865092619, vstest.console.dll, TestPluginCache: Loggers are 'logger://Microsoft/TestPlatform/Extensions/Blame/v1,logger://Microsoft/TestPlatform/HtmlLogger/v1,logger://Microsoft/TestPlatform/TrxLogger/v1'.
TpTrace Verbose: 0 : 1920, 1, 2024/01/24, 14:05:15.204, 536865093075, vstest.console.dll, TestPluginCache: TestHosts are 'HostProvider://DefaultTestHost,HostProvider://DotnetTestHost'.
TpTrace Verbose: 0 : 1920, 1, 2024/01/24, 14:05:15.204, 536865093394, vstest.console.dll, TestPluginCache: DataCollectors are ''.
TpTrace Information: 0 : 1920, 1, 2024/01/24, 14:05:15.205, 536865101848, vstest.console.dll, TestPluginManager.CreateTestExtension: Attempting to load test extension: Microsoft.TestPlatform.Extensions.BlameDataCollector.BlameLogger
TpTrace Verbose: 0 : 1920, 1, 2024/01/24, 14:05:15.213, 536865183270, vstest.console.dll, TestEngine: Initializing Parallel Execution as MaxCpuCount is set to: 1
TpTrace Information: 0 : 1920, 1, 2024/01/24, 14:05:15.215, 536865200152, vstest.console.dll, TestPluginManager.CreateTestExtension: Attempting to load test extension: Microsoft.VisualStudio.TestPlatform.CrossPlatEngine.Hosting.DefaultTestHostManager
TpTrace Information: 0 : 1920, 1, 2024/01/24, 14:05:15.216, 536865214850, vstest.console.dll, TestPluginManager.CreateTestExtension: Attempting to load test extension: Microsoft.VisualStudio.TestPlatform.CrossPlatEngine.Hosting.DotnetTestHostManager
TpTrace Information: 0 : 1920, 1, 2024/01/24, 14:05:15.217, 536865221487, vstest.console.dll, InferRunSettingsHelper.IsTestSettingsEnabled: Unable to navigate to RunSettings/MSTest. Current node: RunSettings
TpTrace Verbose: 0 : 1920, 1, 2024/01/24, 14:05:15.217, 536865227749, vstest.console.dll, ParallelOperationManager.ClearSlots: Clearing all slots. Slots should accept more work: True
TpTrace Verbose: 0 : 1920, 1, 2024/01/24, 14:05:15.218, 536865234483, vstest.console.dll, ParallelOperationManager.SetOccupiedSlotCount: Setting slot counts AvailableSlotCount = 1, OccupiedSlotCount = 0.
TpTrace Verbose: 0 : 1920, 1, 2024/01/24, 14:05:15.218, 536865238400, vstest.console.dll, Occupied slots:

TpTrace Verbose: 0 : 1920, 1, 2024/01/24, 14:05:15.221, 536865268427, vstest.console.dll, TestEngine.GetExecutionManager: Chosen execution manager 'Microsoft.VisualStudio.TestPlatform.CrossPlatEngine.Client.Parallel.ParallelProxyExecutionManager, Microsoft.TestPlatform.CrossPlatEngine, Version=15.0.0.0, Culture=neutral, PublicKeyToken=b03f5f7f11d50a3a' ParallelLevel '1'.
TpTrace Verbose: 0 : 1920, 1, 2024/01/24, 14:05:15.222, 536865269831, vstest.console.dll, TestRunRequest.ExecuteAsync: Creating test run request.
TpTrace Verbose: 0 : 1920, 1, 2024/01/24, 14:05:15.222, 536865271975, vstest.console.dll, TestRunRequest.ExecuteAsync: Starting.
TpTrace Information: 0 : 1920, 1, 2024/01/24, 14:05:15.222, 536865274532, vstest.console.dll, TestRunRequest.ExecuteAsync: Starting run with settings:TestRunCriteria:
   KeepAlive=False,FrequencyOfRunStatsChangeEvent=10,RunStatsChangeEventTimeout=00:00:01.5000000,TestCaseFilter=,TestExecutorLauncher=
   Settingsxml=<RunSettings>
  <RunConfiguration>
    <ResultsDirectory>D:\NhatNam\4th\HK1\PTUDHTTT_HD\project\Code\backend\InsuranceManagement.UnitTests\bin\Debug\net7.0\fine-code-coverage\coverage-tool-output</ResultsDirectory>
    <TargetPlatform>X64</TargetPlatform>
    <TargetFrameworkVersion>.NETCoreApp,Version=v7.0</TargetFrameworkVersion>
    <DesignMode>False</DesignMode>
    <CollectSourceInformation>False</CollectSourceInformation>
  </RunConfiguration>
  <LoggerRunSettings>
    <Loggers>
      <Logger friendlyName="blame" enabled="True" />
      <Logger friendlyName="Console" uri="logger://microsoft/TestPlatform/ConsoleLogger/v1" assemblyQualifiedName="Microsoft.VisualStudio.TestPlatform.CommandLine.Internal.ConsoleLogger, vstest.console, Version=15.0.0.0, Culture=neutral, PublicKeyToken=b03f5f7f11d50a3a" codeBase="C:\Program Files\dotnet\sdk\7.0.403\vstest.console.dll" enabled="True" />
    </Loggers>
  </LoggerRunSettings>
  <DataCollectionRunSettings>
    <DataCollectors>
      <DataCollector friendlyName="blame" enabled="True">
        <Configuration>
          <ResultsDirectory>D:\NhatNam\4th\HK1\PTUDHTTT_HD\project\Code\backend\InsuranceManagement.UnitTests\bin\Debug\net7.0\fine-code-coverage\coverage-tool-output</ResultsDirectory>
        </Configuration>
      </DataCollector>
    </DataCollectors>
  </DataCollectionRunSettings>
</RunSettings>

TpTrace Verbose: 0 : 1920, 1, 2024/01/24, 14:05:15.222, 536865275056, vstest.console.dll, TestRunRequest.ExecuteAsync: Wait for the first run request is over.
TpTrace Verbose: 0 : 1920, 1, 2024/01/24, 14:05:15.222, 536865277782, vstest.console.dll, MulticastDelegateUtilities.SafeInvoke: TestRun.TestRunStart: Invoking callbacks was skipped because there are no subscribers.
TpTrace Verbose: 0 : 1920, 4, 2024/01/24, 14:05:15.223, 536865280606, vstest.console.dll, MulticastDelegateUtilities.SafeInvoke: InternalTestLoggerEvents.SendTestRunStart: Invoking callback 1/1 for Microsoft.VisualStudio.TestPlatform.CommandLine.Internal.ConsoleLogger., took 0 ms.
TpTrace Verbose: 0 : 1920, 1, 2024/01/24, 14:05:15.224, 536865290085, vstest.console.dll, ParallelProxyExecutionManager: Start execution. Total sources: 1
TpTrace Verbose: 0 : 1920, 1, 2024/01/24, 14:05:15.224, 536865293497, vstest.console.dll, ParallelOperationManager.StartWork: Starting adding 1 workloads.
TpTrace Verbose: 0 : 1920, 1, 2024/01/24, 14:05:15.224, 536865294583, vstest.console.dll, ParallelOperationManager.ClearSlots: Clearing all slots. Slots should accept more work: True
TpTrace Verbose: 0 : 1920, 1, 2024/01/24, 14:05:15.224, 536865295265, vstest.console.dll, ParallelOperationManager.SetOccupiedSlotCount: Setting slot counts AvailableSlotCount = 1, OccupiedSlotCount = 0.
TpTrace Verbose: 0 : 1920, 1, 2024/01/24, 14:05:15.224, 536865295667, vstest.console.dll, Occupied slots:

TpTrace Verbose: 0 : 1920, 1, 2024/01/24, 14:05:15.225, 536865309129, vstest.console.dll, TestRequestSender is acting as server.
TpTrace Verbose: 0 : 1920, 1, 2024/01/24, 14:05:15.227, 536865320782, vstest.console.dll, ParallelOperationManager.RunWorkInParallel: Adding 1 workload to slot, remaining workloads 0.
TpTrace Verbose: 0 : 1920, 1, 2024/01/24, 14:05:15.227, 536865321318, vstest.console.dll, ParallelOperationManager.SetOccupiedSlotCount: Setting slot counts AvailableSlotCount = 0, OccupiedSlotCount = 1.
TpTrace Verbose: 0 : 1920, 1, 2024/01/24, 14:05:15.227, 536865322271, vstest.console.dll, Occupied slots:
0: D:\NhatNam\4th\HK1\PTUDHTTT_HD\project\Code\backend\InsuranceManagement.UnitTests\bin\Debug\net7.0\fine-code-coverage\build-output\InsuranceManagement.UnitTests.dll
TpTrace Verbose: 0 : 1920, 1, 2024/01/24, 14:05:15.228, 536865333893, vstest.console.dll, ParallelOperationManager.RunWorkInParallel: Started host in slot number 0 for work (source): D:\NhatNam\4th\HK1\PTUDHTTT_HD\project\Code\backend\InsuranceManagement.UnitTests\bin\Debug\net7.0\fine-code-coverage\build-output\InsuranceManagement.UnitTests.dll.
TpTrace Verbose: 0 : 1920, 1, 2024/01/24, 14:05:15.229, 536865344458, vstest.console.dll, ParallelOperationManager.RunWorkInParallel: We started 1 work items, which is the max parallel level. Won't start more work.
TpTrace Verbose: 0 : 1920, 1, 2024/01/24, 14:05:15.229, 536865344959, vstest.console.dll, ParallelOperationManager.RunWorkInParallel: We started 1 work items in here, returning True.
TpTrace Information: 0 : 1920, 1, 2024/01/24, 14:05:15.229, 536865345459, vstest.console.dll, TestRunRequest.ExecuteAsync: Started.
TpTrace Verbose: 0 : 1920, 1, 2024/01/24, 14:05:15.229, 536865346172, vstest.console.dll, TestRunRequest.WaitForCompletion: Waiting with timeout -1.
TpTrace Verbose: 0 : 1920, 5, 2024/01/24, 14:05:15.229, 536865346432, vstest.console.dll, ParallelProxyExecutionManager.StartTestRunOnConcurrentManager: Initializing uninitialized client. Started clients: 0
TpTrace Verbose: 0 : 1920, 5, 2024/01/24, 14:05:15.229, 536865347993, vstest.console.dll, DataCollectionRequestSender.InitializeCommunication : Initialize communication. 
TpTrace Information: 0 : 1920, 5, 2024/01/24, 14:05:15.233, 536865387213, vstest.console.dll, Listening on Endpoint : 127.0.0.1:54825
TpTrace Verbose: 0 : 1920, 5, 2024/01/24, 14:05:15.239, 536865449380, vstest.console.dll, DotnetDataCollectionLauncher: Adding  --runtimeconfig "C:\Program Files\dotnet\sdk\7.0.403\datacollector.runtimeconfig.json" in args
TpTrace Verbose: 0 : 1920, 5, 2024/01/24, 14:05:15.240, 536865450329, vstest.console.dll, DotnetDataCollectionLauncher: Adding  --depsfile "C:\Program Files\dotnet\sdk\7.0.403\datacollector.deps.json" in args
TpTrace Verbose: 0 : 1920, 5, 2024/01/24, 14:05:15.240, 536865452371, vstest.console.dll, DotnetDataCollectionLauncher: Full path of dotnet.exe is C:\Program Files\dotnet\dotnet.exe
TpTrace Information: 0 : 1920, 5, 2024/01/24, 14:05:15.245, 536865508390, vstest.console.dll, ProxyDataCollectionManager.Initialize: Launched datacollector processId: 19428 port: 54825
TpTrace Information: 0 : 1920, 5, 2024/01/24, 14:05:15.245, 536865509624, vstest.console.dll, ProxyDataCollectionManager.Initialize: waiting for connection with timeout: 90 seconds
TpTrace Verbose: 0 : 1920, 5, 2024/01/24, 14:05:15.246, 536865510076, vstest.console.dll, DataCollectionRequestSender.WaitForRequestHandlerConnection : Waiting for connection with timeout: 90000
TpTrace Information: 0 : 1920, 7, 2024/01/24, 14:05:15.368, 536866729957, vstest.console.dll, Using the buffer size of 16384 bytes
TpTrace Information: 0 : 1920, 7, 2024/01/24, 14:05:15.368, 536866731254, vstest.console.dll, Accepted Client request and set the flag
TpTrace Verbose: 0 : 1920, 5, 2024/01/24, 14:05:15.368, 536866730635, vstest.console.dll, SocketCommunicationManager.WaitForClientConnection took: 121 ms, with 90000 ms timeout, and finished with True.
TpTrace Verbose: 0 : 1920, 5, 2024/01/24, 14:05:15.368, 536866733218, vstest.console.dll, ProxyDataCollectionManager.InvokeDataCollectionServiceAction: Starting.
TpTrace Information: 0 : 1920, 5, 2024/01/24, 14:05:15.368, 536866734265, vstest.console.dll, ProxyDataCollectionManager.BeforeTestRunStart: Get environment variable and port for datacollector processId: 19428 port: 54825
TpTrace Verbose: 0 : 1920, 5, 2024/01/24, 14:05:15.368, 536866735214, vstest.console.dll, DataCollectionRequestSender.SendBeforeTestRunStartAndGetResult: Send BeforeTestRunStart message with settingsXml <RunSettings><RunConfiguration><ResultsDirectory>D:\NhatNam\4th\HK1\PTUDHTTT_HD\project\Code\backend\InsuranceManagement.UnitTests\bin\Debug\net7.0\fine-code-coverage\coverage-tool-output</ResultsDirectory><TargetPlatform>X64</TargetPlatform><TargetFrameworkVersion>.NETCoreApp,Version=v7.0</TargetFrameworkVersion><DesignMode>False</DesignMode><CollectSourceInformation>False</CollectSourceInformation><TestAdaptersPaths>C:\Program Files\dotnet\sdk\7.0.403\Extensions</TestAdaptersPaths></RunConfiguration><LoggerRunSettings><Loggers><Logger friendlyName="blame" enabled="True" /><Logger friendlyName="Console" uri="logger://microsoft/TestPlatform/ConsoleLogger/v1" assemblyQualifiedName="Microsoft.VisualStudio.TestPlatform.CommandLine.Internal.ConsoleLogger, vstest.console, Version=15.0.0.0, Culture=neutral, PublicKeyToken=b03f5f7f11d50a3a" codeBase="C:\Program Files\dotnet\sdk\7.0.403\vstest.console.dll" enabled="True" /></Loggers></LoggerRunSettings><DataCollectionRunSettings><DataCollectors><DataCollector friendlyName="blame" enabled="True"><Configuration><ResultsDirectory>D:\NhatNam\4th\HK1\PTUDHTTT_HD\project\Code\backend\InsuranceManagement.UnitTests\bin\Debug\net7.0\fine-code-coverage\coverage-tool-output</ResultsDirectory></Configuration></DataCollector></DataCollectors></DataCollectionRunSettings></RunSettings> and sources System.Collections.Generic.List`1[System.String]: 
TpTrace Verbose: 0 : 1920, 5, 2024/01/24, 14:05:15.444, 536867494190, vstest.console.dll, DataCollectionRequestSender.SendBeforeTestRunStartAndGetResult: Received message: (DataCollection.SendMessage) -> {"MessageType":"DataCollection.SendMessage","Payload":{"FriendlyName":null,"Uri":null,"TestCaseId":"00000000-0000-0000-0000-000000000000","Message":"Logging DataCollector Diagnostics in file: D:\\NhatNam\\4th\\HK1\\PTUDHTTT_HD\\project\\Code\\backend\\InsuranceManagement.UnitTests\\bin\\Debug\\net7.0\\fine-code-coverage\\coverage-tool-output\\diagnostics.datacollector.24-01-24_14-05-15_23976_5.log","Level":0}}
TpTrace Verbose: 0 : 1920, 5, 2024/01/24, 14:05:15.521, 536868269808, vstest.console.dll, DataCollectionRequestSender.SendBeforeTestRunStartAndGetResult: Received message: (DataCollection.BeforeTestRunStartResult) -> {"MessageType":"DataCollection.BeforeTestRunStartResult","Payload":{"EnvironmentVariables":{},"DataCollectionEventsPort":54827}}
TpTrace Information: 0 : 1920, 5, 2024/01/24, 14:05:15.526, 536868314948, vstest.console.dll, ProxyDataCollectionManager.BeforeTestRunStart: SendBeforeTestRunStartAndGetResult successful, env variable from datacollector:   and testhost port: 54827
TpTrace Information: 0 : 1920, 5, 2024/01/24, 14:05:15.526, 536868316306, vstest.console.dll, ProxyDataCollectionManager.InvokeDataCollectionServiceAction: Completed.
TpTrace Verbose: 0 : 1920, 5, 2024/01/24, 14:05:15.526, 536868316666, vstest.console.dll, ParallelProxyExecutionManager.StartTestRunOnConcurrentManager: Initializing test run. Started clients: 0
TpTrace Verbose: 0 : 1920, 5, 2024/01/24, 14:05:15.526, 536868317417, vstest.console.dll, ProxyExecutionManager: Test host is always Lazy initialize.
TpTrace Verbose: 0 : 1920, 5, 2024/01/24, 14:05:15.526, 536868319648, vstest.console.dll, TestRequestSender.InitializeCommunication: initialize communication. 
TpTrace Information: 0 : 1920, 5, 2024/01/24, 14:05:15.527, 536868324274, vstest.console.dll, SocketServer.Start: Listening on endpoint : 127.0.0.1:54828
TpTrace Verbose: 0 : 1920, 5, 2024/01/24, 14:05:15.528, 536868331295, vstest.console.dll, DotnetTestHostmanager.GetTestHostProcessStartInfo: Platform environment 'X64' target architecture 'X64' framework '.NETCoreApp,Version=v7.0' OS 'Windows'
TpTrace Verbose: 0 : 1920, 5, 2024/01/24, 14:05:15.528, 536868332454, vstest.console.dll, DotnetTestHostmanager: Adding  --runtimeconfig "D:\NhatNam\4th\HK1\PTUDHTTT_HD\project\Code\backend\InsuranceManagement.UnitTests\bin\Debug\net7.0\fine-code-coverage\build-output\InsuranceManagement.UnitTests.runtimeconfig.json" in args
TpTrace Verbose: 0 : 1920, 5, 2024/01/24, 14:05:15.528, 536868332914, vstest.console.dll, DotnetTestHostmanager: Adding  --depsfile "D:\NhatNam\4th\HK1\PTUDHTTT_HD\project\Code\backend\InsuranceManagement.UnitTests\bin\Debug\net7.0\fine-code-coverage\build-output\InsuranceManagement.UnitTests.deps.json" in args
TpTrace Verbose: 0 : 1920, 5, 2024/01/24, 14:05:15.528, 536868335037, vstest.console.dll, DotnetTestHostmanager.IsWinOnArm: Current PROCESSOR_ARCHITECTURE from environment variable 'AMD64'
TpTrace Verbose: 0 : 1920, 5, 2024/01/24, 14:05:15.528, 536868335504, vstest.console.dll, DotnetTestHostmanager.IsWinOnArm: Is Windows on ARM 'False'
TpTrace Verbose: 0 : 1920, 5, 2024/01/24, 14:05:15.528, 536868335916, vstest.console.dll, DotnetTestHostManager: testhost.exe found at path: D:\NhatNam\4th\HK1\PTUDHTTT_HD\project\Code\backend\InsuranceManagement.UnitTests\bin\Debug\net7.0\fine-code-coverage\build-output\testhost.exe
TpTrace Verbose: 0 : 1920, 5, 2024/01/24, 14:05:15.528, 536868336206, vstest.console.dll, DotnetTestHostmanager: Full path of host exe is D:\NhatNam\4th\HK1\PTUDHTTT_HD\project\Code\backend\InsuranceManagement.UnitTests\bin\Debug\net7.0\fine-code-coverage\build-output\testhost.exe
TpTrace Verbose: 0 : 1920, 5, 2024/01/24, 14:05:15.528, 536868337165, vstest.console.dll, DotnetTestHostmanager.LaunchTestHostAsync: Found 'VSTEST_WINAPPHOST_DOTNET_ROOT' in env variables, value 'C:\Program Files\dotnet', forwarding to 'DOTNET_ROOT'
TpTrace Verbose: 0 : 1920, 5, 2024/01/24, 14:05:15.528, 536868338453, vstest.console.dll, DotnetTestHostManager: Starting process 'D:\NhatNam\4th\HK1\PTUDHTTT_HD\project\Code\backend\InsuranceManagement.UnitTests\bin\Debug\net7.0\fine-code-coverage\build-output\testhost.exe' with command line ' --runtimeconfig "D:\NhatNam\4th\HK1\PTUDHTTT_HD\project\Code\backend\InsuranceManagement.UnitTests\bin\Debug\net7.0\fine-code-coverage\build-output\InsuranceManagement.UnitTests.runtimeconfig.json" --depsfile "D:\NhatNam\4th\HK1\PTUDHTTT_HD\project\Code\backend\InsuranceManagement.UnitTests\bin\Debug\net7.0\fine-code-coverage\build-output\InsuranceManagement.UnitTests.deps.json" --port 54828 --endpoint 127.0.0.1:054828 --role client --parentprocessid 1920 --diag "D:\NhatNam\4th\HK1\PTUDHTTT_HD\project\Code\backend\InsuranceManagement.UnitTests\bin\Debug\net7.0\fine-code-coverage\coverage-tool-output\diagnostics.host.24-01-24_14-05-15_52780_5.log" --tracelevel 4 --datacollectionport 54827 --telemetryoptedin false'
TpTrace Verbose: 0 : 1920, 5, 2024/01/24, 14:05:15.534, 536868397456, vstest.console.dll, MulticastDelegateUtilities.SafeInvoke: HostProviderEvents.OnHostLaunched: Invoking callback 1/2 for Microsoft.VisualStudio.TestPlatform.CrossPlatEngine.Client.ProxyExecutionManagerWithDataCollection., took 1 ms.
TpTrace Verbose: 0 : 1920, 5, 2024/01/24, 14:05:15.535, 536868400285, vstest.console.dll, Test Runtime launched
TpTrace Verbose: 0 : 1920, 5, 2024/01/24, 14:05:15.535, 536868401056, vstest.console.dll, MulticastDelegateUtilities.SafeInvoke: HostProviderEvents.OnHostLaunched: Invoking callback 2/2 for Microsoft.VisualStudio.TestPlatform.CrossPlatEngine.Client.ProxyOperationManager., took 0 ms.
TpTrace Verbose: 0 : 1920, 5, 2024/01/24, 14:05:15.535, 536868402708, vstest.console.dll, TestRequestSender.WaitForRequestHandlerConnection: waiting for connection with timeout: 90000.
TpTrace Verbose: 0 : 1920, 7, 2024/01/24, 14:05:15.675, 536869807617, vstest.console.dll, MulticastDelegateUtilities.SafeInvoke: SocketServer: ClientConnected: Invoking callback 1/1 for Microsoft.VisualStudio.TestPlatform.CommunicationUtilities.TestRequestSender., took 0 ms.
TpTrace Verbose: 0 : 1920, 7, 2024/01/24, 14:05:15.675, 536869808494, vstest.console.dll, SocketServer.OnClientConnected: Client connected for endPoint: 127.0.0.1:54828, starting MessageLoopAsync:
TpTrace Verbose: 0 : 1920, 5, 2024/01/24, 14:05:15.675, 536869807907, vstest.console.dll, TestRequestSender.WaitForRequestHandlerConnection: waiting took 140 ms, with timeout 90000 ms, and result 0, which is success.
TpTrace Verbose: 0 : 1920, 7, 2024/01/24, 14:05:15.676, 536869809839, vstest.console.dll, TcpClientExtensions.MessageLoopAsync: Polling on remoteEndPoint: 127.0.0.1:54829 localEndPoint: 127.0.0.1:54828
TpTrace Verbose: 0 : 1920, 5, 2024/01/24, 14:05:15.676, 536869816974, vstest.console.dll, TestRequestSender.CheckVersionWithTestHost: Sending check version message: {"MessageType":"ProtocolVersion","Payload":7}
TpTrace Verbose: 0 : 1920, 7, 2024/01/24, 14:05:15.782, 536870876125, vstest.console.dll, TcpClientExtensions.MessageLoopAsync: NotifyDataAvailable remoteEndPoint: 127.0.0.1:54829 localEndPoint: 127.0.0.1:54828
TpTrace Verbose: 0 : 1920, 7, 2024/01/24, 14:05:15.782, 536870878085, vstest.console.dll, TestRequestSender.CheckVersionWithTestHost: onMessageReceived received message: (ProtocolVersion) -> {"MessageType":"ProtocolVersion","Payload":7}
TpTrace Verbose: 0 : 1920, 7, 2024/01/24, 14:05:15.783, 536870884669, vstest.console.dll, MulticastDelegateUtilities.SafeInvoke: LengthPrefixCommunicationChannel: MessageReceived: Invoking callback 1/1 for Microsoft.VisualStudio.TestPlatform.CommunicationUtilities.TestRequestSender+<>c__DisplayClass29_0., took 0 ms.
TpTrace Verbose: 0 : 1920, 7, 2024/01/24, 14:05:15.783, 536870885429, vstest.console.dll, TcpClientExtensions.MessageLoopAsync: Polling on remoteEndPoint: 127.0.0.1:54829 localEndPoint: 127.0.0.1:54828
TpTrace Verbose: 0 : 1920, 5, 2024/01/24, 14:05:15.783, 536870885661, vstest.console.dll, TestPluginCache.GetExtensionPaths: Filtered extension paths: 
TpTrace Verbose: 0 : 1920, 5, 2024/01/24, 14:05:15.783, 536870886438, vstest.console.dll, TestPluginCache.GetExtensionPaths: Added default extension paths: C:\Program Files\dotnet\sdk\7.0.403\Extensions\Microsoft.Diagnostics.NETCore.Client.dll
C:\Program Files\dotnet\sdk\7.0.403\Extensions\Microsoft.TestPlatform.Extensions.BlameDataCollector.dll
C:\Program Files\dotnet\sdk\7.0.403\Extensions\Microsoft.TestPlatform.Extensions.EventLogCollector.dll
C:\Program Files\dotnet\sdk\7.0.403\Extensions\Microsoft.TestPlatform.TestHostRuntimeProvider.dll
C:\Program Files\dotnet\sdk\7.0.403\Extensions\Microsoft.VisualStudio.TestPlatform.Extensions.Html.TestLogger.dll
C:\Program Files\dotnet\sdk\7.0.403\Extensions\Microsoft.VisualStudio.TestPlatform.Extensions.Trx.TestLogger.dll
TpTrace Verbose: 0 : 1920, 5, 2024/01/24, 14:05:15.783, 536870887183, vstest.console.dll, TestPluginCache.GetExtensionPaths: Added unfilterableExtensionPaths: 
TpTrace Verbose: 0 : 1920, 5, 2024/01/24, 14:05:15.786, 536870911146, vstest.console.dll, TestRequestSender.InitializeExecution: Sending initialize execution with message: {"Version":7,"MessageType":"TestExecution.Initialize","Payload":["D:\\NhatNam\\4th\\HK1\\PTUDHTTT_HD\\project\\Code\\backend\\InsuranceManagement.UnitTests\\bin\\Debug\\net7.0\\fine-code-coverage\\build-output\\xunit.runner.visualstudio.testadapter.dll"]}
TpTrace Verbose: 0 : 1920, 5, 2024/01/24, 14:05:15.786, 536870912715, vstest.console.dll, ParallelProxyExecutionManager.StartTestRunOnConcurrentManager: Execution starting. Started clients: 1
TpTrace Verbose: 0 : 1920, 5, 2024/01/24, 14:05:15.786, 536870914806, vstest.console.dll, TestRunRequest:SendTestRunMessage: Starting.
TpTrace Verbose: 0 : 1920, 5, 2024/01/24, 14:05:15.786, 536870916417, vstest.console.dll, MulticastDelegateUtilities.SafeInvoke: TestRun.LogMessages: Invoking callback 1/1 for Microsoft.VisualStudio.TestPlatform.CommandLine.TestRunResultAggregator., took 0 ms.
TpTrace Information: 0 : 1920, 5, 2024/01/24, 14:05:15.786, 536870916895, vstest.console.dll, TestRunRequest:SendTestRunMessage: Completed.
TpTrace Verbose: 0 : 1920, 4, 2024/01/24, 14:05:15.786, 536870917999, vstest.console.dll, MulticastDelegateUtilities.SafeInvoke: InternalTestLoggerEvents.SendTestRunMessage: Invoking callback 1/1 for Microsoft.VisualStudio.TestPlatform.CommandLine.Internal.ConsoleLogger., took 0 ms.
TpTrace Warning: 0 : 1920, 5, 2024/01/24, 14:05:15.787, 536870920160, vstest.console.dll, InferRunSettingsHelper.MakeRunsettingsCompatible: Removing the following settings: TargetPlatform from RunSettings file. To use those settings please move to latest version of Microsoft.NET.Test.Sdk
TpTrace Verbose: 0 : 1920, 7, 2024/01/24, 14:05:15.787, 536870921518, vstest.console.dll, TcpClientExtensions.MessageLoopAsync: NotifyDataAvailable remoteEndPoint: 127.0.0.1:54829 localEndPoint: 127.0.0.1:54828
TpTrace Verbose: 0 : 1920, 7, 2024/01/24, 14:05:15.787, 536870922561, vstest.console.dll, LengthPrefixCommunicationChannel.NotifyDataAvailable: New data are waiting to be received, but there is no subscriber to be notified. Not reading them from the stream.
TpTrace Verbose: 0 : 1920, 7, 2024/01/24, 14:05:15.787, 536870922930, vstest.console.dll, TcpClientExtensions.MessageLoopAsync: Polling on remoteEndPoint: 127.0.0.1:54829 localEndPoint: 127.0.0.1:54828
TpTrace Verbose: 0 : 1920, 7, 2024/01/24, 14:05:15.787, 536870923216, vstest.console.dll, TcpClientExtensions.MessageLoopAsync: NotifyDataAvailable remoteEndPoint: 127.0.0.1:54829 localEndPoint: 127.0.0.1:54828
TpTrace Verbose: 0 : 1920, 7, 2024/01/24, 14:05:15.787, 536870923426, vstest.console.dll, LengthPrefixCommunicationChannel.NotifyDataAvailable: New data are waiting to be received, but there is no subscriber to be notified. Not reading them from the stream.
TpTrace Verbose: 0 : 1920, 7, 2024/01/24, 14:05:15.787, 536870923686, vstest.console.dll, TcpClientExtensions.MessageLoopAsync: Polling on remoteEndPoint: 127.0.0.1:54829 localEndPoint: 127.0.0.1:54828
TpTrace Verbose: 0 : 1920, 7, 2024/01/24, 14:05:15.787, 536870923944, vstest.console.dll, TcpClientExtensions.MessageLoopAsync: NotifyDataAvailable remoteEndPoint: 127.0.0.1:54829 localEndPoint: 127.0.0.1:54828
TpTrace Verbose: 0 : 1920, 7, 2024/01/24, 14:05:15.787, 536870925529, vstest.console.dll, TestRequestSender.OnExecutionMessageReceived: Received message: {"Version":7,"MessageType":"TestSession.Message","Payload":{"MessageLevel":0,"Message":"Logging TestHost Diagnostics in file: D:\\NhatNam\\4th\\HK1\\PTUDHTTT_HD\\project\\Code\\backend\\InsuranceManagement.UnitTests\\bin\\Debug\\net7.0\\fine-code-coverage\\coverage-tool-output\\diagnostics.host.24-01-24_14-05-15_52780_5.log"}}
TpTrace Verbose: 0 : 1920, 7, 2024/01/24, 14:05:15.794, 536870993543, vstest.console.dll, TestRunRequest:SendTestRunMessage: Starting.
TpTrace Verbose: 0 : 1920, 7, 2024/01/24, 14:05:15.794, 536870995218, vstest.console.dll, MulticastDelegateUtilities.SafeInvoke: TestRun.LogMessages: Invoking callback 1/1 for Microsoft.VisualStudio.TestPlatform.CommandLine.TestRunResultAggregator., took 0 ms.
TpTrace Information: 0 : 1920, 7, 2024/01/24, 14:05:15.794, 536870995593, vstest.console.dll, TestRunRequest:SendTestRunMessage: Completed.
TpTrace Verbose: 0 : 1920, 7, 2024/01/24, 14:05:15.794, 536870996519, vstest.console.dll, MulticastDelegateUtilities.SafeInvoke: LengthPrefixCommunicationChannel: MessageReceived: Invoking callback 1/1 for Microsoft.VisualStudio.TestPlatform.CommunicationUtilities.TestRequestSender+<>c__DisplayClass34_0., took 7 ms.
TpTrace Verbose: 0 : 1920, 7, 2024/01/24, 14:05:15.794, 536870996866, vstest.console.dll, TcpClientExtensions.MessageLoopAsync: Polling on remoteEndPoint: 127.0.0.1:54829 localEndPoint: 127.0.0.1:54828
TpTrace Verbose: 0 : 1920, 4, 2024/01/24, 14:05:15.794, 536870995551, vstest.console.dll, MulticastDelegateUtilities.SafeInvoke: InternalTestLoggerEvents.SendTestRunMessage: Invoking callback 1/1 for Microsoft.VisualStudio.TestPlatform.CommandLine.Internal.ConsoleLogger., took 0 ms.
TpTrace Verbose: 0 : 1920, 5, 2024/01/24, 14:05:15.797, 536871027492, vstest.console.dll, TestRequestSender.StartTestRun: Sending test run with message: {"Version":7,"MessageType":"TestExecution.StartWithSources","Payload":{"AdapterSourceMap":{"_none_":["D:\\NhatNam\\4th\\HK1\\PTUDHTTT_HD\\project\\Code\\backend\\InsuranceManagement.UnitTests\\bin\\Debug\\net7.0\\fine-code-coverage\\build-output\\InsuranceManagement.UnitTests.dll"]},"RunSettings":"<RunSettings>\r\n  <RunConfiguration>\r\n    <ResultsDirectory>D:\\NhatNam\\4th\\HK1\\PTUDHTTT_HD\\project\\Code\\backend\\InsuranceManagement.UnitTests\\bin\\Debug\\net7.0\\fine-code-coverage\\coverage-tool-output</ResultsDirectory>\r\n    <TargetFrameworkVersion>.NETCoreApp,Version=v7.0</TargetFrameworkVersion>\r\n    <DesignMode>False</DesignMode>\r\n    <CollectSourceInformation>False</CollectSourceInformation>\r\n  </RunConfiguration>\r\n  <LoggerRunSettings>\r\n    <Loggers>\r\n      <Logger friendlyName=\"blame\" enabled=\"True\" />\r\n      <Logger friendlyName=\"Console\" uri=\"logger://microsoft/TestPlatform/ConsoleLogger/v1\" assemblyQualifiedName=\"Microsoft.VisualStudio.TestPlatform.CommandLine.Internal.ConsoleLogger, vstest.console, Version=15.0.0.0, Culture=neutral, PublicKeyToken=b03f5f7f11d50a3a\" codeBase=\"C:\\Program Files\\dotnet\\sdk\\7.0.403\\vstest.console.dll\" enabled=\"True\" />\r\n    </Loggers>\r\n  </LoggerRunSettings>\r\n  <DataCollectionRunSettings>\r\n    <DataCollectors>\r\n      <DataCollector friendlyName=\"blame\" enabled=\"True\">\r\n        <Configuration>\r\n          <ResultsDirectory>D:\\NhatNam\\4th\\HK1\\PTUDHTTT_HD\\project\\Code\\backend\\InsuranceManagement.UnitTests\\bin\\Debug\\net7.0\\fine-code-coverage\\coverage-tool-output</ResultsDirectory>\r\n        </Configuration>\r\n      </DataCollector>\r\n    </DataCollectors>\r\n  </DataCollectionRunSettings>\r\n</RunSettings>","TestExecutionContext":{"FrequencyOfRunStatsChangeEvent":10,"RunStatsChangeEventTimeout":"00:00:01.5000000","InIsolation":false,"KeepAlive":false,"AreTestCaseLevelEventsRequired":false,"IsDebug":false,"TestCaseFilter":null,"FilterOptions":null},"Package":null}}
TpTrace Verbose: 0 : 1920, 5, 2024/01/24, 14:05:15.797, 536871029126, vstest.console.dll, ParallelProxyExecutionManager.StartTestRunOnConcurrentManager: Execution started. Started clients: 1
TpTrace Verbose: 0 : 1920, 7, 2024/01/24, 14:05:15.922, 536872277779, vstest.console.dll, TcpClientExtensions.MessageLoopAsync: NotifyDataAvailable remoteEndPoint: 127.0.0.1:54829 localEndPoint: 127.0.0.1:54828
TpTrace Verbose: 0 : 1920, 7, 2024/01/24, 14:05:15.922, 536872279095, vstest.console.dll, TestRequestSender.OnExecutionMessageReceived: Received message: {"Version":7,"MessageType":"TestSession.Message","Payload":{"MessageLevel":0,"Message":"[xUnit.net 00:00:00.00] xUnit.net VSTest Adapter v2.5.6+bf9b858c26 (64-bit .NET 7.0.13)"}}
TpTrace Verbose: 0 : 1920, 7, 2024/01/24, 14:05:15.923, 536872281058, vstest.console.dll, TestRunRequest:SendTestRunMessage: Starting.
TpTrace Verbose: 0 : 1920, 7, 2024/01/24, 14:05:15.923, 536872281633, vstest.console.dll, MulticastDelegateUtilities.SafeInvoke: TestRun.LogMessages: Invoking callback 1/1 for Microsoft.VisualStudio.TestPlatform.CommandLine.TestRunResultAggregator., took 0 ms.
TpTrace Information: 0 : 1920, 7, 2024/01/24, 14:05:15.923, 536872281896, vstest.console.dll, TestRunRequest:SendTestRunMessage: Completed.
TpTrace Verbose: 0 : 1920, 7, 2024/01/24, 14:05:15.923, 536872282144, vstest.console.dll, MulticastDelegateUtilities.SafeInvoke: LengthPrefixCommunicationChannel: MessageReceived: Invoking callback 1/1 for Microsoft.VisualStudio.TestPlatform.CommunicationUtilities.TestRequestSender+<>c__DisplayClass34_0., took 0 ms.
TpTrace Verbose: 0 : 1920, 4, 2024/01/24, 14:05:15.923, 536872282340, vstest.console.dll, MulticastDelegateUtilities.SafeInvoke: InternalTestLoggerEvents.SendTestRunMessage: Invoking callback 1/1 for Microsoft.VisualStudio.TestPlatform.CommandLine.Internal.ConsoleLogger., took 0 ms.
TpTrace Verbose: 0 : 1920, 7, 2024/01/24, 14:05:15.923, 536872282405, vstest.console.dll, TcpClientExtensions.MessageLoopAsync: Polling on remoteEndPoint: 127.0.0.1:54829 localEndPoint: 127.0.0.1:54828
TpTrace Verbose: 0 : 1920, 7, 2024/01/24, 14:05:15.992, 536872976064, vstest.console.dll, TcpClientExtensions.MessageLoopAsync: NotifyDataAvailable remoteEndPoint: 127.0.0.1:54829 localEndPoint: 127.0.0.1:54828
TpTrace Verbose: 0 : 1920, 7, 2024/01/24, 14:05:15.992, 536872977333, vstest.console.dll, TestRequestSender.OnExecutionMessageReceived: Received message: {"Version":7,"MessageType":"TestSession.Message","Payload":{"MessageLevel":0,"Message":"[xUnit.net 00:00:00.07]   Discovering: InsuranceManagement.UnitTests"}}
TpTrace Verbose: 0 : 1920, 7, 2024/01/24, 14:05:15.992, 536872978637, vstest.console.dll, TestRunRequest:SendTestRunMessage: Starting.
TpTrace Verbose: 0 : 1920, 7, 2024/01/24, 14:05:15.992, 536872979327, vstest.console.dll, MulticastDelegateUtilities.SafeInvoke: TestRun.LogMessages: Invoking callback 1/1 for Microsoft.VisualStudio.TestPlatform.CommandLine.TestRunResultAggregator., took 0 ms.
TpTrace Information: 0 : 1920, 7, 2024/01/24, 14:05:15.992, 536872979576, vstest.console.dll, TestRunRequest:SendTestRunMessage: Completed.
TpTrace Verbose: 0 : 1920, 7, 2024/01/24, 14:05:15.992, 536872979806, vstest.console.dll, MulticastDelegateUtilities.SafeInvoke: LengthPrefixCommunicationChannel: MessageReceived: Invoking callback 1/1 for Microsoft.VisualStudio.TestPlatform.CommunicationUtilities.TestRequestSender+<>c__DisplayClass34_0., took 0 ms.
TpTrace Verbose: 0 : 1920, 4, 2024/01/24, 14:05:15.992, 536872979797, vstest.console.dll, MulticastDelegateUtilities.SafeInvoke: InternalTestLoggerEvents.SendTestRunMessage: Invoking callback 1/1 for Microsoft.VisualStudio.TestPlatform.CommandLine.Internal.ConsoleLogger., took 0 ms.
TpTrace Verbose: 0 : 1920, 7, 2024/01/24, 14:05:15.993, 536872980086, vstest.console.dll, TcpClientExtensions.MessageLoopAsync: Polling on remoteEndPoint: 127.0.0.1:54829 localEndPoint: 127.0.0.1:54828
TpTrace Verbose: 0 : 1920, 7, 2024/01/24, 14:05:16.025, 536873309356, vstest.console.dll, TcpClientExtensions.MessageLoopAsync: NotifyDataAvailable remoteEndPoint: 127.0.0.1:54829 localEndPoint: 127.0.0.1:54828
TpTrace Verbose: 0 : 1920, 7, 2024/01/24, 14:05:16.026, 536873310495, vstest.console.dll, TestRequestSender.OnExecutionMessageReceived: Received message: {"Version":7,"MessageType":"TestSession.Message","Payload":{"MessageLevel":0,"Message":"[xUnit.net 00:00:00.10]   Discovered:  InsuranceManagement.UnitTests"}}
TpTrace Verbose: 0 : 1920, 7, 2024/01/24, 14:05:16.026, 536873311633, vstest.console.dll, TestRunRequest:SendTestRunMessage: Starting.
TpTrace Verbose: 0 : 1920, 7, 2024/01/24, 14:05:16.026, 536873312123, vstest.console.dll, MulticastDelegateUtilities.SafeInvoke: TestRun.LogMessages: Invoking callback 1/1 for Microsoft.VisualStudio.TestPlatform.CommandLine.TestRunResultAggregator., took 0 ms.
TpTrace Information: 0 : 1920, 7, 2024/01/24, 14:05:16.026, 536873312550, vstest.console.dll, TestRunRequest:SendTestRunMessage: Completed.
TpTrace Verbose: 0 : 1920, 7, 2024/01/24, 14:05:16.026, 536873312756, vstest.console.dll, MulticastDelegateUtilities.SafeInvoke: LengthPrefixCommunicationChannel: MessageReceived: Invoking callback 1/1 for Microsoft.VisualStudio.TestPlatform.CommunicationUtilities.TestRequestSender+<>c__DisplayClass34_0., took 0 ms.
TpTrace Verbose: 0 : 1920, 4, 2024/01/24, 14:05:16.026, 536873312746, vstest.console.dll, MulticastDelegateUtilities.SafeInvoke: InternalTestLoggerEvents.SendTestRunMessage: Invoking callback 1/1 for Microsoft.VisualStudio.TestPlatform.CommandLine.Internal.ConsoleLogger., took 0 ms.
TpTrace Verbose: 0 : 1920, 7, 2024/01/24, 14:05:16.026, 536873312994, vstest.console.dll, TcpClientExtensions.MessageLoopAsync: Polling on remoteEndPoint: 127.0.0.1:54829 localEndPoint: 127.0.0.1:54828
TpTrace Verbose: 0 : 1920, 7, 2024/01/24, 14:05:16.028, 536873337151, vstest.console.dll, TcpClientExtensions.MessageLoopAsync: NotifyDataAvailable remoteEndPoint: 127.0.0.1:54829 localEndPoint: 127.0.0.1:54828
TpTrace Verbose: 0 : 1920, 7, 2024/01/24, 14:05:16.028, 536873337964, vstest.console.dll, TestRequestSender.OnExecutionMessageReceived: Received message: {"Version":7,"MessageType":"TestSession.Message","Payload":{"MessageLevel":0,"Message":"[xUnit.net 00:00:00.10]   Starting:    InsuranceManagement.UnitTests"}}
TpTrace Verbose: 0 : 1920, 7, 2024/01/24, 14:05:16.028, 536873338582, vstest.console.dll, TestRunRequest:SendTestRunMessage: Starting.
TpTrace Verbose: 0 : 1920, 7, 2024/01/24, 14:05:16.028, 536873338975, vstest.console.dll, MulticastDelegateUtilities.SafeInvoke: TestRun.LogMessages: Invoking callback 1/1 for Microsoft.VisualStudio.TestPlatform.CommandLine.TestRunResultAggregator., took 0 ms.
TpTrace Information: 0 : 1920, 7, 2024/01/24, 14:05:16.028, 536873339479, vstest.console.dll, TestRunRequest:SendTestRunMessage: Completed.
TpTrace Verbose: 0 : 1920, 4, 2024/01/24, 14:05:16.028, 536873339556, vstest.console.dll, MulticastDelegateUtilities.SafeInvoke: InternalTestLoggerEvents.SendTestRunMessage: Invoking callback 1/1 for Microsoft.VisualStudio.TestPlatform.CommandLine.Internal.ConsoleLogger., took 0 ms.
TpTrace Verbose: 0 : 1920, 7, 2024/01/24, 14:05:16.029, 536873340818, vstest.console.dll, MulticastDelegateUtilities.SafeInvoke: LengthPrefixCommunicationChannel: MessageReceived: Invoking callback 1/1 for Microsoft.VisualStudio.TestPlatform.CommunicationUtilities.TestRequestSender+<>c__DisplayClass34_0., took 0 ms.
TpTrace Verbose: 0 : 1920, 7, 2024/01/24, 14:05:16.029, 536873341224, vstest.console.dll, TcpClientExtensions.MessageLoopAsync: Polling on remoteEndPoint: 127.0.0.1:54829 localEndPoint: 127.0.0.1:54828
TpTrace Verbose: 0 : 1920, 7, 2024/01/24, 14:05:16.217, 536875221892, vstest.console.dll, TcpClientExtensions.MessageLoopAsync: NotifyDataAvailable remoteEndPoint: 127.0.0.1:54829 localEndPoint: 127.0.0.1:54828
TpTrace Verbose: 0 : 1920, 7, 2024/01/24, 14:05:16.217, 536875223642, vstest.console.dll, TestRequestSender.OnExecutionMessageReceived: Received message: {"Version":7,"MessageType":"TestSession.Message","Payload":{"MessageLevel":2,"Message":"[xUnit.net 00:00:00.29]     InsuranceManagement.UnitTests.UnitTestServices.VerificationPasswordServiceTests.VerificationOTP_WithUserIdAndOTPCode_ReturnsNothing [FAIL]"}}
TpTrace Verbose: 0 : 1920, 7, 2024/01/24, 14:05:16.217, 536875224984, vstest.console.dll, TestRunRequest:SendTestRunMessage: Starting.
TpTrace Verbose: 0 : 1920, 7, 2024/01/24, 14:05:16.217, 536875225763, vstest.console.dll, MulticastDelegateUtilities.SafeInvoke: TestRun.LogMessages: Invoking callback 1/1 for Microsoft.VisualStudio.TestPlatform.CommandLine.TestRunResultAggregator., took 0 ms.
TpTrace Information: 0 : 1920, 7, 2024/01/24, 14:05:16.217, 536875226234, vstest.console.dll, TestRunRequest:SendTestRunMessage: Completed.
TpTrace Verbose: 0 : 1920, 7, 2024/01/24, 14:05:16.217, 536875226617, vstest.console.dll, MulticastDelegateUtilities.SafeInvoke: LengthPrefixCommunicationChannel: MessageReceived: Invoking callback 1/1 for Microsoft.VisualStudio.TestPlatform.CommunicationUtilities.TestRequestSender+<>c__DisplayClass34_0., took 0 ms.
TpTrace Verbose: 0 : 1920, 7, 2024/01/24, 14:05:16.217, 536875227004, vstest.console.dll, TcpClientExtensions.MessageLoopAsync: Polling on remoteEndPoint: 127.0.0.1:54829 localEndPoint: 127.0.0.1:54828
TpTrace Verbose: 0 : 1920, 4, 2024/01/24, 14:05:16.217, 536875227822, vstest.console.dll, MulticastDelegateUtilities.SafeInvoke: InternalTestLoggerEvents.SendTestRunMessage: Invoking callback 1/1 for Microsoft.VisualStudio.TestPlatform.CommandLine.Internal.ConsoleLogger., took 0 ms.
TpTrace Verbose: 0 : 1920, 7, 2024/01/24, 14:05:16.218, 536875232867, vstest.console.dll, TcpClientExtensions.MessageLoopAsync: NotifyDataAvailable remoteEndPoint: 127.0.0.1:54829 localEndPoint: 127.0.0.1:54828
TpTrace Verbose: 0 : 1920, 7, 2024/01/24, 14:05:16.218, 536875234030, vstest.console.dll, TestRequestSender.OnExecutionMessageReceived: Received message: {"Version":7,"MessageType":"TestSession.Message","Payload":{"MessageLevel":0,"Message":"[xUnit.net 00:00:00.29]       System.Exception : OTP code is expired"}}
TpTrace Verbose: 0 : 1920, 7, 2024/01/24, 14:05:16.218, 536875235414, vstest.console.dll, TestRunRequest:SendTestRunMessage: Starting.
TpTrace Verbose: 0 : 1920, 7, 2024/01/24, 14:05:16.218, 536875236327, vstest.console.dll, MulticastDelegateUtilities.SafeInvoke: TestRun.LogMessages: Invoking callback 1/1 for Microsoft.VisualStudio.TestPlatform.CommandLine.TestRunResultAggregator., took 0 ms.
TpTrace Information: 0 : 1920, 7, 2024/01/24, 14:05:16.218, 536875236756, vstest.console.dll, TestRunRequest:SendTestRunMessage: Completed.
TpTrace Verbose: 0 : 1920, 4, 2024/01/24, 14:05:16.218, 536875236779, vstest.console.dll, MulticastDelegateUtilities.SafeInvoke: InternalTestLoggerEvents.SendTestRunMessage: Invoking callback 1/1 for Microsoft.VisualStudio.TestPlatform.CommandLine.Internal.ConsoleLogger., took 0 ms.
TpTrace Verbose: 0 : 1920, 7, 2024/01/24, 14:05:16.218, 536875237180, vstest.console.dll, MulticastDelegateUtilities.SafeInvoke: LengthPrefixCommunicationChannel: MessageReceived: Invoking callback 1/1 for Microsoft.VisualStudio.TestPlatform.CommunicationUtilities.TestRequestSender+<>c__DisplayClass34_0., took 0 ms.
TpTrace Verbose: 0 : 1920, 7, 2024/01/24, 14:05:16.218, 536875238290, vstest.console.dll, TcpClientExtensions.MessageLoopAsync: Polling on remoteEndPoint: 127.0.0.1:54829 localEndPoint: 127.0.0.1:54828
TpTrace Verbose: 0 : 1920, 7, 2024/01/24, 14:05:16.219, 536875240245, vstest.console.dll, TcpClientExtensions.MessageLoopAsync: NotifyDataAvailable remoteEndPoint: 127.0.0.1:54829 localEndPoint: 127.0.0.1:54828
TpTrace Verbose: 0 : 1920, 7, 2024/01/24, 14:05:16.219, 536875241097, vstest.console.dll, TestRequestSender.OnExecutionMessageReceived: Received message: {"Version":7,"MessageType":"TestSession.Message","Payload":{"MessageLevel":0,"Message":"[xUnit.net 00:00:00.29]       Stack Trace:"}}
TpTrace Verbose: 0 : 1920, 7, 2024/01/24, 14:05:16.219, 536875241904, vstest.console.dll, TestRunRequest:SendTestRunMessage: Starting.
TpTrace Verbose: 0 : 1920, 7, 2024/01/24, 14:05:16.219, 536875242537, vstest.console.dll, MulticastDelegateUtilities.SafeInvoke: TestRun.LogMessages: Invoking callback 1/1 for Microsoft.VisualStudio.TestPlatform.CommandLine.TestRunResultAggregator., took 0 ms.
TpTrace Verbose: 0 : 1920, 4, 2024/01/24, 14:05:16.219, 536875242655, vstest.console.dll, MulticastDelegateUtilities.SafeInvoke: InternalTestLoggerEvents.SendTestRunMessage: Invoking callback 1/1 for Microsoft.VisualStudio.TestPlatform.CommandLine.Internal.ConsoleLogger., took 0 ms.
TpTrace Information: 0 : 1920, 7, 2024/01/24, 14:05:16.219, 536875242817, vstest.console.dll, TestRunRequest:SendTestRunMessage: Completed.
TpTrace Verbose: 0 : 1920, 7, 2024/01/24, 14:05:16.219, 536875244061, vstest.console.dll, MulticastDelegateUtilities.SafeInvoke: LengthPrefixCommunicationChannel: MessageReceived: Invoking callback 1/1 for Microsoft.VisualStudio.TestPlatform.CommunicationUtilities.TestRequestSender+<>c__DisplayClass34_0., took 0 ms.
TpTrace Verbose: 0 : 1920, 7, 2024/01/24, 14:05:16.219, 536875244646, vstest.console.dll, TcpClientExtensions.MessageLoopAsync: Polling on remoteEndPoint: 127.0.0.1:54829 localEndPoint: 127.0.0.1:54828
TpTrace Verbose: 0 : 1920, 7, 2024/01/24, 14:05:16.219, 536875246391, vstest.console.dll, TcpClientExtensions.MessageLoopAsync: NotifyDataAvailable remoteEndPoint: 127.0.0.1:54829 localEndPoint: 127.0.0.1:54828
TpTrace Verbose: 0 : 1920, 7, 2024/01/24, 14:05:16.219, 536875247326, vstest.console.dll, TestRequestSender.OnExecutionMessageReceived: Received message: {"Version":7,"MessageType":"TestSession.Message","Payload":{"MessageLevel":0,"Message":"[xUnit.net 00:00:00.30]         D:\\NhatNam\\4th\\HK1\\PTUDHTTT_HD\\project\\Code\\backend\\backend\\Services\\VerificationPasswordService.cs(40,0): at backend.Services.VerificationPasswordService.VerificationOTP(Int32 userId, String otp)"}}
TpTrace Verbose: 0 : 1920, 7, 2024/01/24, 14:05:16.219, 536875248084, vstest.console.dll, TestRunRequest:SendTestRunMessage: Starting.
TpTrace Verbose: 0 : 1920, 7, 2024/01/24, 14:05:16.219, 536875248621, vstest.console.dll, MulticastDelegateUtilities.SafeInvoke: TestRun.LogMessages: Invoking callback 1/1 for Microsoft.VisualStudio.TestPlatform.CommandLine.TestRunResultAggregator., took 0 ms.
TpTrace Verbose: 0 : 1920, 4, 2024/01/24, 14:05:16.219, 536875248796, vstest.console.dll, MulticastDelegateUtilities.SafeInvoke: InternalTestLoggerEvents.SendTestRunMessage: Invoking callback 1/1 for Microsoft.VisualStudio.TestPlatform.CommandLine.Internal.ConsoleLogger., took 0 ms.
TpTrace Information: 0 : 1920, 7, 2024/01/24, 14:05:16.219, 536875249399, vstest.console.dll, TestRunRequest:SendTestRunMessage: Completed.
TpTrace Verbose: 0 : 1920, 7, 2024/01/24, 14:05:16.220, 536875249981, vstest.console.dll, MulticastDelegateUtilities.SafeInvoke: LengthPrefixCommunicationChannel: MessageReceived: Invoking callback 1/1 for Microsoft.VisualStudio.TestPlatform.CommunicationUtilities.TestRequestSender+<>c__DisplayClass34_0., took 0 ms.
TpTrace Verbose: 0 : 1920, 7, 2024/01/24, 14:05:16.220, 536875250565, vstest.console.dll, TcpClientExtensions.MessageLoopAsync: Polling on remoteEndPoint: 127.0.0.1:54829 localEndPoint: 127.0.0.1:54828
TpTrace Verbose: 0 : 1920, 7, 2024/01/24, 14:05:16.220, 536875251278, vstest.console.dll, TcpClientExtensions.MessageLoopAsync: NotifyDataAvailable remoteEndPoint: 127.0.0.1:54829 localEndPoint: 127.0.0.1:54828
TpTrace Verbose: 0 : 1920, 7, 2024/01/24, 14:05:16.220, 536875251926, vstest.console.dll, TestRequestSender.OnExecutionMessageReceived: Received message: {"Version":7,"MessageType":"TestSession.Message","Payload":{"MessageLevel":0,"Message":"[xUnit.net 00:00:00.30]         D:\\NhatNam\\4th\\HK1\\PTUDHTTT_HD\\project\\Code\\backend\\InsuranceManagement.UnitTests\\UnitTestServices\\VerificationPasswordServiceTests.cs(42,0): at InsuranceManagement.UnitTests.UnitTestServices.VerificationPasswordServiceTests.VerificationOTP_WithUserIdAndOTPCode_ReturnsNothing()"}}
TpTrace Verbose: 0 : 1920, 7, 2024/01/24, 14:05:16.220, 536875252672, vstest.console.dll, TestRunRequest:SendTestRunMessage: Starting.
TpTrace Verbose: 0 : 1920, 7, 2024/01/24, 14:05:16.220, 536875253123, vstest.console.dll, MulticastDelegateUtilities.SafeInvoke: TestRun.LogMessages: Invoking callback 1/1 for Microsoft.VisualStudio.TestPlatform.CommandLine.TestRunResultAggregator., took 0 ms.
TpTrace Information: 0 : 1920, 7, 2024/01/24, 14:05:16.220, 536875253397, vstest.console.dll, TestRunRequest:SendTestRunMessage: Completed.
TpTrace Verbose: 0 : 1920, 4, 2024/01/24, 14:05:16.220, 536875253357, vstest.console.dll, MulticastDelegateUtilities.SafeInvoke: InternalTestLoggerEvents.SendTestRunMessage: Invoking callback 1/1 for Microsoft.VisualStudio.TestPlatform.CommandLine.Internal.ConsoleLogger., took 0 ms.
TpTrace Verbose: 0 : 1920, 7, 2024/01/24, 14:05:16.220, 536875253809, vstest.console.dll, MulticastDelegateUtilities.SafeInvoke: LengthPrefixCommunicationChannel: MessageReceived: Invoking callback 1/1 for Microsoft.VisualStudio.TestPlatform.CommunicationUtilities.TestRequestSender+<>c__DisplayClass34_0., took 0 ms.
TpTrace Verbose: 0 : 1920, 7, 2024/01/24, 14:05:16.220, 536875255147, vstest.console.dll, TcpClientExtensions.MessageLoopAsync: Polling on remoteEndPoint: 127.0.0.1:54829 localEndPoint: 127.0.0.1:54828
TpTrace Verbose: 0 : 1920, 7, 2024/01/24, 14:05:16.220, 536875255621, vstest.console.dll, TcpClientExtensions.MessageLoopAsync: NotifyDataAvailable remoteEndPoint: 127.0.0.1:54829 localEndPoint: 127.0.0.1:54828
TpTrace Verbose: 0 : 1920, 7, 2024/01/24, 14:05:16.220, 536875256442, vstest.console.dll, TestRequestSender.OnExecutionMessageReceived: Received message: {"Version":7,"MessageType":"TestSession.Message","Payload":{"MessageLevel":0,"Message":"[xUnit.net 00:00:00.30]         --- End of stack trace from previous location ---"}}
TpTrace Verbose: 0 : 1920, 7, 2024/01/24, 14:05:16.220, 536875257035, vstest.console.dll, TestRunRequest:SendTestRunMessage: Starting.
TpTrace Verbose: 0 : 1920, 7, 2024/01/24, 14:05:16.220, 536875257471, vstest.console.dll, MulticastDelegateUtilities.SafeInvoke: TestRun.LogMessages: Invoking callback 1/1 for Microsoft.VisualStudio.TestPlatform.CommandLine.TestRunResultAggregator., took 0 ms.
TpTrace Verbose: 0 : 1920, 4, 2024/01/24, 14:05:16.220, 536875257610, vstest.console.dll, MulticastDelegateUtilities.SafeInvoke: InternalTestLoggerEvents.SendTestRunMessage: Invoking callback 1/1 for Microsoft.VisualStudio.TestPlatform.CommandLine.Internal.ConsoleLogger., took 0 ms.
TpTrace Information: 0 : 1920, 7, 2024/01/24, 14:05:16.220, 536875257763, vstest.console.dll, TestRunRequest:SendTestRunMessage: Completed.
TpTrace Verbose: 0 : 1920, 7, 2024/01/24, 14:05:16.220, 536875258584, vstest.console.dll, MulticastDelegateUtilities.SafeInvoke: LengthPrefixCommunicationChannel: MessageReceived: Invoking callback 1/1 for Microsoft.VisualStudio.TestPlatform.CommunicationUtilities.TestRequestSender+<>c__DisplayClass34_0., took 0 ms.
TpTrace Verbose: 0 : 1920, 7, 2024/01/24, 14:05:16.220, 536875258839, vstest.console.dll, TcpClientExtensions.MessageLoopAsync: Polling on remoteEndPoint: 127.0.0.1:54829 localEndPoint: 127.0.0.1:54828
TpTrace Verbose: 0 : 1920, 7, 2024/01/24, 14:05:16.248, 536875532284, vstest.console.dll, TcpClientExtensions.MessageLoopAsync: NotifyDataAvailable remoteEndPoint: 127.0.0.1:54829 localEndPoint: 127.0.0.1:54828
TpTrace Verbose: 0 : 1920, 7, 2024/01/24, 14:05:16.248, 536875535079, vstest.console.dll, TestRequestSender.OnExecutionMessageReceived: Received message: {"Version":7,"MessageType":"TestExecution.StatsChange","Payload":{"NewTestResults":[{"TestCase":{"Id":"c89628ba-22c8-7659-c95b-ab48ea2be8b7","FullyQualifiedName":"InsuranceManagement.UnitTests.UnitTestServices.VerificationPasswordServiceTests.VerificationOTP_WithUserIdAndOTPCode_OutOfDate","DisplayName":"InsuranceManagement.UnitTests.UnitTestServices.VerificationPasswordServiceTests.VerificationOTP_WithUserIdAndOTPCode_OutOfDate","ExecutorUri":"executor://xunit/VsTestRunner2/netcoreapp","Source":"D:\\NhatNam\\4th\\HK1\\PTUDHTTT_HD\\project\\Code\\backend\\InsuranceManagement.UnitTests\\bin\\Debug\\net7.0\\fine-code-coverage\\build-output\\InsuranceManagement.UnitTests.dll","CodeFilePath":null,"LineNumber":0,"Properties":[]},"Attachments":[],"Outcome":1,"ErrorMessage":null,"ErrorStackTrace":null,"DisplayName":"InsuranceManagement.UnitTests.UnitTestServices.VerificationPasswordServiceTests.VerificationOTP_WithUserIdAndOTPCode_OutOfDate","Messages":[],"ComputerName":"HP","Duration":"00:00:00.0912288","StartTime":"2024-01-24T07:05:16.1767432+00:00","EndTime":"2024-01-24T07:05:16.176803+00:00","Properties":[]},{"TestCase":{"Id":"4acaa0ff-fc2d-943b-df90-83a9ca5625e3","FullyQualifiedName":"InsuranceManagement.UnitTests.UnitTestServices.VerificationPasswordServiceTests.VerificationOTP_WithUserIdAndOTPCode_Icorrect","DisplayName":"InsuranceManagement.UnitTests.UnitTestServices.VerificationPasswordServiceTests.VerificationOTP_WithUserIdAndOTPCode_Icorrect","ExecutorUri":"executor://xunit/VsTestRunner2/netcoreapp","Source":"D:\\NhatNam\\4th\\HK1\\PTUDHTTT_HD\\project\\Code\\backend\\InsuranceManagement.UnitTests\\bin\\Debug\\net7.0\\fine-code-coverage\\build-output\\InsuranceManagement.UnitTests.dll","CodeFilePath":null,"LineNumber":0,"Properties":[]},"Attachments":[],"Outcome":1,"ErrorMessage":null,"ErrorStackTrace":null,"DisplayName":"InsuranceManagement.UnitTests.UnitTestServices.VerificationPasswordServiceTests.VerificationOTP_WithUserIdAndOTPCode_Icorrect","Messages":[],"ComputerName":"HP","Duration":"00:00:00.0025443","StartTime":"2024-01-24T07:05:16.197946+00:00","EndTime":"2024-01-24T07:05:16.1979462+00:00","Properties":[]},{"TestCase":{"Id":"76dfe988-5d8e-62ad-1d6f-1085fcbe136d","FullyQualifiedName":"InsuranceManagement.UnitTests.UnitTestServices.VerificationPasswordServiceTests.VerificationOTP_WithUserIdAndOTPCode_NotValiad","DisplayName":"InsuranceManagement.UnitTests.UnitTestServices.VerificationPasswordServiceTests.VerificationOTP_WithUserIdAndOTPCode_NotValiad","ExecutorUri":"executor://xunit/VsTestRunner2/netcoreapp","Source":"D:\\NhatNam\\4th\\HK1\\PTUDHTTT_HD\\project\\Code\\backend\\InsuranceManagement.UnitTests\\bin\\Debug\\net7.0\\fine-code-coverage\\build-output\\InsuranceManagement.UnitTests.dll","CodeFilePath":null,"LineNumber":0,"Properties":[]},"Attachments":[],"Outcome":1,"ErrorMessage":null,"ErrorStackTrace":null,"DisplayName":"InsuranceManagement.UnitTests.UnitTestServices.VerificationPasswordServiceTests.VerificationOTP_WithUserIdAndOTPCode_NotValiad","Messages":[],"ComputerName":"HP","Duration":"00:00:00.0014197","StartTime":"2024-01-24T07:05:16.2098399+00:00","EndTime":"2024-01-24T07:05:16.2098401+00:00","Properties":[]},{"TestCase":{"Id":"dc208076-335d-cac8-3f50-d1a679443029","FullyQualifiedName":"InsuranceManagement.UnitTests.UnitTestServices.VerificationPasswordServiceTests.VerificationOTP_WithUserIdAndOTPCode_ReturnsNothing","DisplayName":"InsuranceManagement.UnitTests.UnitTestServices.VerificationPasswordServiceTests.VerificationOTP_WithUserIdAndOTPCode_ReturnsNothing","ExecutorUri":"executor://xunit/VsTestRunner2/netcoreapp","Source":"D:\\NhatNam\\4th\\HK1\\PTUDHTTT_HD\\project\\Code\\backend\\InsuranceManagement.UnitTests\\bin\\Debug\\net7.0\\fine-code-coverage\\build-output\\InsuranceManagement.UnitTests.dll","CodeFilePath":null,"LineNumber":0,"Properties":[]},"Attachments":[],"Outcome":2,"ErrorMessage":"System.Exception : OTP code is expired","ErrorStackTrace":"   at backend.Services.VerificationPasswordService.VerificationOTP(Int32 userId, String otp) in D:\\NhatNam\\4th\\HK1\\PTUDHTTT_HD\\project\\Code\\backend\\backend\\Services\\VerificationPasswordService.cs:line 40\r\n   at InsuranceManagement.UnitTests.UnitTestServices.VerificationPasswordServiceTests.VerificationOTP_WithUserIdAndOTPCode_ReturnsNothing() in D:\\NhatNam\\4th\\HK1\\PTUDHTTT_HD\\project\\Code\\backend\\InsuranceManagement.UnitTests\\UnitTestServices\\VerificationPasswordServiceTests.cs:line 42\r\n--- End of stack trace from previous location ---","DisplayName":"InsuranceManagement.UnitTests.UnitTestServices.VerificationPasswordServiceTests.VerificationOTP_WithUserIdAndOTPCode_ReturnsNothing","Messages":[],"ComputerName":"HP","Duration":"00:00:00.0009454","StartTime":"2024-01-24T07:05:16.2207987+00:00","EndTime":"2024-01-24T07:05:16.220799+00:00","Properties":[]}],"TestRunStatistics":{"ExecutedTests":4,"Stats":{"Passed":3,"Failed":1}},"ActiveTests":[{"Id":"d84ca4b7-1850-4ace-96dd-c8b282eecb89","FullyQualifiedName":"InsuranceManagement.UnitTests.UnitTestServices.RegistrationServiceTests.GetRegistrationById_Registration","DisplayName":"InsuranceManagement.UnitTests.UnitTestServices.RegistrationServiceTests.GetRegistrationById_Registration","ExecutorUri":"executor://xunit/VsTestRunner2/netcoreapp","Source":"D:\\NhatNam\\4th\\HK1\\PTUDHTTT_HD\\project\\Code\\backend\\InsuranceManagement.UnitTests\\bin\\Debug\\net7.0\\fine-code-coverage\\build-output\\InsuranceManagement.UnitTests.dll","CodeFilePath":null,"LineNumber":0,"Properties":[]},{"Id":"b8c19664-08a5-2b28-dbe6-f6d548fe1927","FullyQualifiedName":"InsuranceManagement.UnitTests.UnitTestServices.InsuranceServiceTests.GetInsurancesByAgeCustomer_ReturnsInsurances","DisplayName":"InsuranceManagement.UnitTests.UnitTestServices.InsuranceServiceTests.GetInsurancesByAgeCustomer_ReturnsInsurances","ExecutorUri":"executor://xunit/VsTestRunner2/netcoreapp","Source":"D:\\NhatNam\\4th\\HK1\\PTUDHTTT_HD\\project\\Code\\backend\\InsuranceManagement.UnitTests\\bin\\Debug\\net7.0\\fine-code-coverage\\build-output\\InsuranceManagement.UnitTests.dll","CodeFilePath":null,"LineNumber":0,"Properties":[]},{"Id":"0a07406d-c05a-d471-83ec-1df9a73f28c5","FullyQualifiedName":"InsuranceManagement.UnitTests.UnitTestServices.BeneficiaryServiceTests.CreateBeneficiary_WithValidBeneficiary_ReturnsBeneficiary","DisplayName":"InsuranceManagement.UnitTests.UnitTestServices.BeneficiaryServiceTests.CreateBeneficiary_WithValidBeneficiary_ReturnsBeneficiary","ExecutorUri":"executor://xunit/VsTestRunner2/netcoreapp","Source":"D:\\NhatNam\\4th\\HK1\\PTUDHTTT_HD\\project\\Code\\backend\\InsuranceManagement.UnitTests\\bin\\Debug\\net7.0\\fine-code-coverage\\build-output\\InsuranceManagement.UnitTests.dll","CodeFilePath":null,"LineNumber":0,"Properties":[]},{"Id":"50622a1e-b204-2515-4c30-825430b494ea","FullyQualifiedName":"InsuranceManagement.UnitTests.UnitTestServices.UserServiceTests.Register_Success","DisplayName":"InsuranceManagement.UnitTests.UnitTestServices.UserServiceTests.Register_Success","ExecutorUri":"executor://xunit/VsTestRunner2/netcoreapp","Source":"D:\\NhatNam\\4th\\HK1\\PTUDHTTT_HD\\project\\Code\\backend\\InsuranceManagement.UnitTests\\bin\\Debug\\net7.0\\fine-code-coverage\\build-output\\InsuranceManagement.UnitTests.dll","CodeFilePath":null,"LineNumber":0,"Properties":[]},{"Id":"04958e69-70dc-5ccb-4bb5-ed78ccaf2927","FullyQualifiedName":"InsuranceManagement.UnitTests.UnitTestServices.InsuranceTypeServiceTests.GetAllInsuranceTypes_Returns_ListInsuranceTypeDTO","DisplayName":"InsuranceManagement.UnitTests.UnitTestServices.InsuranceTypeServiceTests.GetAllInsuranceTypes_Returns_ListInsuranceTypeDTO","ExecutorUri":"executor://xunit/VsTestRunner2/netcoreapp","Source":"D:\\NhatNam\\4th\\HK1\\PTUDHTTT_HD\\project\\Code\\backend\\InsuranceManagement.UnitTests\\bin\\Debug\\net7.0\\fine-code-coverage\\build-output\\InsuranceManagement.UnitTests.dll","CodeFilePath":null,"LineNumber":0,"Properties":[]},{"Id":"de786f91-19b6-c7e1-4ae3-9f00a997b8c8","FullyQualifiedName":"InsuranceManagement.UnitTests.UnitTestServices.VerificationPasswordServiceTests.GenerateOTP_WithUserId_ReturnsOTPCode","DisplayName":"InsuranceManagement.UnitTests.UnitTestServices.VerificationPasswordServiceTests.GenerateOTP_WithUserId_ReturnsOTPCode","ExecutorUri":"executor://xunit/VsTestRunner2/netcoreapp","Source":"D:\\NhatNam\\4th\\HK1\\PTUDHTTT_HD\\project\\Code\\backend\\InsuranceManagement.UnitTests\\bin\\Debug\\net7.0\\fine-code-coverage\\build-output\\InsuranceManagement.UnitTests.dll","CodeFilePath":null,"LineNumber":0,"Properties":[]}]}}
TpTrace Verbose: 0 : 1920, 7, 2024/01/24, 14:05:16.272, 536875774860, vstest.console.dll, TestRunRequest:SendTestRunStatsChange: Starting.
TpTrace Verbose: 0 : 1920, 7, 2024/01/24, 14:05:16.272, 536875776593, vstest.console.dll, InProgress is InsuranceManagement.UnitTests.UnitTestServices.RegistrationServiceTests.GetRegistrationById_Registration
TpTrace Verbose: 0 : 1920, 7, 2024/01/24, 14:05:16.272, 536875777083, vstest.console.dll, InProgress is InsuranceManagement.UnitTests.UnitTestServices.InsuranceServiceTests.GetInsurancesByAgeCustomer_ReturnsInsurances
TpTrace Verbose: 0 : 1920, 7, 2024/01/24, 14:05:16.272, 536875777307, vstest.console.dll, InProgress is InsuranceManagement.UnitTests.UnitTestServices.BeneficiaryServiceTests.CreateBeneficiary_WithValidBeneficiary_ReturnsBeneficiary
TpTrace Verbose: 0 : 1920, 7, 2024/01/24, 14:05:16.272, 536875777533, vstest.console.dll, InProgress is InsuranceManagement.UnitTests.UnitTestServices.UserServiceTests.Register_Success
TpTrace Verbose: 0 : 1920, 7, 2024/01/24, 14:05:16.272, 536875777759, vstest.console.dll, InProgress is InsuranceManagement.UnitTests.UnitTestServices.InsuranceTypeServiceTests.GetAllInsuranceTypes_Returns_ListInsuranceTypeDTO
TpTrace Verbose: 0 : 1920, 7, 2024/01/24, 14:05:16.272, 536875777950, vstest.console.dll, InProgress is InsuranceManagement.UnitTests.UnitTestServices.VerificationPasswordServiceTests.GenerateOTP_WithUserId_ReturnsOTPCode
TpTrace Verbose: 0 : 1920, 7, 2024/01/24, 14:05:16.273, 536875780385, vstest.console.dll, MulticastDelegateUtilities.SafeInvoke: TestRun.RunStatsChanged: Invoking callbacks was skipped because there are no subscribers.
TpTrace Information: 0 : 1920, 7, 2024/01/24, 14:05:16.273, 536875780724, vstest.console.dll, TestRunRequest:SendTestRunStatsChange: Completed.
TpTrace Verbose: 0 : 1920, 7, 2024/01/24, 14:05:16.273, 536875780958, vstest.console.dll, MulticastDelegateUtilities.SafeInvoke: LengthPrefixCommunicationChannel: MessageReceived: Invoking callback 1/1 for Microsoft.VisualStudio.TestPlatform.CommunicationUtilities.TestRequestSender+<>c__DisplayClass34_0., took 24 ms.
TpTrace Verbose: 0 : 1920, 7, 2024/01/24, 14:05:16.273, 536875781219, vstest.console.dll, TcpClientExtensions.MessageLoopAsync: Polling on remoteEndPoint: 127.0.0.1:54829 localEndPoint: 127.0.0.1:54828
TpTrace Verbose: 0 : 1920, 4, 2024/01/24, 14:05:16.276, 536875811092, vstest.console.dll, MulticastDelegateUtilities.SafeInvoke: InternalTestLoggerEvents.SendTestResult: Invoking callback 1/1 for Microsoft.VisualStudio.TestPlatform.CommandLine.Internal.ConsoleLogger., took 3 ms.
TpTrace Verbose: 0 : 1920, 4, 2024/01/24, 14:05:16.276, 536875813507, vstest.console.dll, MulticastDelegateUtilities.SafeInvoke: InternalTestLoggerEvents.SendTestResult: Invoking callback 1/1 for Microsoft.VisualStudio.TestPlatform.CommandLine.Internal.ConsoleLogger., took 0 ms.
TpTrace Verbose: 0 : 1920, 4, 2024/01/24, 14:05:16.276, 536875814056, vstest.console.dll, MulticastDelegateUtilities.SafeInvoke: InternalTestLoggerEvents.SendTestResult: Invoking callback 1/1 for Microsoft.VisualStudio.TestPlatform.CommandLine.Internal.ConsoleLogger., took 0 ms.
TpTrace Verbose: 0 : 1920, 4, 2024/01/24, 14:05:16.276, 536875819220, vstest.console.dll, MulticastDelegateUtilities.SafeInvoke: InternalTestLoggerEvents.SendTestResult: Invoking callback 1/1 for Microsoft.VisualStudio.TestPlatform.CommandLine.Internal.ConsoleLogger., took 0 ms.
TpTrace Verbose: 0 : 1920, 7, 2024/01/24, 14:05:16.284, 536875897650, vstest.console.dll, TcpClientExtensions.MessageLoopAsync: NotifyDataAvailable remoteEndPoint: 127.0.0.1:54829 localEndPoint: 127.0.0.1:54828
TpTrace Verbose: 0 : 1920, 7, 2024/01/24, 14:05:16.285, 536875900431, vstest.console.dll, TestRequestSender.OnExecutionMessageReceived: Received message: {"Version":7,"MessageType":"TestExecution.StatsChange","Payload":{"NewTestResults":[{"TestCase":{"Id":"de786f91-19b6-c7e1-4ae3-9f00a997b8c8","FullyQualifiedName":"InsuranceManagement.UnitTests.UnitTestServices.VerificationPasswordServiceTests.GenerateOTP_WithUserId_ReturnsOTPCode","DisplayName":"InsuranceManagement.UnitTests.UnitTestServices.VerificationPasswordServiceTests.GenerateOTP_WithUserId_ReturnsOTPCode","ExecutorUri":"executor://xunit/VsTestRunner2/netcoreapp","Source":"D:\\NhatNam\\4th\\HK1\\PTUDHTTT_HD\\project\\Code\\backend\\InsuranceManagement.UnitTests\\bin\\Debug\\net7.0\\fine-code-coverage\\build-output\\InsuranceManagement.UnitTests.dll","CodeFilePath":null,"LineNumber":0,"Properties":[]},"Attachments":[],"Outcome":1,"ErrorMessage":null,"ErrorStackTrace":null,"DisplayName":"InsuranceManagement.UnitTests.UnitTestServices.VerificationPasswordServiceTests.GenerateOTP_WithUserId_ReturnsOTPCode","Messages":[],"ComputerName":"HP","Duration":"00:00:00.0019734","StartTime":"2024-01-24T07:05:16.2493468+00:00","EndTime":"2024-01-24T07:05:16.249347+00:00","Properties":[]},{"TestCase":{"Id":"04958e69-70dc-5ccb-4bb5-ed78ccaf2927","FullyQualifiedName":"InsuranceManagement.UnitTests.UnitTestServices.InsuranceTypeServiceTests.GetAllInsuranceTypes_Returns_ListInsuranceTypeDTO","DisplayName":"InsuranceManagement.UnitTests.UnitTestServices.InsuranceTypeServiceTests.GetAllInsuranceTypes_Returns_ListInsuranceTypeDTO","ExecutorUri":"executor://xunit/VsTestRunner2/netcoreapp","Source":"D:\\NhatNam\\4th\\HK1\\PTUDHTTT_HD\\project\\Code\\backend\\InsuranceManagement.UnitTests\\bin\\Debug\\net7.0\\fine-code-coverage\\build-output\\InsuranceManagement.UnitTests.dll","CodeFilePath":null,"LineNumber":0,"Properties":[]},"Attachments":[],"Outcome":1,"ErrorMessage":null,"ErrorStackTrace":null,"DisplayName":"InsuranceManagement.UnitTests.UnitTestServices.InsuranceTypeServiceTests.GetAllInsuranceTypes_Returns_ListInsuranceTypeDTO","Messages":[],"ComputerName":"HP","Duration":"00:00:00.1777608","StartTime":"2024-01-24T07:05:16.2536953+00:00","EndTime":"2024-01-24T07:05:16.2536956+00:00","Properties":[]},{"TestCase":{"Id":"0a07406d-c05a-d471-83ec-1df9a73f28c5","FullyQualifiedName":"InsuranceManagement.UnitTests.UnitTestServices.BeneficiaryServiceTests.CreateBeneficiary_WithValidBeneficiary_ReturnsBeneficiary","DisplayName":"InsuranceManagement.UnitTests.UnitTestServices.BeneficiaryServiceTests.CreateBeneficiary_WithValidBeneficiary_ReturnsBeneficiary","ExecutorUri":"executor://xunit/VsTestRunner2/netcoreapp","Source":"D:\\NhatNam\\4th\\HK1\\PTUDHTTT_HD\\project\\Code\\backend\\InsuranceManagement.UnitTests\\bin\\Debug\\net7.0\\fine-code-coverage\\build-output\\InsuranceManagement.UnitTests.dll","CodeFilePath":null,"LineNumber":0,"Properties":[]},"Attachments":[],"Outcome":1,"ErrorMessage":null,"ErrorStackTrace":null,"DisplayName":"InsuranceManagement.UnitTests.UnitTestServices.BeneficiaryServiceTests.CreateBeneficiary_WithValidBeneficiary_ReturnsBeneficiary","Messages":[],"ComputerName":"HP","Duration":"00:00:00.1806927","StartTime":"2024-01-24T07:05:16.2571173+00:00","EndTime":"2024-01-24T07:05:16.2571176+00:00","Properties":[]},{"TestCase":{"Id":"d84ca4b7-1850-4ace-96dd-c8b282eecb89","FullyQualifiedName":"InsuranceManagement.UnitTests.UnitTestServices.RegistrationServiceTests.GetRegistrationById_Registration","DisplayName":"InsuranceManagement.UnitTests.UnitTestServices.RegistrationServiceTests.GetRegistrationById_Registration","ExecutorUri":"executor://xunit/VsTestRunner2/netcoreapp","Source":"D:\\NhatNam\\4th\\HK1\\PTUDHTTT_HD\\project\\Code\\backend\\InsuranceManagement.UnitTests\\bin\\Debug\\net7.0\\fine-code-coverage\\build-output\\InsuranceManagement.UnitTests.dll","CodeFilePath":null,"LineNumber":0,"Properties":[]},"Attachments":[],"Outcome":1,"ErrorMessage":null,"ErrorStackTrace":null,"DisplayName":"InsuranceManagement.UnitTests.UnitTestServices.RegistrationServiceTests.GetRegistrationById_Registration","Messages":[],"ComputerName":"HP","Duration":"00:00:00.1809862","StartTime":"2024-01-24T07:05:16.2603468+00:00","EndTime":"2024-01-24T07:05:16.260347+00:00","Properties":[]},{"TestCase":{"Id":"50622a1e-b204-2515-4c30-825430b494ea","FullyQualifiedName":"InsuranceManagement.UnitTests.UnitTestServices.UserServiceTests.Register_Success","DisplayName":"InsuranceManagement.UnitTests.UnitTestServices.UserServiceTests.Register_Success","ExecutorUri":"executor://xunit/VsTestRunner2/netcoreapp","Source":"D:\\NhatNam\\4th\\HK1\\PTUDHTTT_HD\\project\\Code\\backend\\InsuranceManagement.UnitTests\\bin\\Debug\\net7.0\\fine-code-coverage\\build-output\\InsuranceManagement.UnitTests.dll","CodeFilePath":null,"LineNumber":0,"Properties":[]},"Attachments":[],"Outcome":1,"ErrorMessage":null,"ErrorStackTrace":null,"DisplayName":"InsuranceManagement.UnitTests.UnitTestServices.UserServiceTests.Register_Success","Messages":[],"ComputerName":"HP","Duration":"00:00:00.1813678","StartTime":"2024-01-24T07:05:16.2633941+00:00","EndTime":"2024-01-24T07:05:16.2633943+00:00","Properties":[]},{"TestCase":{"Id":"6775b043-ced1-af67-cbfc-313ef5c27eb0","FullyQualifiedName":"InsuranceManagement.UnitTests.UnitTestServices.InsuranceTypeServiceTests.GetInsuranceTypeById_Returns_InsuranceTypeDTO","DisplayName":"InsuranceManagement.UnitTests.UnitTestServices.InsuranceTypeServiceTests.GetInsuranceTypeById_Returns_InsuranceTypeDTO","ExecutorUri":"executor://xunit/VsTestRunner2/netcoreapp","Source":"D:\\NhatNam\\4th\\HK1\\PTUDHTTT_HD\\project\\Code\\backend\\InsuranceManagement.UnitTests\\bin\\Debug\\net7.0\\fine-code-coverage\\build-output\\InsuranceManagement.UnitTests.dll","CodeFilePath":null,"LineNumber":0,"Properties":[]},"Attachments":[],"Outcome":1,"ErrorMessage":null,"ErrorStackTrace":null,"DisplayName":"InsuranceManagement.UnitTests.UnitTestServices.InsuranceTypeServiceTests.GetInsuranceTypeById_Returns_InsuranceTypeDTO","Messages":[],"ComputerName":"HP","Duration":"00:00:00.0238324","StartTime":"2024-01-24T07:05:16.2776306+00:00","EndTime":"2024-01-24T07:05:16.2776309+00:00","Properties":[]},{"TestCase":{"Id":"f28114d8-588a-24c6-a075-23f1bf980d1b","FullyQualifiedName":"InsuranceManagement.UnitTests.UnitTestServices.BeneficiaryServiceTests.GetBeneficiaryById_WithValidId_ReturnsBeneficiary","DisplayName":"InsuranceManagement.UnitTests.UnitTestServices.BeneficiaryServiceTests.GetBeneficiaryById_WithValidId_ReturnsBeneficiary","ExecutorUri":"executor://xunit/VsTestRunner2/netcoreapp","Source":"D:\\NhatNam\\4th\\HK1\\PTUDHTTT_HD\\project\\Code\\backend\\InsuranceManagement.UnitTests\\bin\\Debug\\net7.0\\fine-code-coverage\\build-output\\InsuranceManagement.UnitTests.dll","CodeFilePath":null,"LineNumber":0,"Properties":[]},"Attachments":[],"Outcome":1,"ErrorMessage":null,"ErrorStackTrace":null,"DisplayName":"InsuranceManagement.UnitTests.UnitTestServices.BeneficiaryServiceTests.GetBeneficiaryById_WithValidId_ReturnsBeneficiary","Messages":[],"ComputerName":"HP","Duration":"00:00:00.0246978","StartTime":"2024-01-24T07:05:16.281452+00:00","EndTime":"2024-01-24T07:05:16.2814524+00:00","Properties":[]}],"TestRunStatistics":{"ExecutedTests":11,"Stats":{"Passed":10,"Failed":1}},"ActiveTests":[{"Id":"f47e3306-2288-0976-b7b0-c83fd8801249","FullyQualifiedName":"InsuranceManagement.UnitTests.UnitTestServices.RegistrationServiceTests.CreateRegistrationInsurance_Fail_InsuranceNotExists","DisplayName":"InsuranceManagement.UnitTests.UnitTestServices.RegistrationServiceTests.CreateRegistrationInsurance_Fail_InsuranceNotExists","ExecutorUri":"executor://xunit/VsTestRunner2/netcoreapp","Source":"D:\\NhatNam\\4th\\HK1\\PTUDHTTT_HD\\project\\Code\\backend\\InsuranceManagement.UnitTests\\bin\\Debug\\net7.0\\fine-code-coverage\\build-output\\InsuranceManagement.UnitTests.dll","CodeFilePath":null,"LineNumber":0,"Properties":[]},{"Id":"a37bc450-50ab-1cec-da8c-021f92b6b681","FullyQualifiedName":"InsuranceManagement.UnitTests.UnitTestServices.UserServiceTests.GetUserById_Returns_User","DisplayName":"InsuranceManagement.UnitTests.UnitTestServices.UserServiceTests.GetUserById_Returns_User","ExecutorUri":"executor://xunit/VsTestRunner2/netcoreapp","Source":"D:\\NhatNam\\4th\\HK1\\PTUDHTTT_HD\\project\\Code\\backend\\InsuranceManagement.UnitTests\\bin\\Debug\\net7.0\\fine-code-coverage\\build-output\\InsuranceManagement.UnitTests.dll","CodeFilePath":null,"LineNumber":0,"Properties":[]},{"Id":"e090ff1a-cbb9-6af8-ab82-0782aa94be90","FullyQualifiedName":"InsuranceManagement.UnitTests.UnitTestServices.BeneficiaryServiceTests.GetBeneficiaryById_WithInvalidId_ReturnsNull","DisplayName":"InsuranceManagement.UnitTests.UnitTestServices.BeneficiaryServiceTests.GetBeneficiaryById_WithInvalidId_ReturnsNull","ExecutorUri":"executor://xunit/VsTestRunner2/netcoreapp","Source":"D:\\NhatNam\\4th\\HK1\\PTUDHTTT_HD\\project\\Code\\backend\\InsuranceManagement.UnitTests\\bin\\Debug\\net7.0\\fine-code-coverage\\build-output\\InsuranceManagement.UnitTests.dll","CodeFilePath":null,"LineNumber":0,"Properties":[]}]}}
TpTrace Verbose: 0 : 1920, 7, 2024/01/24, 14:05:16.286, 536875910566, vstest.console.dll, TestRunRequest:SendTestRunStatsChange: Starting.
TpTrace Verbose: 0 : 1920, 7, 2024/01/24, 14:05:16.286, 536875911379, vstest.console.dll, InProgress is InsuranceManagement.UnitTests.UnitTestServices.RegistrationServiceTests.CreateRegistrationInsurance_Fail_InsuranceNotExists
TpTrace Verbose: 0 : 1920, 7, 2024/01/24, 14:05:16.286, 536875911894, vstest.console.dll, InProgress is InsuranceManagement.UnitTests.UnitTestServices.UserServiceTests.GetUserById_Returns_User
TpTrace Verbose: 0 : 1920, 7, 2024/01/24, 14:05:16.286, 536875912312, vstest.console.dll, InProgress is InsuranceManagement.UnitTests.UnitTestServices.BeneficiaryServiceTests.GetBeneficiaryById_WithInvalidId_ReturnsNull
TpTrace Verbose: 0 : 1920, 7, 2024/01/24, 14:05:16.286, 536875914891, vstest.console.dll, MulticastDelegateUtilities.SafeInvoke: TestRun.RunStatsChanged: Invoking callbacks was skipped because there are no subscribers.
TpTrace Information: 0 : 1920, 7, 2024/01/24, 14:05:16.286, 536875915384, vstest.console.dll, TestRunRequest:SendTestRunStatsChange: Completed.
TpTrace Verbose: 0 : 1920, 4, 2024/01/24, 14:05:16.286, 536875915604, vstest.console.dll, MulticastDelegateUtilities.SafeInvoke: InternalTestLoggerEvents.SendTestResult: Invoking callback 1/1 for Microsoft.VisualStudio.TestPlatform.CommandLine.Internal.ConsoleLogger., took 0 ms.
TpTrace Verbose: 0 : 1920, 7, 2024/01/24, 14:05:16.286, 536875915820, vstest.console.dll, MulticastDelegateUtilities.SafeInvoke: LengthPrefixCommunicationChannel: MessageReceived: Invoking callback 1/1 for Microsoft.VisualStudio.TestPlatform.CommunicationUtilities.TestRequestSender+<>c__DisplayClass34_0., took 1 ms.
TpTrace Verbose: 0 : 1920, 4, 2024/01/24, 14:05:16.286, 536875916615, vstest.console.dll, MulticastDelegateUtilities.SafeInvoke: InternalTestLoggerEvents.SendTestResult: Invoking callback 1/1 for Microsoft.VisualStudio.TestPlatform.CommandLine.Internal.ConsoleLogger., took 0 ms.
TpTrace Verbose: 0 : 1920, 7, 2024/01/24, 14:05:16.286, 536875916821, vstest.console.dll, TcpClientExtensions.MessageLoopAsync: Polling on remoteEndPoint: 127.0.0.1:54829 localEndPoint: 127.0.0.1:54828
TpTrace Verbose: 0 : 1920, 4, 2024/01/24, 14:05:16.286, 536875917522, vstest.console.dll, MulticastDelegateUtilities.SafeInvoke: InternalTestLoggerEvents.SendTestResult: Invoking callback 1/1 for Microsoft.VisualStudio.TestPlatform.CommandLine.Internal.ConsoleLogger., took 0 ms.
TpTrace Verbose: 0 : 1920, 4, 2024/01/24, 14:05:16.286, 536875918553, vstest.console.dll, MulticastDelegateUtilities.SafeInvoke: InternalTestLoggerEvents.SendTestResult: Invoking callback 1/1 for Microsoft.VisualStudio.TestPlatform.CommandLine.Internal.ConsoleLogger., took 0 ms.
TpTrace Verbose: 0 : 1920, 4, 2024/01/24, 14:05:16.286, 536875919268, vstest.console.dll, MulticastDelegateUtilities.SafeInvoke: InternalTestLoggerEvents.SendTestResult: Invoking callback 1/1 for Microsoft.VisualStudio.TestPlatform.CommandLine.Internal.ConsoleLogger., took 0 ms.
TpTrace Verbose: 0 : 1920, 4, 2024/01/24, 14:05:16.287, 536875920175, vstest.console.dll, MulticastDelegateUtilities.SafeInvoke: InternalTestLoggerEvents.SendTestResult: Invoking callback 1/1 for Microsoft.VisualStudio.TestPlatform.CommandLine.Internal.ConsoleLogger., took 0 ms.
TpTrace Verbose: 0 : 1920, 4, 2024/01/24, 14:05:16.287, 536875920868, vstest.console.dll, MulticastDelegateUtilities.SafeInvoke: InternalTestLoggerEvents.SendTestResult: Invoking callback 1/1 for Microsoft.VisualStudio.TestPlatform.CommandLine.Internal.ConsoleLogger., took 0 ms.
TpTrace Verbose: 0 : 1920, 7, 2024/01/24, 14:05:16.305, 536876105836, vstest.console.dll, TcpClientExtensions.MessageLoopAsync: NotifyDataAvailable remoteEndPoint: 127.0.0.1:54829 localEndPoint: 127.0.0.1:54828
TpTrace Verbose: 0 : 1920, 7, 2024/01/24, 14:05:16.305, 536876108627, vstest.console.dll, TestRequestSender.OnExecutionMessageReceived: Received message: {"Version":7,"MessageType":"TestExecution.StatsChange","Payload":{"NewTestResults":[{"TestCase":{"Id":"a37bc450-50ab-1cec-da8c-021f92b6b681","FullyQualifiedName":"InsuranceManagement.UnitTests.UnitTestServices.UserServiceTests.GetUserById_Returns_User","DisplayName":"InsuranceManagement.UnitTests.UnitTestServices.UserServiceTests.GetUserById_Returns_User","ExecutorUri":"executor://xunit/VsTestRunner2/netcoreapp","Source":"D:\\NhatNam\\4th\\HK1\\PTUDHTTT_HD\\project\\Code\\backend\\InsuranceManagement.UnitTests\\bin\\Debug\\net7.0\\fine-code-coverage\\build-output\\InsuranceManagement.UnitTests.dll","CodeFilePath":null,"LineNumber":0,"Properties":[]},"Attachments":[],"Outcome":1,"ErrorMessage":null,"ErrorStackTrace":null,"DisplayName":"InsuranceManagement.UnitTests.UnitTestServices.UserServiceTests.GetUserById_Returns_User","Messages":[],"ComputerName":"HP","Duration":"00:00:00.0257878","StartTime":"2024-01-24T07:05:16.2862323+00:00","EndTime":"2024-01-24T07:05:16.2862328+00:00","Properties":[]},{"TestCase":{"Id":"f47e3306-2288-0976-b7b0-c83fd8801249","FullyQualifiedName":"InsuranceManagement.UnitTests.UnitTestServices.RegistrationServiceTests.CreateRegistrationInsurance_Fail_InsuranceNotExists","DisplayName":"InsuranceManagement.UnitTests.UnitTestServices.RegistrationServiceTests.CreateRegistrationInsurance_Fail_InsuranceNotExists","ExecutorUri":"executor://xunit/VsTestRunner2/netcoreapp","Source":"D:\\NhatNam\\4th\\HK1\\PTUDHTTT_HD\\project\\Code\\backend\\InsuranceManagement.UnitTests\\bin\\Debug\\net7.0\\fine-code-coverage\\build-output\\InsuranceManagement.UnitTests.dll","CodeFilePath":null,"LineNumber":0,"Properties":[]},"Attachments":[],"Outcome":1,"ErrorMessage":null,"ErrorStackTrace":null,"DisplayName":"InsuranceManagement.UnitTests.UnitTestServices.RegistrationServiceTests.CreateRegistrationInsurance_Fail_InsuranceNotExists","Messages":[],"ComputerName":"HP","Duration":"00:00:00.0277608","StartTime":"2024-01-24T07:05:16.2892312+00:00","EndTime":"2024-01-24T07:05:16.2892314+00:00","Properties":[]},{"TestCase":{"Id":"e090ff1a-cbb9-6af8-ab82-0782aa94be90","FullyQualifiedName":"InsuranceManagement.UnitTests.UnitTestServices.BeneficiaryServiceTests.GetBeneficiaryById_WithInvalidId_ReturnsNull","DisplayName":"InsuranceManagement.UnitTests.UnitTestServices.BeneficiaryServiceTests.GetBeneficiaryById_WithInvalidId_ReturnsNull","ExecutorUri":"executor://xunit/VsTestRunner2/netcoreapp","Source":"D:\\NhatNam\\4th\\HK1\\PTUDHTTT_HD\\project\\Code\\backend\\InsuranceManagement.UnitTests\\bin\\Debug\\net7.0\\fine-code-coverage\\build-output\\InsuranceManagement.UnitTests.dll","CodeFilePath":null,"LineNumber":0,"Properties":[]},"Attachments":[],"Outcome":1,"ErrorMessage":null,"ErrorStackTrace":null,"DisplayName":"InsuranceManagement.UnitTests.UnitTestServices.BeneficiaryServiceTests.GetBeneficiaryById_WithInvalidId_ReturnsNull","Messages":[],"ComputerName":"HP","Duration":"00:00:00.0089032","StartTime":"2024-01-24T07:05:16.2914055+00:00","EndTime":"2024-01-24T07:05:16.2914057+00:00","Properties":[]},{"TestCase":{"Id":"c0c239a6-fcc0-2c02-a363-452247a6a411","FullyQualifiedName":"InsuranceManagement.UnitTests.UnitTestServices.UserServiceTests.GetUserByEmail_Returns_User","DisplayName":"InsuranceManagement.UnitTests.UnitTestServices.UserServiceTests.GetUserByEmail_Returns_User","ExecutorUri":"executor://xunit/VsTestRunner2/netcoreapp","Source":"D:\\NhatNam\\4th\\HK1\\PTUDHTTT_HD\\project\\Code\\backend\\InsuranceManagement.UnitTests\\bin\\Debug\\net7.0\\fine-code-coverage\\build-output\\InsuranceManagement.UnitTests.dll","CodeFilePath":null,"LineNumber":0,"Properties":[]},"Attachments":[],"Outcome":1,"ErrorMessage":null,"ErrorStackTrace":null,"DisplayName":"InsuranceManagement.UnitTests.UnitTestServices.UserServiceTests.GetUserByEmail_Returns_User","Messages":[],"ComputerName":"HP","Duration":"00:00:00.0089935","StartTime":"2024-01-24T07:05:16.2922488+00:00","EndTime":"2024-01-24T07:05:16.2922489+00:00","Properties":[]},{"TestCase":{"Id":"7b9ed7d1-b4c9-3916-cf8f-4b318e128a8f","FullyQualifiedName":"InsuranceManagement.UnitTests.UnitTestServices.RegistrationServiceTests.CreateRegistrationInsurance_Fail_BeneficiaryNotExists","DisplayName":"InsuranceManagement.UnitTests.UnitTestServices.RegistrationServiceTests.CreateRegistrationInsurance_Fail_BeneficiaryNotExists","ExecutorUri":"executor://xunit/VsTestRunner2/netcoreapp","Source":"D:\\NhatNam\\4th\\HK1\\PTUDHTTT_HD\\project\\Code\\backend\\InsuranceManagement.UnitTests\\bin\\Debug\\net7.0\\fine-code-coverage\\build-output\\InsuranceManagement.UnitTests.dll","CodeFilePath":null,"LineNumber":0,"Properties":[]},"Attachments":[],"Outcome":1,"ErrorMessage":null,"ErrorStackTrace":null,"DisplayName":"InsuranceManagement.UnitTests.UnitTestServices.RegistrationServiceTests.CreateRegistrationInsurance_Fail_BeneficiaryNotExists","Messages":[],"ComputerName":"HP","Duration":"00:00:00.0097938","StartTime":"2024-01-24T07:05:16.2945914+00:00","EndTime":"2024-01-24T07:05:16.2945916+00:00","Properties":[]},{"TestCase":{"Id":"071f1759-9281-5066-6e32-232c6a52e36e","FullyQualifiedName":"InsuranceManagement.UnitTests.UnitTestServices.UserServiceTests.CheckUserExits_Return_True","DisplayName":"InsuranceManagement.UnitTests.UnitTestServices.UserServiceTests.CheckUserExits_Return_True","ExecutorUri":"executor://xunit/VsTestRunner2/netcoreapp","Source":"D:\\NhatNam\\4th\\HK1\\PTUDHTTT_HD\\project\\Code\\backend\\InsuranceManagement.UnitTests\\bin\\Debug\\net7.0\\fine-code-coverage\\build-output\\InsuranceManagement.UnitTests.dll","CodeFilePath":null,"LineNumber":0,"Properties":[]},"Attachments":[],"Outcome":1,"ErrorMessage":null,"ErrorStackTrace":null,"DisplayName":"InsuranceManagement.UnitTests.UnitTestServices.UserServiceTests.CheckUserExits_Return_True","Messages":[],"ComputerName":"HP","Duration":"00:00:00.0057057","StartTime":"2024-01-24T07:05:16.2980656+00:00","EndTime":"2024-01-24T07:05:16.2980657+00:00","Properties":[]},{"TestCase":{"Id":"55077122-ccb0-7311-0d9f-69a0422a3622","FullyQualifiedName":"InsuranceManagement.UnitTests.UnitTestServices.RegistrationServiceTests.ChangeStatusRegistration_Fail_RegistrationNotExists","DisplayName":"InsuranceManagement.UnitTests.UnitTestServices.RegistrationServiceTests.ChangeStatusRegistration_Fail_RegistrationNotExists","ExecutorUri":"executor://xunit/VsTestRunner2/netcoreapp","Source":"D:\\NhatNam\\4th\\HK1\\PTUDHTTT_HD\\project\\Code\\backend\\InsuranceManagement.UnitTests\\bin\\Debug\\net7.0\\fine-code-coverage\\build-output\\InsuranceManagement.UnitTests.dll","CodeFilePath":null,"LineNumber":0,"Properties":[]},"Attachments":[],"Outcome":1,"ErrorMessage":null,"ErrorStackTrace":null,"DisplayName":"InsuranceManagement.UnitTests.UnitTestServices.RegistrationServiceTests.ChangeStatusRegistration_Fail_RegistrationNotExists","Messages":[],"ComputerName":"HP","Duration":"00:00:00.0071938","StartTime":"2024-01-24T07:05:16.3018927+00:00","EndTime":"2024-01-24T07:05:16.3018929+00:00","Properties":[]},{"TestCase":{"Id":"50a2cd3f-e86a-16be-3697-84d8c4eac2d1","FullyQualifiedName":"InsuranceManagement.UnitTests.UnitTestServices.UserServiceTests.CheckUserExits_Return_False","DisplayName":"InsuranceManagement.UnitTests.UnitTestServices.UserServiceTests.CheckUserExits_Return_False","ExecutorUri":"executor://xunit/VsTestRunner2/netcoreapp","Source":"D:\\NhatNam\\4th\\HK1\\PTUDHTTT_HD\\project\\Code\\backend\\InsuranceManagement.UnitTests\\bin\\Debug\\net7.0\\fine-code-coverage\\build-output\\InsuranceManagement.UnitTests.dll","CodeFilePath":null,"LineNumber":0,"Properties":[]},"Attachments":[],"Outcome":1,"ErrorMessage":null,"ErrorStackTrace":null,"DisplayName":"InsuranceManagement.UnitTests.UnitTestServices.UserServiceTests.CheckUserExits_Return_False","Messages":[],"ComputerName":"HP","Duration":"00:00:00.0048293","StartTime":"2024-01-24T07:05:16.3040492+00:00","EndTime":"2024-01-24T07:05:16.3040494+00:00","Properties":[]}],"TestRunStatistics":{"ExecutedTests":19,"Stats":{"Passed":18,"Failed":1}},"ActiveTests":[{"Id":"489e0cfa-c2eb-6ce0-7259-6ff17b0aa33a","FullyQualifiedName":"InsuranceManagement.UnitTests.UnitTestServices.RegistrationServiceTests.CreateRegistrationInsurance_Fail_NotSuitableAge","DisplayName":"InsuranceManagement.UnitTests.UnitTestServices.RegistrationServiceTests.CreateRegistrationInsurance_Fail_NotSuitableAge","ExecutorUri":"executor://xunit/VsTestRunner2/netcoreapp","Source":"D:\\NhatNam\\4th\\HK1\\PTUDHTTT_HD\\project\\Code\\backend\\InsuranceManagement.UnitTests\\bin\\Debug\\net7.0\\fine-code-coverage\\build-output\\InsuranceManagement.UnitTests.dll","CodeFilePath":null,"LineNumber":0,"Properties":[]},{"Id":"8b7ebe0f-630d-0199-5a36-9a196a1b476c","FullyQualifiedName":"InsuranceManagement.UnitTests.UnitTestServices.UserServiceTests.Register_False_ExistsingCardIdentification","DisplayName":"InsuranceManagement.UnitTests.UnitTestServices.UserServiceTests.Register_False_ExistsingCardIdentification","ExecutorUri":"executor://xunit/VsTestRunner2/netcoreapp","Source":"D:\\NhatNam\\4th\\HK1\\PTUDHTTT_HD\\project\\Code\\backend\\InsuranceManagement.UnitTests\\bin\\Debug\\net7.0\\fine-code-coverage\\build-output\\InsuranceManagement.UnitTests.dll","CodeFilePath":null,"LineNumber":0,"Properties":[]}]}}
TpTrace Verbose: 0 : 1920, 7, 2024/01/24, 14:05:16.306, 536876114056, vstest.console.dll, TestRunRequest:SendTestRunStatsChange: Starting.
TpTrace Verbose: 0 : 1920, 7, 2024/01/24, 14:05:16.306, 536876114498, vstest.console.dll, InProgress is InsuranceManagement.UnitTests.UnitTestServices.RegistrationServiceTests.CreateRegistrationInsurance_Fail_NotSuitableAge
TpTrace Verbose: 0 : 1920, 7, 2024/01/24, 14:05:16.306, 536876115132, vstest.console.dll, InProgress is InsuranceManagement.UnitTests.UnitTestServices.UserServiceTests.Register_False_ExistsingCardIdentification
TpTrace Verbose: 0 : 1920, 7, 2024/01/24, 14:05:16.306, 536876115688, vstest.console.dll, MulticastDelegateUtilities.SafeInvoke: TestRun.RunStatsChanged: Invoking callbacks was skipped because there are no subscribers.
TpTrace Information: 0 : 1920, 7, 2024/01/24, 14:05:16.306, 536876115917, vstest.console.dll, TestRunRequest:SendTestRunStatsChange: Completed.
TpTrace Verbose: 0 : 1920, 7, 2024/01/24, 14:05:16.306, 536876116150, vstest.console.dll, MulticastDelegateUtilities.SafeInvoke: LengthPrefixCommunicationChannel: MessageReceived: Invoking callback 1/1 for Microsoft.VisualStudio.TestPlatform.CommunicationUtilities.TestRequestSender+<>c__DisplayClass34_0., took 0 ms.
TpTrace Verbose: 0 : 1920, 4, 2024/01/24, 14:05:16.306, 536876116103, vstest.console.dll, MulticastDelegateUtilities.SafeInvoke: InternalTestLoggerEvents.SendTestResult: Invoking callback 1/1 for Microsoft.VisualStudio.TestPlatform.CommandLine.Internal.ConsoleLogger., took 0 ms.
TpTrace Verbose: 0 : 1920, 7, 2024/01/24, 14:05:16.306, 536876116449, vstest.console.dll, TcpClientExtensions.MessageLoopAsync: Polling on remoteEndPoint: 127.0.0.1:54829 localEndPoint: 127.0.0.1:54828
TpTrace Verbose: 0 : 1920, 4, 2024/01/24, 14:05:16.307, 536876125059, vstest.console.dll, MulticastDelegateUtilities.SafeInvoke: InternalTestLoggerEvents.SendTestResult: Invoking callback 1/1 for Microsoft.VisualStudio.TestPlatform.CommandLine.Internal.ConsoleLogger., took 0 ms.
TpTrace Verbose: 0 : 1920, 4, 2024/01/24, 14:05:16.307, 536876125951, vstest.console.dll, MulticastDelegateUtilities.SafeInvoke: InternalTestLoggerEvents.SendTestResult: Invoking callback 1/1 for Microsoft.VisualStudio.TestPlatform.CommandLine.Internal.ConsoleLogger., took 0 ms.
TpTrace Verbose: 0 : 1920, 4, 2024/01/24, 14:05:16.307, 536876126332, vstest.console.dll, MulticastDelegateUtilities.SafeInvoke: InternalTestLoggerEvents.SendTestResult: Invoking callback 1/1 for Microsoft.VisualStudio.TestPlatform.CommandLine.Internal.ConsoleLogger., took 0 ms.
TpTrace Verbose: 0 : 1920, 4, 2024/01/24, 14:05:16.307, 536876126651, vstest.console.dll, MulticastDelegateUtilities.SafeInvoke: InternalTestLoggerEvents.SendTestResult: Invoking callback 1/1 for Microsoft.VisualStudio.TestPlatform.CommandLine.Internal.ConsoleLogger., took 0 ms.
TpTrace Verbose: 0 : 1920, 4, 2024/01/24, 14:05:16.307, 536876126952, vstest.console.dll, MulticastDelegateUtilities.SafeInvoke: InternalTestLoggerEvents.SendTestResult: Invoking callback 1/1 for Microsoft.VisualStudio.TestPlatform.CommandLine.Internal.ConsoleLogger., took 0 ms.
TpTrace Verbose: 0 : 1920, 4, 2024/01/24, 14:05:16.307, 536876127285, vstest.console.dll, MulticastDelegateUtilities.SafeInvoke: InternalTestLoggerEvents.SendTestResult: Invoking callback 1/1 for Microsoft.VisualStudio.TestPlatform.CommandLine.Internal.ConsoleLogger., took 0 ms.
TpTrace Verbose: 0 : 1920, 4, 2024/01/24, 14:05:16.307, 536876128067, vstest.console.dll, MulticastDelegateUtilities.SafeInvoke: InternalTestLoggerEvents.SendTestResult: Invoking callback 1/1 for Microsoft.VisualStudio.TestPlatform.CommandLine.Internal.ConsoleLogger., took 0 ms.
TpTrace Verbose: 0 : 1920, 7, 2024/01/24, 14:05:16.336, 536876413197, vstest.console.dll, TcpClientExtensions.MessageLoopAsync: NotifyDataAvailable remoteEndPoint: 127.0.0.1:54829 localEndPoint: 127.0.0.1:54828
TpTrace Verbose: 0 : 1920, 7, 2024/01/24, 14:05:16.336, 536876415010, vstest.console.dll, TestRequestSender.OnExecutionMessageReceived: Received message: {"Version":7,"MessageType":"TestExecution.StatsChange","Payload":{"NewTestResults":[{"TestCase":{"Id":"489e0cfa-c2eb-6ce0-7259-6ff17b0aa33a","FullyQualifiedName":"InsuranceManagement.UnitTests.UnitTestServices.RegistrationServiceTests.CreateRegistrationInsurance_Fail_NotSuitableAge","DisplayName":"InsuranceManagement.UnitTests.UnitTestServices.RegistrationServiceTests.CreateRegistrationInsurance_Fail_NotSuitableAge","ExecutorUri":"executor://xunit/VsTestRunner2/netcoreapp","Source":"D:\\NhatNam\\4th\\HK1\\PTUDHTTT_HD\\project\\Code\\backend\\InsuranceManagement.UnitTests\\bin\\Debug\\net7.0\\fine-code-coverage\\build-output\\InsuranceManagement.UnitTests.dll","CodeFilePath":null,"LineNumber":0,"Properties":[]},"Attachments":[],"Outcome":1,"ErrorMessage":null,"ErrorStackTrace":null,"DisplayName":"InsuranceManagement.UnitTests.UnitTestServices.RegistrationServiceTests.CreateRegistrationInsurance_Fail_NotSuitableAge","Messages":[],"ComputerName":"HP","Duration":"00:00:00.0149061","StartTime":"2024-01-24T07:05:16.3168843+00:00","EndTime":"2024-01-24T07:05:16.3168845+00:00","Properties":[]},{"TestCase":{"Id":"b8c19664-08a5-2b28-dbe6-f6d548fe1927","FullyQualifiedName":"InsuranceManagement.UnitTests.UnitTestServices.InsuranceServiceTests.GetInsurancesByAgeCustomer_ReturnsInsurances","DisplayName":"InsuranceManagement.UnitTests.UnitTestServices.InsuranceServiceTests.GetInsurancesByAgeCustomer_ReturnsInsurances","ExecutorUri":"executor://xunit/VsTestRunner2/netcoreapp","Source":"D:\\NhatNam\\4th\\HK1\\PTUDHTTT_HD\\project\\Code\\backend\\InsuranceManagement.UnitTests\\bin\\Debug\\net7.0\\fine-code-coverage\\build-output\\InsuranceManagement.UnitTests.dll","CodeFilePath":null,"LineNumber":0,"Properties":[]},"Attachments":[],"Outcome":1,"ErrorMessage":null,"ErrorStackTrace":null,"DisplayName":"InsuranceManagement.UnitTests.UnitTestServices.InsuranceServiceTests.GetInsurancesByAgeCustomer_ReturnsInsurances","Messages":[],"ComputerName":"HP","Duration":"00:00:00.2422553","StartTime":"2024-01-24T07:05:16.3192364+00:00","EndTime":"2024-01-24T07:05:16.3192371+00:00","Properties":[]},{"TestCase":{"Id":"8b7ebe0f-630d-0199-5a36-9a196a1b476c","FullyQualifiedName":"InsuranceManagement.UnitTests.UnitTestServices.UserServiceTests.Register_False_ExistsingCardIdentification","DisplayName":"InsuranceManagement.UnitTests.UnitTestServices.UserServiceTests.Register_False_ExistsingCardIdentification","ExecutorUri":"executor://xunit/VsTestRunner2/netcoreapp","Source":"D:\\NhatNam\\4th\\HK1\\PTUDHTTT_HD\\project\\Code\\backend\\InsuranceManagement.UnitTests\\bin\\Debug\\net7.0\\fine-code-coverage\\build-output\\InsuranceManagement.UnitTests.dll","CodeFilePath":null,"LineNumber":0,"Properties":[]},"Attachments":[],"Outcome":1,"ErrorMessage":null,"ErrorStackTrace":null,"DisplayName":"InsuranceManagement.UnitTests.UnitTestServices.UserServiceTests.Register_False_ExistsingCardIdentification","Messages":[],"ComputerName":"HP","Duration":"00:00:00.0171753","StartTime":"2024-01-24T07:05:16.3218173+00:00","EndTime":"2024-01-24T07:05:16.3218175+00:00","Properties":[]},{"TestCase":{"Id":"fcd1041a-e1d8-8a3d-b87e-42068dffb134","FullyQualifiedName":"InsuranceManagement.UnitTests.UnitTestServices.RegistrationServiceTests.CreateRegistrationInsurance_Success","DisplayName":"InsuranceManagement.UnitTests.UnitTestServices.RegistrationServiceTests.CreateRegistrationInsurance_Success","ExecutorUri":"executor://xunit/VsTestRunner2/netcoreapp","Source":"D:\\NhatNam\\4th\\HK1\\PTUDHTTT_HD\\project\\Code\\backend\\InsuranceManagement.UnitTests\\bin\\Debug\\net7.0\\fine-code-coverage\\build-output\\InsuranceManagement.UnitTests.dll","CodeFilePath":null,"LineNumber":0,"Properties":[]},"Attachments":[],"Outcome":1,"ErrorMessage":null,"ErrorStackTrace":null,"DisplayName":"InsuranceManagement.UnitTests.UnitTestServices.RegistrationServiceTests.CreateRegistrationInsurance_Success","Messages":[],"ComputerName":"HP","Duration":"00:00:00.0073144","StartTime":"2024-01-24T07:05:16.3242805+00:00","EndTime":"2024-01-24T07:05:16.3242806+00:00","Properties":[]},{"TestCase":{"Id":"b60c33bb-3bcc-305b-ecf4-97679e4c0757","FullyQualifiedName":"InsuranceManagement.UnitTests.UnitTestServices.UserServiceTests.Register_False_LessAge18","DisplayName":"InsuranceManagement.UnitTests.UnitTestServices.UserServiceTests.Register_False_LessAge18","ExecutorUri":"executor://xunit/VsTestRunner2/netcoreapp","Source":"D:\\NhatNam\\4th\\HK1\\PTUDHTTT_HD\\project\\Code\\backend\\InsuranceManagement.UnitTests\\bin\\Debug\\net7.0\\fine-code-coverage\\build-output\\InsuranceManagement.UnitTests.dll","CodeFilePath":null,"LineNumber":0,"Properties":[]},"Attachments":[],"Outcome":1,"ErrorMessage":null,"ErrorStackTrace":null,"DisplayName":"InsuranceManagement.UnitTests.UnitTestServices.UserServiceTests.Register_False_LessAge18","Messages":[],"ComputerName":"HP","Duration":"00:00:00.0057249","StartTime":"2024-01-24T07:05:16.3261066+00:00","EndTime":"2024-01-24T07:05:16.3261069+00:00","Properties":[]},{"TestCase":{"Id":"722e9b97-dba6-7184-5afc-dcb5c8c2a954","FullyQualifiedName":"InsuranceManagement.UnitTests.UnitTestServices.InsuranceServiceTests.GetAllAges_ReturnsAges","DisplayName":"InsuranceManagement.UnitTests.UnitTestServices.InsuranceServiceTests.GetAllAges_ReturnsAges","ExecutorUri":"executor://xunit/VsTestRunner2/netcoreapp","Source":"D:\\NhatNam\\4th\\HK1\\PTUDHTTT_HD\\project\\Code\\backend\\InsuranceManagement.UnitTests\\bin\\Debug\\net7.0\\fine-code-coverage\\build-output\\InsuranceManagement.UnitTests.dll","CodeFilePath":null,"LineNumber":0,"Properties":[]},"Attachments":[],"Outcome":1,"ErrorMessage":null,"ErrorStackTrace":null,"DisplayName":"InsuranceManagement.UnitTests.UnitTestServices.InsuranceServiceTests.GetAllAges_ReturnsAges","Messages":[],"ComputerName":"HP","Duration":"00:00:00.0084601","StartTime":"2024-01-24T07:05:16.3283092+00:00","EndTime":"2024-01-24T07:05:16.3283094+00:00","Properties":[]},{"TestCase":{"Id":"0ed67185-3710-84ae-ddfd-c7a432375392","FullyQualifiedName":"InsuranceManagement.UnitTests.UnitTestServices.RegistrationServiceTests.ChangeStatusRegistration_Success","DisplayName":"InsuranceManagement.UnitTests.UnitTestServices.RegistrationServiceTests.ChangeStatusRegistration_Success","ExecutorUri":"executor://xunit/VsTestRunner2/netcoreapp","Source":"D:\\NhatNam\\4th\\HK1\\PTUDHTTT_HD\\project\\Code\\backend\\InsuranceManagement.UnitTests\\bin\\Debug\\net7.0\\fine-code-coverage\\build-output\\InsuranceManagement.UnitTests.dll","CodeFilePath":null,"LineNumber":0,"Properties":[]},"Attachments":[],"Outcome":1,"ErrorMessage":null,"ErrorStackTrace":null,"DisplayName":"InsuranceManagement.UnitTests.UnitTestServices.RegistrationServiceTests.ChangeStatusRegistration_Success","Messages":[],"ComputerName":"HP","Duration":"00:00:00.0085058","StartTime":"2024-01-24T07:05:16.3328745+00:00","EndTime":"2024-01-24T07:05:16.3328747+00:00","Properties":[]},{"TestCase":{"Id":"7a94eb34-7db4-a05b-c3cc-70dac895d4c4","FullyQualifiedName":"InsuranceManagement.UnitTests.UnitTestServices.InsuranceServiceTests.GetInsuranceById_ReturnsInsurance","DisplayName":"InsuranceManagement.UnitTests.UnitTestServices.InsuranceServiceTests.GetInsuranceById_ReturnsInsurance","ExecutorUri":"executor://xunit/VsTestRunner2/netcoreapp","Source":"D:\\NhatNam\\4th\\HK1\\PTUDHTTT_HD\\project\\Code\\backend\\InsuranceManagement.UnitTests\\bin\\Debug\\net7.0\\fine-code-coverage\\build-output\\InsuranceManagement.UnitTests.dll","CodeFilePath":null,"LineNumber":0,"Properties":[]},"Attachments":[],"Outcome":1,"ErrorMessage":null,"ErrorStackTrace":null,"DisplayName":"InsuranceManagement.UnitTests.UnitTestServices.InsuranceServiceTests.GetInsuranceById_ReturnsInsurance","Messages":[],"ComputerName":"HP","Duration":"00:00:00.0081361","StartTime":"2024-01-24T07:05:16.3349281+00:00","EndTime":"2024-01-24T07:05:16.3349284+00:00","Properties":[]}],"TestRunStatistics":{"ExecutedTests":27,"Stats":{"Passed":26,"Failed":1}},"ActiveTests":[{"Id":"fee3a220-0b57-7ce3-210b-e2f9f6de63fa","FullyQualifiedName":"InsuranceManagement.UnitTests.UnitTestServices.UserServiceTests.GetAllPaging_BasePagingResponse","DisplayName":"InsuranceManagement.UnitTests.UnitTestServices.UserServiceTests.GetAllPaging_BasePagingResponse","ExecutorUri":"executor://xunit/VsTestRunner2/netcoreapp","Source":"D:\\NhatNam\\4th\\HK1\\PTUDHTTT_HD\\project\\Code\\backend\\InsuranceManagement.UnitTests\\bin\\Debug\\net7.0\\fine-code-coverage\\build-output\\InsuranceManagement.UnitTests.dll","CodeFilePath":null,"LineNumber":0,"Properties":[]},{"Id":"4f673a2d-cc3f-5c47-16c8-1cd49f28a60a","FullyQualifiedName":"InsuranceManagement.UnitTests.UnitTestServices.InsuranceServiceTests.GetAllInsurances_ReturnsInsurances","DisplayName":"InsuranceManagement.UnitTests.UnitTestServices.InsuranceServiceTests.GetAllInsurances_ReturnsInsurances","ExecutorUri":"executor://xunit/VsTestRunner2/netcoreapp","Source":"D:\\NhatNam\\4th\\HK1\\PTUDHTTT_HD\\project\\Code\\backend\\InsuranceManagement.UnitTests\\bin\\Debug\\net7.0\\fine-code-coverage\\build-output\\InsuranceManagement.UnitTests.dll","CodeFilePath":null,"LineNumber":0,"Properties":[]}]}}
TpTrace Verbose: 0 : 1920, 7, 2024/01/24, 14:05:16.337, 536876420388, vstest.console.dll, TestRunRequest:SendTestRunStatsChange: Starting.
TpTrace Verbose: 0 : 1920, 7, 2024/01/24, 14:05:16.337, 536876420918, vstest.console.dll, InProgress is InsuranceManagement.UnitTests.UnitTestServices.UserServiceTests.GetAllPaging_BasePagingResponse
TpTrace Verbose: 0 : 1920, 7, 2024/01/24, 14:05:16.337, 536876421695, vstest.console.dll, InProgress is InsuranceManagement.UnitTests.UnitTestServices.InsuranceServiceTests.GetAllInsurances_ReturnsInsurances
TpTrace Verbose: 0 : 1920, 7, 2024/01/24, 14:05:16.337, 536876422162, vstest.console.dll, MulticastDelegateUtilities.SafeInvoke: TestRun.RunStatsChanged: Invoking callbacks was skipped because there are no subscribers.
TpTrace Information: 0 : 1920, 7, 2024/01/24, 14:05:16.337, 536876422404, vstest.console.dll, TestRunRequest:SendTestRunStatsChange: Completed.
TpTrace Verbose: 0 : 1920, 7, 2024/01/24, 14:05:16.337, 536876422636, vstest.console.dll, MulticastDelegateUtilities.SafeInvoke: LengthPrefixCommunicationChannel: MessageReceived: Invoking callback 1/1 for Microsoft.VisualStudio.TestPlatform.CommunicationUtilities.TestRequestSender+<>c__DisplayClass34_0., took 0 ms.
TpTrace Verbose: 0 : 1920, 4, 2024/01/24, 14:05:16.337, 536876422634, vstest.console.dll, MulticastDelegateUtilities.SafeInvoke: InternalTestLoggerEvents.SendTestResult: Invoking callback 1/1 for Microsoft.VisualStudio.TestPlatform.CommandLine.Internal.ConsoleLogger., took 0 ms.
TpTrace Verbose: 0 : 1920, 7, 2024/01/24, 14:05:16.337, 536876422914, vstest.console.dll, TcpClientExtensions.MessageLoopAsync: Polling on remoteEndPoint: 127.0.0.1:54829 localEndPoint: 127.0.0.1:54828
TpTrace Verbose: 0 : 1920, 4, 2024/01/24, 14:05:16.337, 536876423423, vstest.console.dll, MulticastDelegateUtilities.SafeInvoke: InternalTestLoggerEvents.SendTestResult: Invoking callback 1/1 for Microsoft.VisualStudio.TestPlatform.CommandLine.Internal.ConsoleLogger., took 0 ms.
TpTrace Verbose: 0 : 1920, 4, 2024/01/24, 14:05:16.337, 536876423823, vstest.console.dll, MulticastDelegateUtilities.SafeInvoke: InternalTestLoggerEvents.SendTestResult: Invoking callback 1/1 for Microsoft.VisualStudio.TestPlatform.CommandLine.Internal.ConsoleLogger., took 0 ms.
TpTrace Verbose: 0 : 1920, 4, 2024/01/24, 14:05:16.337, 536876424159, vstest.console.dll, MulticastDelegateUtilities.SafeInvoke: InternalTestLoggerEvents.SendTestResult: Invoking callback 1/1 for Microsoft.VisualStudio.TestPlatform.CommandLine.Internal.ConsoleLogger., took 0 ms.
TpTrace Verbose: 0 : 1920, 4, 2024/01/24, 14:05:16.337, 536876424501, vstest.console.dll, MulticastDelegateUtilities.SafeInvoke: InternalTestLoggerEvents.SendTestResult: Invoking callback 1/1 for Microsoft.VisualStudio.TestPlatform.CommandLine.Internal.ConsoleLogger., took 0 ms.
TpTrace Verbose: 0 : 1920, 4, 2024/01/24, 14:05:16.337, 536876424832, vstest.console.dll, MulticastDelegateUtilities.SafeInvoke: InternalTestLoggerEvents.SendTestResult: Invoking callback 1/1 for Microsoft.VisualStudio.TestPlatform.CommandLine.Internal.ConsoleLogger., took 0 ms.
TpTrace Verbose: 0 : 1920, 4, 2024/01/24, 14:05:16.337, 536876425153, vstest.console.dll, MulticastDelegateUtilities.SafeInvoke: InternalTestLoggerEvents.SendTestResult: Invoking callback 1/1 for Microsoft.VisualStudio.TestPlatform.CommandLine.Internal.ConsoleLogger., took 0 ms.
TpTrace Verbose: 0 : 1920, 4, 2024/01/24, 14:05:16.337, 536876425589, vstest.console.dll, MulticastDelegateUtilities.SafeInvoke: InternalTestLoggerEvents.SendTestResult: Invoking callback 1/1 for Microsoft.VisualStudio.TestPlatform.CommandLine.Internal.ConsoleLogger., took 0 ms.
TpTrace Verbose: 0 : 1920, 7, 2024/01/24, 14:05:16.366, 536876718325, vstest.console.dll, TcpClientExtensions.MessageLoopAsync: NotifyDataAvailable remoteEndPoint: 127.0.0.1:54829 localEndPoint: 127.0.0.1:54828
TpTrace Verbose: 0 : 1920, 7, 2024/01/24, 14:05:16.367, 536876719849, vstest.console.dll, TestRequestSender.OnExecutionMessageReceived: Received message: {"Version":7,"MessageType":"TestSession.Message","Payload":{"MessageLevel":0,"Message":"[xUnit.net 00:00:00.44]   Finished:    InsuranceManagement.UnitTests"}}
TpTrace Verbose: 0 : 1920, 7, 2024/01/24, 14:05:16.367, 536876721367, vstest.console.dll, TestRunRequest:SendTestRunMessage: Starting.
TpTrace Verbose: 0 : 1920, 7, 2024/01/24, 14:05:16.367, 536876722019, vstest.console.dll, MulticastDelegateUtilities.SafeInvoke: TestRun.LogMessages: Invoking callback 1/1 for Microsoft.VisualStudio.TestPlatform.CommandLine.TestRunResultAggregator., took 0 ms.
TpTrace Information: 0 : 1920, 7, 2024/01/24, 14:05:16.367, 536876722777, vstest.console.dll, TestRunRequest:SendTestRunMessage: Completed.
TpTrace Verbose: 0 : 1920, 4, 2024/01/24, 14:05:16.367, 536876722914, vstest.console.dll, MulticastDelegateUtilities.SafeInvoke: InternalTestLoggerEvents.SendTestRunMessage: Invoking callback 1/1 for Microsoft.VisualStudio.TestPlatform.CommandLine.Internal.ConsoleLogger., took 0 ms.
TpTrace Verbose: 0 : 1920, 7, 2024/01/24, 14:05:16.367, 536876723282, vstest.console.dll, MulticastDelegateUtilities.SafeInvoke: LengthPrefixCommunicationChannel: MessageReceived: Invoking callback 1/1 for Microsoft.VisualStudio.TestPlatform.CommunicationUtilities.TestRequestSender+<>c__DisplayClass34_0., took 0 ms.
TpTrace Verbose: 0 : 1920, 7, 2024/01/24, 14:05:16.367, 536876724274, vstest.console.dll, TcpClientExtensions.MessageLoopAsync: Polling on remoteEndPoint: 127.0.0.1:54829 localEndPoint: 127.0.0.1:54828
TpTrace Verbose: 0 : 1920, 7, 2024/01/24, 14:05:16.379, 536876842792, vstest.console.dll, TcpClientExtensions.MessageLoopAsync: NotifyDataAvailable remoteEndPoint: 127.0.0.1:54829 localEndPoint: 127.0.0.1:54828
TpTrace Verbose: 0 : 1920, 7, 2024/01/24, 14:05:16.379, 536876844321, vstest.console.dll, TestRequestSender.OnExecutionMessageReceived: Received message: {"Version":7,"MessageType":"TestExecution.Completed","Payload":{"TestRunCompleteArgs":{"TestRunStatistics":{"ExecutedTests":32,"Stats":{"Passed":31,"Failed":1}},"IsCanceled":false,"IsAborted":false,"Error":null,"AttachmentSets":[],"InvokedDataCollectors":[],"ElapsedTimeInRunningTests":"00:00:00.4561334","Metrics":{},"DiscoveredExtensions":{"TestDiscoverers":["Xunit.Runner.VisualStudio.VsTestRunner, xunit.runner.visualstudio.testadapter, Version=2.5.6.0, Culture=neutral, PublicKeyToken=null"],"TestExecutors":["executor://xunit/VsTestRunner2/netcoreapp"],"TestExecutors2":[],"TestSettingsProviders":[]}},"LastRunTests":{"NewTestResults":[{"TestCase":{"Id":"fee3a220-0b57-7ce3-210b-e2f9f6de63fa","FullyQualifiedName":"InsuranceManagement.UnitTests.UnitTestServices.UserServiceTests.GetAllPaging_BasePagingResponse","DisplayName":"InsuranceManagement.UnitTests.UnitTestServices.UserServiceTests.GetAllPaging_BasePagingResponse","ExecutorUri":"executor://xunit/VsTestRunner2/netcoreapp","Source":"D:\\NhatNam\\4th\\HK1\\PTUDHTTT_HD\\project\\Code\\backend\\InsuranceManagement.UnitTests\\bin\\Debug\\net7.0\\fine-code-coverage\\build-output\\InsuranceManagement.UnitTests.dll","CodeFilePath":null,"LineNumber":0,"Properties":[]},"Attachments":[],"Outcome":1,"ErrorMessage":null,"ErrorStackTrace":null,"DisplayName":"InsuranceManagement.UnitTests.UnitTestServices.UserServiceTests.GetAllPaging_BasePagingResponse","Messages":[],"ComputerName":"HP","Duration":"00:00:00.0124667","StartTime":"2024-01-24T07:05:16.3385557+00:00","EndTime":"2024-01-24T07:05:16.3385559+00:00","Properties":[]},{"TestCase":{"Id":"4f673a2d-cc3f-5c47-16c8-1cd49f28a60a","FullyQualifiedName":"InsuranceManagement.UnitTests.UnitTestServices.InsuranceServiceTests.GetAllInsurances_ReturnsInsurances","DisplayName":"InsuranceManagement.UnitTests.UnitTestServices.InsuranceServiceTests.GetAllInsurances_ReturnsInsurances","ExecutorUri":"executor://xunit/VsTestRunner2/netcoreapp","Source":"D:\\NhatNam\\4th\\HK1\\PTUDHTTT_HD\\project\\Code\\backend\\InsuranceManagement.UnitTests\\bin\\Debug\\net7.0\\fine-code-coverage\\build-output\\InsuranceManagement.UnitTests.dll","CodeFilePath":null,"LineNumber":0,"Properties":[]},"Attachments":[],"Outcome":1,"ErrorMessage":null,"ErrorStackTrace":null,"DisplayName":"InsuranceManagement.UnitTests.UnitTestServices.InsuranceServiceTests.GetAllInsurances_ReturnsInsurances","Messages":[],"ComputerName":"HP","Duration":"00:00:00.0103240","StartTime":"2024-01-24T07:05:16.345331+00:00","EndTime":"2024-01-24T07:05:16.3453311+00:00","Properties":[]},{"TestCase":{"Id":"3c917731-24ca-0cc9-ecdb-0084e738de3a","FullyQualifiedName":"InsuranceManagement.UnitTests.UnitTestServices.UserServiceTests.SearchUserByEmail_BasePagingResponse","DisplayName":"InsuranceManagement.UnitTests.UnitTestServices.UserServiceTests.SearchUserByEmail_BasePagingResponse","ExecutorUri":"executor://xunit/VsTestRunner2/netcoreapp","Source":"D:\\NhatNam\\4th\\HK1\\PTUDHTTT_HD\\project\\Code\\backend\\InsuranceManagement.UnitTests\\bin\\Debug\\net7.0\\fine-code-coverage\\build-output\\InsuranceManagement.UnitTests.dll","CodeFilePath":null,"LineNumber":0,"Properties":[]},"Attachments":[],"Outcome":1,"ErrorMessage":null,"ErrorStackTrace":null,"DisplayName":"InsuranceManagement.UnitTests.UnitTestServices.UserServiceTests.SearchUserByEmail_BasePagingResponse","Messages":[],"ComputerName":"HP","Duration":"00:00:00.0103332","StartTime":"2024-01-24T07:05:16.3489832+00:00","EndTime":"2024-01-24T07:05:16.3489834+00:00","Properties":[]},{"TestCase":{"Id":"7aa9ac7e-67b4-d25c-647c-22c0563ce763","FullyQualifiedName":"InsuranceManagement.UnitTests.UnitTestServices.UserServiceTests.Register_Failed_ExistsingEmail","DisplayName":"InsuranceManagement.UnitTests.UnitTestServices.UserServiceTests.Register_Failed_ExistsingEmail","ExecutorUri":"executor://xunit/VsTestRunner2/netcoreapp","Source":"D:\\NhatNam\\4th\\HK1\\PTUDHTTT_HD\\project\\Code\\backend\\InsuranceManagement.UnitTests\\bin\\Debug\\net7.0\\fine-code-coverage\\build-output\\InsuranceManagement.UnitTests.dll","CodeFilePath":null,"LineNumber":0,"Properties":[]},"Attachments":[],"Outcome":1,"ErrorMessage":null,"ErrorStackTrace":null,"DisplayName":"InsuranceManagement.UnitTests.UnitTestServices.UserServiceTests.Register_Failed_ExistsingEmail","Messages":[],"ComputerName":"HP","Duration":"00:00:00.0055950","StartTime":"2024-01-24T07:05:16.3546653+00:00","EndTime":"2024-01-24T07:05:16.3546655+00:00","Properties":[]},{"TestCase":{"Id":"c80d7e96-183a-17f4-fe16-e1b9d5937ad7","FullyQualifiedName":"InsuranceManagement.UnitTests.UnitTestServices.UserServiceTests.Update_Success","DisplayName":"InsuranceManagement.UnitTests.UnitTestServices.UserServiceTests.Update_Success","ExecutorUri":"executor://xunit/VsTestRunner2/netcoreapp","Source":"D:\\NhatNam\\4th\\HK1\\PTUDHTTT_HD\\project\\Code\\backend\\InsuranceManagement.UnitTests\\bin\\Debug\\net7.0\\fine-code-coverage\\build-output\\InsuranceManagement.UnitTests.dll","CodeFilePath":null,"LineNumber":0,"Properties":[]},"Attachments":[],"Outcome":1,"ErrorMessage":null,"ErrorStackTrace":null,"DisplayName":"InsuranceManagement.UnitTests.UnitTestServices.UserServiceTests.Update_Success","Messages":[],"ComputerName":"HP","Duration":"00:00:00.0083440","StartTime":"2024-01-24T07:05:16.3630936+00:00","EndTime":"2024-01-24T07:05:16.3630938+00:00","Properties":[]}],"TestRunStatistics":{"ExecutedTests":32,"Stats":{"Passed":31,"Failed":1}},"ActiveTests":[]},"RunAttachments":[],"ExecutorUris":["executor://xunit/VsTestRunner2/netcoreapp"]}}
TpTrace Verbose: 0 : 1920, 7, 2024/01/24, 14:05:16.379, 536876845193, vstest.console.dll, TestRequestSender.EndSession: Sending end session.
TpTrace Verbose: 0 : 1920, 7, 2024/01/24, 14:05:16.379, 536876846720, vstest.console.dll, ProxyOperationManager.Close: waiting for test host to exit for 100 ms
TpTrace Verbose: 0 : 1920, 11, 2024/01/24, 14:05:16.401, 536877062388, vstest.console.dll, TestHostManagerCallbacks.ctor: Experimental forwarding output is disabled.
TpTrace Warning: 0 : 1920, 11, 2024/01/24, 14:05:16.401, 536877063383, vstest.console.dll, TestHostManagerCallbacks.ErrorReceivedCallback Test host standard error line: 
TpTrace Verbose: 0 : 1920, 11, 2024/01/24, 14:05:16.409, 536877148711, vstest.console.dll, TestHostProvider.ExitCallBack: Host exited starting callback.
TpTrace Information: 0 : 1920, 11, 2024/01/24, 14:05:16.410, 536877150228, vstest.console.dll, TestHostManagerCallbacks.ExitCallBack: Testhost processId: 11084 exited with exitcode: 0 error: ''
TpTrace Verbose: 0 : 1920, 11, 2024/01/24, 14:05:16.410, 536877150628, vstest.console.dll, DotnetTestHostManager.OnHostExited: invoking OnHostExited callback
TpTrace Verbose: 0 : 1920, 11, 2024/01/24, 14:05:16.410, 536877151036, vstest.console.dll, CrossPlatEngine.TestHostManagerHostExited: calling on client process exit callback.
TpTrace Information: 0 : 1920, 11, 2024/01/24, 14:05:16.410, 536877151472, vstest.console.dll, TestRequestSender.OnClientProcessExit: Test host process exited. Standard error: 
TpTrace Information: 0 : 1920, 11, 2024/01/24, 14:05:16.410, 536877151898, vstest.console.dll, SocketServer.Stop: Stop server endPoint: 127.0.0.1:54828
TpTrace Information: 0 : 1920, 11, 2024/01/24, 14:05:16.410, 536877152133, vstest.console.dll, SocketServer.Stop: Cancellation requested. Stopping message loop.
TpTrace Information: 0 : 1920, 7, 2024/01/24, 14:05:16.410, 536877152851, vstest.console.dll, SocketServer.Stop: Stop server endPoint: 127.0.0.1:54828
TpTrace Verbose: 0 : 1920, 11, 2024/01/24, 14:05:16.410, 536877152944, vstest.console.dll, MulticastDelegateUtilities.SafeInvoke: HostProviderEvents.OnHostExited: Invoking callback 1/1 for Microsoft.VisualStudio.TestPlatform.CrossPlatEngine.Client.ProxyOperationManager., took 0 ms.
TpTrace Information: 0 : 1920, 7, 2024/01/24, 14:05:16.410, 536877153384, vstest.console.dll, SocketServer.Stop: Cancellation requested. Stopping message loop.
TpTrace Information: 0 : 1920, 7, 2024/01/24, 14:05:16.410, 536877154133, vstest.console.dll, Closing the connection
TpTrace Verbose: 0 : 1920, 7, 2024/01/24, 14:05:16.410, 536877156282, vstest.console.dll, ProxyDataCollectionManager.InvokeDataCollectionServiceAction: Starting.
TpTrace Information: 0 : 1920, 7, 2024/01/24, 14:05:16.410, 536877156791, vstest.console.dll, ProxyDataCollectionManager.AfterTestRunEnd: Get attachment set and invoked data collectors processId: 19428 port: 54825
TpTrace Verbose: 0 : 1920, 7, 2024/01/24, 14:05:16.410, 536877157210, vstest.console.dll, DataCollectionRequestSender.SendAfterTestRunStartAndGetResult: Send AfterTestRunEnd message with isCancelled: False
TpTrace Verbose: 0 : 1920, 7, 2024/01/24, 14:05:16.420, 536877256992, vstest.console.dll, DataCollectionRequestSender.SendAfterTestRunStartAndGetResult: Received message: (DataCollection.AfterTestRunEndResult) -> {"MessageType":"DataCollection.AfterTestRunEndResult","Payload":{"AttachmentSets":[],"InvokedDataCollectors":[{"Uri":"datacollector://Microsoft/TestPlatform/Extensions/Blame/v1","FriendlyName":"Blame","AssemblyQualifiedName":"Microsoft.TestPlatform.Extensions.BlameDataCollector.BlameCollector, Microsoft.TestPlatform.Extensions.BlameDataCollector, Version=15.0.0.0, Culture=neutral, PublicKeyToken=b03f5f7f11d50a3a","FilePath":"C:\\Program Files\\dotnet\\sdk\\7.0.403\\Extensions\\Microsoft.TestPlatform.Extensions.BlameDataCollector.dll","HasAttachmentProcessor":false}],"Metrics":{}}}
TpTrace Information: 0 : 1920, 7, 2024/01/24, 14:05:16.425, 536877305707, vstest.console.dll, ProxyDataCollectionManager.InvokeDataCollectionServiceAction: Completed.
TpTrace Warning: 0 : 1920, 10, 2024/01/24, 14:05:16.433, 536877380924, vstest.console.dll, DataCollectionLauncher.ErrorReceivedCallback datacollector standard error line: 
TpTrace Information: 0 : 1920, 10, 2024/01/24, 14:05:16.438, 536877434726, vstest.console.dll, DataCollectionLauncher.ExitCallBack: Data collector exited with exitcode: 0 error: ''
TpTrace Verbose: 0 : 1920, 7, 2024/01/24, 14:05:16.462, 536877675679, vstest.console.dll, TestRunRequest:SendTestRunStatsChange: Starting.
TpTrace Verbose: 0 : 1920, 7, 2024/01/24, 14:05:16.462, 536877676943, vstest.console.dll, MulticastDelegateUtilities.SafeInvoke: TestRun.RunStatsChanged: Invoking callbacks was skipped because there are no subscribers.
TpTrace Information: 0 : 1920, 7, 2024/01/24, 14:05:16.462, 536877677305, vstest.console.dll, TestRunRequest:SendTestRunStatsChange: Completed.
TpTrace Verbose: 0 : 1920, 4, 2024/01/24, 14:05:16.462, 536877677999, vstest.console.dll, MulticastDelegateUtilities.SafeInvoke: InternalTestLoggerEvents.SendTestResult: Invoking callback 1/1 for Microsoft.VisualStudio.TestPlatform.CommandLine.Internal.ConsoleLogger., took 0 ms.
TpTrace Verbose: 0 : 1920, 4, 2024/01/24, 14:05:16.462, 536877678694, vstest.console.dll, MulticastDelegateUtilities.SafeInvoke: InternalTestLoggerEvents.SendTestResult: Invoking callback 1/1 for Microsoft.VisualStudio.TestPlatform.CommandLine.Internal.ConsoleLogger., took 0 ms.
TpTrace Verbose: 0 : 1920, 4, 2024/01/24, 14:05:16.462, 536877679169, vstest.console.dll, MulticastDelegateUtilities.SafeInvoke: InternalTestLoggerEvents.SendTestResult: Invoking callback 1/1 for Microsoft.VisualStudio.TestPlatform.CommandLine.Internal.ConsoleLogger., took 0 ms.
TpTrace Verbose: 0 : 1920, 4, 2024/01/24, 14:05:16.462, 536877679571, vstest.console.dll, MulticastDelegateUtilities.SafeInvoke: InternalTestLoggerEvents.SendTestResult: Invoking callback 1/1 for Microsoft.VisualStudio.TestPlatform.CommandLine.Internal.ConsoleLogger., took 0 ms.
TpTrace Verbose: 0 : 1920, 4, 2024/01/24, 14:05:16.463, 536877679900, vstest.console.dll, MulticastDelegateUtilities.SafeInvoke: InternalTestLoggerEvents.SendTestResult: Invoking callback 1/1 for Microsoft.VisualStudio.TestPlatform.CommandLine.Internal.ConsoleLogger., took 0 ms.
TpTrace Verbose: 0 : 1920, 7, 2024/01/24, 14:05:16.463, 536877681173, vstest.console.dll, ParallelProxyExecutionManager: HandlePartialRunComplete: Total workloads = 1, Total started clients = 1 Total completed clients = 1, Run complete = True, Run canceled: False.
TpTrace Verbose: 0 : 1920, 7, 2024/01/24, 14:05:16.463, 536877681541, vstest.console.dll, ParallelProxyExecutionManager: HandlePartialRunComplete: All runs completed stopping all managers.
TpTrace Verbose: 0 : 1920, 7, 2024/01/24, 14:05:16.463, 536877681912, vstest.console.dll, ParallelOperationManager.StopAllManagers: Stopping all managers.
TpTrace Verbose: 0 : 1920, 7, 2024/01/24, 14:05:16.463, 536877682226, vstest.console.dll, ParallelOperationManager.ClearSlots: Clearing all slots. Slots should accept more work: False
TpTrace Verbose: 0 : 1920, 7, 2024/01/24, 14:05:16.463, 536877682551, vstest.console.dll, ParallelOperationManager.SetOccupiedSlotCount: Setting slot counts AvailableSlotCount = 1, OccupiedSlotCount = 0.
TpTrace Verbose: 0 : 1920, 7, 2024/01/24, 14:05:16.463, 536877683029, vstest.console.dll, Occupied slots:

TpTrace Verbose: 0 : 1920, 4, 2024/01/24, 14:05:16.471, 536877766699, vstest.console.dll, MulticastDelegateUtilities.SafeInvoke: InternalTestLoggerEvents.SendTestRunComplete: Invoking callback 1/2 for Microsoft.TestPlatform.Extensions.BlameDataCollector.BlameLogger., took 0 ms.
TpTrace Verbose: 0 : 1920, 4, 2024/01/24, 14:05:16.476, 536877818278, vstest.console.dll, MulticastDelegateUtilities.SafeInvoke: InternalTestLoggerEvents.SendTestRunComplete: Invoking callback 2/2 for Microsoft.VisualStudio.TestPlatform.CommandLine.Internal.ConsoleLogger., took 5 ms.
TpTrace Verbose: 0 : 1920, 7, 2024/01/24, 14:05:16.477, 536877822243, vstest.console.dll, TestRunRequest:TestRunComplete: Starting. IsAborted:False IsCanceled:False.
TpTrace Verbose: 0 : 1920, 7, 2024/01/24, 14:05:16.477, 536877823563, vstest.console.dll, ParallelOperationManager.DoActionOnAllManagers: Calling an action on all managers.
TpTrace Verbose: 0 : 1920, 7, 2024/01/24, 14:05:16.478, 536877832644, vstest.console.dll, TestLoggerManager.HandleTestRunComplete: Ignoring as the object is disposed.
TpTrace Verbose: 0 : 1920, 7, 2024/01/24, 14:05:16.478, 536877834528, vstest.console.dll, MulticastDelegateUtilities.SafeInvoke: TestRun.TestRunComplete: Invoking callback 1/2 for Microsoft.VisualStudio.TestPlatform.CommandLine.TestRunResultAggregator., took 0 ms.
TpTrace Verbose: 0 : 1920, 7, 2024/01/24, 14:05:16.478, 536877835912, vstest.console.dll, MulticastDelegateUtilities.SafeInvoke: TestRun.TestRunComplete: Invoking callback 2/2 for Microsoft.VisualStudio.TestPlatform.CommandLine.Processors.RunTestsArgumentExecutor+TestRunRequestEventsRegistrar., took 0 ms.
TpTrace Information: 0 : 1920, 7, 2024/01/24, 14:05:16.478, 536877836937, vstest.console.dll, TestRunRequest:TestRunComplete: Completed.
TpTrace Verbose: 0 : 1920, 7, 2024/01/24, 14:05:16.478, 536877837354, vstest.console.dll, TestRequestSender.SetOperationComplete: Setting operation complete.
TpTrace Information: 0 : 1920, 7, 2024/01/24, 14:05:16.478, 536877837650, vstest.console.dll, SocketServer.Stop: Stop server endPoint: 127.0.0.1:54828
TpTrace Verbose: 0 : 1920, 1, 2024/01/24, 14:05:16.478, 536877837408, vstest.console.dll, TestRunRequest.Dispose: Starting.
TpTrace Information: 0 : 1920, 1, 2024/01/24, 14:05:16.478, 536877838429, vstest.console.dll, TestRunRequest.Dispose: Completed.
TpTrace Information: 0 : 1920, 7, 2024/01/24, 14:05:16.478, 536877837880, vstest.console.dll, SocketServer.Stop: Cancellation requested. Stopping message loop.
TpTrace Verbose: 0 : 1920, 7, 2024/01/24, 14:05:16.478, 536877839191, vstest.console.dll, MulticastDelegateUtilities.SafeInvoke: LengthPrefixCommunicationChannel: MessageReceived: Invoking callback 1/1 for Microsoft.VisualStudio.TestPlatform.CommunicationUtilities.TestRequestSender+<>c__DisplayClass34_0., took 99 ms.
TpTrace Information: 0 : 1920, 1, 2024/01/24, 14:05:16.478, 536877839293, vstest.console.dll, TestRequestManager.RunTests: run tests completed.
TpTrace Information: 0 : 1920, 7, 2024/01/24, 14:05:16.478, 536877839676, vstest.console.dll, SocketServer.PrivateStop: Stopping server endPoint: 127.0.0.1:54828 error: 
TpTrace Information: 0 : 1920, 1, 2024/01/24, 14:05:16.479, 536877840906, vstest.console.dll, RunTestsArgumentProcessor:Execute: Test run is completed.
TpTrace Verbose: 0 : 1920, 1, 2024/01/24, 14:05:16.479, 536877842693, vstest.console.dll, Executor.Execute: Exiting with exit code of 1
TpTrace Verbose: 0 : 1920, 7, 2024/01/24, 14:05:16.479, 536877843673, vstest.console.dll, LengthPrefixCommunicationChannel.Dispose: Dispose reader and writer.
TpTrace Information: 0 : 1920, 7, 2024/01/24, 14:05:16.479, 536877844298, vstest.console.dll, SocketServer.Stop: Raise disconnected event endPoint: 127.0.0.1:54828 error: 
TpTrace Verbose: 0 : 1920, 7, 2024/01/24, 14:05:16.479, 536877845140, vstest.console.dll, TestRequestSender: OnTestRunAbort: Operation is already complete. Skip error message.
TpTrace Verbose: 0 : 1920, 7, 2024/01/24, 14:05:16.479, 536877845517, vstest.console.dll, MulticastDelegateUtilities.SafeInvoke: SocketServer: ClientDisconnected: Invoking callback 1/1 for Microsoft.VisualStudio.TestPlatform.CommunicationUtilities.TestRequestSender., took 0 ms.
TpTrace Verbose: 0 : 1920, 7, 2024/01/24, 14:05:16.479, 536877845786, vstest.console.dll, TcpClientExtensions.MessageLoopAsync: exiting MessageLoopAsync remoteEndPoint: 127.0.0.1:54829 localEndPoint: 127.0.0.1:54828
